<?xml version="1.0" encoding="UTF-8"?>
<testsuites name="jest tests" tests="661" failures="0" errors="0" time="4.277">
  <testsuite name="Button" errors="0" failures="0" skipped="0" timestamp="2026-01-17T02:54:42" time="2.38" tests="22">
    <testcase classname="Button rendering renders correctly with text children" name="Button rendering renders correctly with text children" time="0.026">
    </testcase>
    <testcase classname="Button rendering renders with primary variant by default" name="Button rendering renders with primary variant by default" time="0.003">
    </testcase>
    <testcase classname="Button rendering renders with secondary variant" name="Button rendering renders with secondary variant" time="0.003">
    </testcase>
    <testcase classname="Button rendering renders with cta variant" name="Button rendering renders with cta variant" time="0.005">
    </testcase>
    <testcase classname="Button rendering renders with accent variant" name="Button rendering renders with accent variant" time="0.002">
    </testcase>
    <testcase classname="Button interactions calls onPress when pressed" name="Button interactions calls onPress when pressed" time="0.005">
    </testcase>
    <testcase classname="Button interactions does not call onPress when disabled" name="Button interactions does not call onPress when disabled" time="0.003">
    </testcase>
    <testcase classname="Button interactions does not call onPress when loading" name="Button interactions does not call onPress when loading" time="0.009">
    </testcase>
    <testcase classname="Button interactions calls onPressIn handler" name="Button interactions calls onPressIn handler" time="0.004">
    </testcase>
    <testcase classname="Button interactions calls onPressOut handler" name="Button interactions calls onPressOut handler" time="0.005">
    </testcase>
    <testcase classname="Button loading state shows loading indicator when loading" name="Button loading state shows loading indicator when loading" time="0.016">
    </testcase>
    <testcase classname="Button loading state shows text when not loading" name="Button loading state shows text when not loading" time="0.006">
    </testcase>
    <testcase classname="Button disabled state applies disabled styles when disabled" name="Button disabled state applies disabled styles when disabled" time="0.006">
    </testcase>
    <testcase classname="Button disabled state applies disabled styles when loading" name="Button disabled state applies disabled styles when loading" time="0.004">
    </testcase>
    <testcase classname="Button accessibility has button accessibility role" name="Button accessibility has button accessibility role" time="0.005">
    </testcase>
    <testcase classname="Button accessibility indicates disabled state to screen readers" name="Button accessibility indicates disabled state to screen readers" time="0.004">
    </testcase>
    <testcase classname="Button accessibility accepts custom accessibilityLabel" name="Button accessibility accepts custom accessibilityLabel" time="0.004">
    </testcase>
    <testcase classname="Button accessibility accepts custom accessibilityHint" name="Button accessibility accepts custom accessibilityHint" time="0.004">
    </testcase>
    <testcase classname="Button styling applies fullWidth style by default" name="Button styling applies fullWidth style by default" time="0.003">
    </testcase>
    <testcase classname="Button styling does not apply fullWidth when false" name="Button styling does not apply fullWidth when false" time="0.005">
    </testcase>
    <testcase classname="Button styling accepts custom style prop" name="Button styling accepts custom style prop" time="0.004">
    </testcase>
    <testcase classname="Button styling accepts custom textStyle prop" name="Button styling accepts custom textStyle prop" time="0.006">
    </testcase>
  </testsuite>
  <testsuite name="usePendingQuotes" errors="0" failures="0" skipped="0" timestamp="2026-01-17T02:54:42" time="2.38" tests="25">
    <testcase classname="usePendingQuotes fetches pending quotes" name="usePendingQuotes fetches pending quotes" time="0.085">
    </testcase>
    <testcase classname="useEventQuotes fetches quotes for specific event" name="useEventQuotes fetches quotes for specific event" time="0.062">
    </testcase>
    <testcase classname="useEventQuotes does not fetch when eventId is 0" name="useEventQuotes does not fetch when eventId is 0" time="0.002">
    </testcase>
    <testcase classname="useQuote fetches single quote by ID" name="useQuote fetches single quote by ID" time="0.057">
    </testcase>
    <testcase classname="useQuote does not fetch when ID is 0" name="useQuote does not fetch when ID is 0" time="0.002">
    </testcase>
    <testcase classname="useQuote handles 404 for non-existent quote" name="useQuote handles 404 for non-existent quote" time="0.131">
    </testcase>
    <testcase classname="useQuotes fetches quotes with pagination" name="useQuotes fetches quotes with pagination" time="0.058">
    </testcase>
    <testcase classname="useQuotes applies filters when provided" name="useQuotes applies filters when provided" time="0.056">
    </testcase>
    <testcase classname="useAcceptQuote accepts quote successfully" name="useAcceptQuote accepts quote successfully" time="0.067">
    </testcase>
    <testcase classname="useAcceptQuote handles accept error and rolls back" name="useAcceptQuote handles accept error and rolls back" time="0.012">
    </testcase>
    <testcase classname="useAcceptQuote performs optimistic update before API response" name="useAcceptQuote performs optimistic update before API response" time="0.164">
    </testcase>
    <testcase classname="useRejectQuote rejects quote successfully" name="useRejectQuote rejects quote successfully" time="0.034">
    </testcase>
    <testcase classname="useRejectQuote handles reject error" name="useRejectQuote handles reject error" time="0.012">
    </testcase>
    <testcase classname="quoteKeys generates correct key for all quotes" name="quoteKeys generates correct key for all quotes" time="0.002">
    </testcase>
    <testcase classname="quoteKeys generates correct key for quote list" name="quoteKeys generates correct key for quote list" time="0.002">
    </testcase>
    <testcase classname="quoteKeys generates correct key for filtered list" name="quoteKeys generates correct key for filtered list" time="0.002">
    </testcase>
    <testcase classname="quoteKeys generates correct key for pending quotes" name="quoteKeys generates correct key for pending quotes" time="0.001">
    </testcase>
    <testcase classname="quoteKeys generates correct key for quote detail" name="quoteKeys generates correct key for quote detail" time="0.002">
    </testcase>
    <testcase classname="quoteKeys generates correct key for event quotes" name="quoteKeys generates correct key for event quotes" time="0.002">
    </testcase>
    <testcase classname="getQuoteUrgency returns critical for expired quote" name="getQuoteUrgency returns critical for expired quote" time="0.002">
    </testcase>
    <testcase classname="getQuoteUrgency returns critical for quote expiring today" name="getQuoteUrgency returns critical for quote expiring today" time="0.002">
    </testcase>
    <testcase classname="getQuoteUrgency returns critical for quote expiring tomorrow" name="getQuoteUrgency returns critical for quote expiring tomorrow" time="0">
    </testcase>
    <testcase classname="getQuoteUrgency returns high for quote expiring in 3 days" name="getQuoteUrgency returns high for quote expiring in 3 days" time="0.002">
    </testcase>
    <testcase classname="getQuoteUrgency returns medium for quote expiring in 7 days" name="getQuoteUrgency returns medium for quote expiring in 7 days" time="0.002">
    </testcase>
    <testcase classname="getQuoteUrgency returns low for quote expiring in 10+ days" name="getQuoteUrgency returns low for quote expiring in 10+ days" time="0.002">
    </testcase>
  </testsuite>
  <testsuite name="Date Formatting" errors="0" failures="0" skipped="0" timestamp="2026-01-17T02:54:42" time="2.424" tests="81">
    <testcase classname="Date Formatting parseDate parses valid ISO date string" name="Date Formatting parseDate parses valid ISO date string" time="0.007">
    </testcase>
    <testcase classname="Date Formatting parseDate returns null for null input" name="Date Formatting parseDate returns null for null input" time="0.001">
    </testcase>
    <testcase classname="Date Formatting parseDate returns null for undefined input" name="Date Formatting parseDate returns null for undefined input" time="0.001">
    </testcase>
    <testcase classname="Date Formatting parseDate returns null for empty string" name="Date Formatting parseDate returns null for empty string" time="0.001">
    </testcase>
    <testcase classname="Date Formatting parseDate returns null for invalid date string" name="Date Formatting parseDate returns null for invalid date string" time="0.001">
    </testcase>
    <testcase classname="Date Formatting formatDate formats date with default format" name="Date Formatting formatDate formats date with default format" time="0.002">
    </testcase>
    <testcase classname="Date Formatting formatDate formats date with custom format" name="Date Formatting formatDate formats date with custom format" time="0.003">
    </testcase>
    <testcase classname="Date Formatting formatDate returns empty string for null input" name="Date Formatting formatDate returns empty string for null input" time="0.001">
    </testcase>
    <testcase classname="Date Formatting formatDate returns empty string for invalid date" name="Date Formatting formatDate returns empty string for invalid date" time="0.001">
    </testcase>
    <testcase classname="Date Formatting formatEventDate formats single day event" name="Date Formatting formatEventDate formats single day event" time="0.002">
    </testcase>
    <testcase classname="Date Formatting formatEventDate returns Date TBD for null" name="Date Formatting formatEventDate returns Date TBD for null" time="0.002">
    </testcase>
    <testcase classname="Date Formatting formatEventDate formats date range for multi-day event" name="Date Formatting formatEventDate formats date range for multi-day event" time="0.001">
    </testcase>
    <testcase classname="Date Formatting formatEventDate formats same-day event without range" name="Date Formatting formatEventDate formats same-day event without range" time="0.014">
    </testcase>
    <testcase classname="Date Formatting formatCardDate formats date for card display" name="Date Formatting formatCardDate formats date for card display" time="0.002">
    </testcase>
    <testcase classname="Date Formatting formatCardDate returns empty string for null" name="Date Formatting formatCardDate returns empty string for null" time="0.002">
    </testcase>
    <testcase classname="Date Formatting formatDateWithDay includes day of week" name="Date Formatting formatDateWithDay includes day of week" time="0.002">
    </testcase>
    <testcase classname="Time Formatting formatTime formats datetime string" name="Time Formatting formatTime formats datetime string" time="0.001">
    </testcase>
    <testcase classname="Time Formatting formatTime formats simple time string (HH:mm)" name="Time Formatting formatTime formats simple time string (HH:mm)" time="0.001">
    </testcase>
    <testcase classname="Time Formatting formatTime returns empty string for null" name="Time Formatting formatTime returns empty string for null" time="0.002">
    </testcase>
    <testcase classname="Time Formatting formatTime returns empty string for empty string" name="Time Formatting formatTime returns empty string for empty string" time="0.002">
    </testcase>
    <testcase classname="Time Formatting formatTimeRange formats time range" name="Time Formatting formatTimeRange formats time range" time="0.002">
    </testcase>
    <testcase classname="Time Formatting formatTimeRange returns just start time if no end" name="Time Formatting formatTimeRange returns just start time if no end" time="0.001">
    </testcase>
    <testcase classname="Time Formatting formatTimeRange returns empty string if no start" name="Time Formatting formatTimeRange returns empty string if no start" time="0.002">
    </testcase>
    <testcase classname="Relative Time getRelativeTime returns relative time for past dates" name="Relative Time getRelativeTime returns relative time for past dates" time="0.003">
    </testcase>
    <testcase classname="Relative Time getRelativeTime returns empty string for null" name="Relative Time getRelativeTime returns empty string for null" time="0.001">
    </testcase>
    <testcase classname="Relative Time getRelativeTime returns empty string for invalid date" name="Relative Time getRelativeTime returns empty string for invalid date" time="0.002">
    </testcase>
    <testcase classname="Relative Time getRelativeTime returns formatted time for future dates" name="Relative Time getRelativeTime returns formatted time for future dates" time="0.002">
    </testcase>
    <testcase classname="Relative Time getDaysUntil returns days for future date" name="Relative Time getDaysUntil returns days for future date" time="0.003">
    </testcase>
    <testcase classname="Relative Time getDaysUntil returns 0 for today" name="Relative Time getDaysUntil returns 0 for today" time="0.004">
    </testcase>
    <testcase classname="Relative Time getDaysUntil returns null for past dates" name="Relative Time getDaysUntil returns null for past dates" time="0.001">
    </testcase>
    <testcase classname="Relative Time getDaysUntil returns null for null input" name="Relative Time getDaysUntil returns null for null input" time="0.002">
    </testcase>
    <testcase classname="Relative Time getEventCountdown returns &quot;Today!&quot; for event today" name="Relative Time getEventCountdown returns &quot;Today!&quot; for event today" time="0.001">
    </testcase>
    <testcase classname="Relative Time getEventCountdown returns &quot;Tomorrow&quot; for event tomorrow" name="Relative Time getEventCountdown returns &quot;Tomorrow&quot; for event tomorrow" time="0.003">
    </testcase>
    <testcase classname="Relative Time getEventCountdown returns &quot;X days away&quot; for events within a week" name="Relative Time getEventCountdown returns &quot;X days away&quot; for events within a week" time="0.004">
    </testcase>
    <testcase classname="Relative Time getEventCountdown returns &quot;X week(s) away&quot; for events within a month" name="Relative Time getEventCountdown returns &quot;X week(s) away&quot; for events within a month" time="0.001">
    </testcase>
    <testcase classname="Relative Time getEventCountdown returns &quot;X month(s) away&quot; for events within a year" name="Relative Time getEventCountdown returns &quot;X month(s) away&quot; for events within a year" time="0.002">
    </testcase>
    <testcase classname="Relative Time getEventCountdown returns null for events over a year away" name="Relative Time getEventCountdown returns null for events over a year away" time="0.002">
    </testcase>
    <testcase classname="Relative Time getEventCountdown returns null for past dates" name="Relative Time getEventCountdown returns null for past dates" time="0.002">
    </testcase>
    <testcase classname="Currency Formatting formatCurrency formats number as PHP currency" name="Currency Formatting formatCurrency formats number as PHP currency" time="0.007">
    </testcase>
    <testcase classname="Currency Formatting formatCurrency formats string amount" name="Currency Formatting formatCurrency formats string amount" time="0.002">
    </testcase>
    <testcase classname="Currency Formatting formatCurrency handles decimal amounts" name="Currency Formatting formatCurrency handles decimal amounts" time="0.002">
    </testcase>
    <testcase classname="Currency Formatting formatCurrency returns empty string for null" name="Currency Formatting formatCurrency returns empty string for null" time="0.002">
    </testcase>
    <testcase classname="Currency Formatting formatCurrency returns empty string for undefined" name="Currency Formatting formatCurrency returns empty string for undefined" time="0.002">
    </testcase>
    <testcase classname="Currency Formatting formatCurrency returns empty string for NaN" name="Currency Formatting formatCurrency returns empty string for NaN" time="0.003">
    </testcase>
    <testcase classname="Currency Formatting formatCurrency accepts custom currency" name="Currency Formatting formatCurrency accepts custom currency" time="0.001">
    </testcase>
    <testcase classname="Currency Formatting formatCurrency respects custom options" name="Currency Formatting formatCurrency respects custom options" time="0.002">
    </testcase>
    <testcase classname="Currency Formatting formatCompactCurrency formats thousands compactly" name="Currency Formatting formatCompactCurrency formats thousands compactly" time="0.003">
    </testcase>
    <testcase classname="Currency Formatting formatCompactCurrency formats millions compactly" name="Currency Formatting formatCompactCurrency formats millions compactly" time="0.002">
    </testcase>
    <testcase classname="Currency Formatting formatCompactCurrency returns empty string for null" name="Currency Formatting formatCompactCurrency returns empty string for null" time="0.001">
    </testcase>
    <testcase classname="Currency Formatting formatCompactCurrency returns empty string for NaN" name="Currency Formatting formatCompactCurrency returns empty string for NaN" time="0.002">
    </testcase>
    <testcase classname="Text Formatting truncateText returns full text if under limit" name="Text Formatting truncateText returns full text if under limit" time="0.001">
    </testcase>
    <testcase classname="Text Formatting truncateText truncates text with ellipsis" name="Text Formatting truncateText truncates text with ellipsis" time="0.002">
    </testcase>
    <testcase classname="Text Formatting truncateText handles exact length" name="Text Formatting truncateText handles exact length" time="0.002">
    </testcase>
    <testcase classname="Text Formatting truncateText handles empty string" name="Text Formatting truncateText handles empty string" time="0.001">
    </testcase>
    <testcase classname="Text Formatting titleCase capitalizes first letter of each word" name="Text Formatting titleCase capitalizes first letter of each word" time="0.003">
    </testcase>
    <testcase classname="Text Formatting titleCase handles uppercase input" name="Text Formatting titleCase handles uppercase input" time="0.001">
    </testcase>
    <testcase classname="Text Formatting titleCase handles single word" name="Text Formatting titleCase handles single word" time="0.001">
    </testcase>
    <testcase classname="Text Formatting titleCase handles empty string" name="Text Formatting titleCase handles empty string" time="0.002">
    </testcase>
    <testcase classname="Text Formatting formatStatus converts underscores to spaces and title cases" name="Text Formatting formatStatus converts underscores to spaces and title cases" time="0.002">
    </testcase>
    <testcase classname="Text Formatting formatStatus handles single word status" name="Text Formatting formatStatus handles single word status" time="0.001">
    </testcase>
    <testcase classname="Text Formatting formatStatus handles multiple underscores" name="Text Formatting formatStatus handles multiple underscores" time="0.002">
    </testcase>
    <testcase classname="Text Formatting pluralize returns singular for count of 1" name="Text Formatting pluralize returns singular for count of 1" time="0.002">
    </testcase>
    <testcase classname="Text Formatting pluralize returns plural for count of 0" name="Text Formatting pluralize returns plural for count of 0" time="0.002">
    </testcase>
    <testcase classname="Text Formatting pluralize returns plural for count &gt; 1" name="Text Formatting pluralize returns plural for count &gt; 1" time="0.002">
    </testcase>
    <testcase classname="Text Formatting pluralize uses custom plural form" name="Text Formatting pluralize uses custom plural form" time="0.002">
    </testcase>
    <testcase classname="Text Formatting pluralize uses custom plural for count 1" name="Text Formatting pluralize uses custom plural for count 1" time="0.001">
    </testcase>
    <testcase classname="Text Formatting formatCount formats count with singular" name="Text Formatting formatCount formats count with singular" time="0.002">
    </testcase>
    <testcase classname="Text Formatting formatCount formats count with plural" name="Text Formatting formatCount formats count with plural" time="0.001">
    </testcase>
    <testcase classname="Text Formatting formatCount formats count with custom plural" name="Text Formatting formatCount formats count with custom plural" time="0.002">
    </testcase>
    <testcase classname="Text Formatting formatCount formats zero count" name="Text Formatting formatCount formats zero count" time="0.002">
    </testcase>
    <testcase classname="File Size Formatting formatFileSize formats bytes" name="File Size Formatting formatFileSize formats bytes" time="0.002">
    </testcase>
    <testcase classname="File Size Formatting formatFileSize formats kilobytes" name="File Size Formatting formatFileSize formats kilobytes" time="0.004">
    </testcase>
    <testcase classname="File Size Formatting formatFileSize formats megabytes" name="File Size Formatting formatFileSize formats megabytes" time="0.002">
    </testcase>
    <testcase classname="File Size Formatting formatFileSize formats gigabytes" name="File Size Formatting formatFileSize formats gigabytes" time="0.001">
    </testcase>
    <testcase classname="File Size Formatting formatFileSize formats with decimal" name="File Size Formatting formatFileSize formats with decimal" time="0.002">
    </testcase>
    <testcase classname="File Size Formatting formatFileSize handles zero" name="File Size Formatting formatFileSize handles zero" time="0.001">
    </testcase>
    <testcase classname="File Size Formatting formatFileSize handles large megabyte values" name="File Size Formatting formatFileSize handles large megabyte values" time="0.001">
    </testcase>
    <testcase classname="Edge Cases formatDate handles various date formats" name="Edge Cases formatDate handles various date formats" time="0.003">
    </testcase>
    <testcase classname="Edge Cases formatTime handles various time formats" name="Edge Cases formatTime handles various time formats" time="0.002">
    </testcase>
    <testcase classname="Edge Cases formatCurrency handles string decimals correctly" name="Edge Cases formatCurrency handles string decimals correctly" time="0.002">
    </testcase>
    <testcase classname="Edge Cases truncateText handles unicode characters" name="Edge Cases truncateText handles unicode characters" time="0.002">
    </testcase>
  </testsuite>
  <testsuite name="useLogin" errors="0" failures="0" skipped="0" timestamp="2026-01-17T02:54:42" time="2.44" tests="19">
    <testcase classname="useLogin returns isPending as false initially" name="useLogin returns isPending as false initially" time="0.041">
    </testcase>
    <testcase classname="useLogin sets tokens and user in store on successful login" name="useLogin sets tokens and user in store on successful login" time="0.123">
    </testcase>
    <testcase classname="useLogin returns isError on failed login" name="useLogin returns isError on failed login" time="0.064">
    </testcase>
    <testcase classname="useLogin handles invalid credentials from server" name="useLogin handles invalid credentials from server" time="0.019">
    </testcase>
    <testcase classname="useRegister returns isPending as false initially" name="useRegister returns isPending as false initially" time="0.002">
    </testcase>
    <testcase classname="useRegister sets tokens and user on successful registration" name="useRegister sets tokens and user on successful registration" time="0.012">
    </testcase>
    <testcase classname="useRegister handles duplicate email error" name="useRegister handles duplicate email error" time="0.017">
    </testcase>
    <testcase classname="useLogout clears auth store on logout" name="useLogout clears auth store on logout" time="0.068">
    </testcase>
    <testcase classname="useLogout clears auth state even when API call fails" name="useLogout clears auth state even when API call fails" time="0.018">
    </testcase>
    <testcase classname="useCurrentUser does not fetch when no access token" name="useCurrentUser does not fetch when no access token" time="0.015">
    </testcase>
    <testcase classname="useCurrentUser fetches user when access token exists" name="useCurrentUser fetches user when access token exists" time="0.078">
    </testcase>
    <testcase classname="useCurrentUser updates store with fetched user" name="useCurrentUser updates store with fetched user" time="0.083">
    </testcase>
    <testcase classname="useUpdateProfile updates user in store on success" name="useUpdateProfile updates user in store on success" time="0.009">
    </testcase>
    <testcase classname="useChangePassword returns success on valid password change" name="useChangePassword returns success on valid password change" time="0.012">
    </testcase>
    <testcase classname="useChangePassword returns error on invalid current password" name="useChangePassword returns error on invalid current password" time="0.01">
    </testcase>
    <testcase classname="useRequestPasswordReset returns success for valid email" name="useRequestPasswordReset returns success for valid email" time="0.01">
    </testcase>
    <testcase classname="useRequestPasswordReset returns success even for non-existent email (for security)" name="useRequestPasswordReset returns success even for non-existent email (for security)" time="0.007">
    </testcase>
    <testcase classname="Auth Flow Integration complete login and logout flow" name="Auth Flow Integration complete login and logout flow" time="0.021">
    </testcase>
    <testcase classname="Auth Flow Integration register then update profile" name="Auth Flow Integration register then update profile" time="0.015">
    </testcase>
  </testsuite>
  <testsuite name="usePendingContracts" errors="0" failures="0" skipped="0" timestamp="2026-01-17T02:54:42" time="2.46" tests="30">
    <testcase classname="usePendingContracts fetches contracts needing signature" name="usePendingContracts fetches contracts needing signature" time="0.07">
    </testcase>
    <testcase classname="usePendingContracts transforms contracts to PendingContract format" name="usePendingContracts transforms contracts to PendingContract format" time="0.061">
    </testcase>
    <testcase classname="useAllContracts fetches all contracts" name="useAllContracts fetches all contracts" time="0.144">
    </testcase>
    <testcase classname="useEventContracts filters contracts for specific event" name="useEventContracts filters contracts for specific event" time="0.148">
    </testcase>
    <testcase classname="useEventContracts returns empty array when no contracts for event" name="useEventContracts returns empty array when no contracts for event" time="0.058">
    </testcase>
    <testcase classname="useContract fetches single contract by ID" name="useContract fetches single contract by ID" time="0.056">
    </testcase>
    <testcase classname="useContract does not fetch when ID is 0" name="useContract does not fetch when ID is 0" time="0.003">
    </testcase>
    <testcase classname="useContract handles 404 for non-existent contract" name="useContract handles 404 for non-existent contract" time="0.114">
    </testcase>
    <testcase classname="useContracts fetches contracts with pagination" name="useContracts fetches contracts with pagination" time="0.056">
    </testcase>
    <testcase classname="useContracts applies filters when provided" name="useContracts applies filters when provided" time="0.058">
    </testcase>
    <testcase classname="useSignContract signs contract successfully" name="useSignContract signs contract successfully" time="0.022">
    </testcase>
    <testcase classname="useSignContract handles signing error" name="useSignContract handles signing error" time="0.009">
    </testcase>
    <testcase classname="contractKeys generates correct key for all contracts" name="contractKeys generates correct key for all contracts" time="0.002">
    </testcase>
    <testcase classname="contractKeys generates correct key for contract list" name="contractKeys generates correct key for contract list" time="0.001">
    </testcase>
    <testcase classname="contractKeys generates correct key for filtered list" name="contractKeys generates correct key for filtered list" time="0.002">
    </testcase>
    <testcase classname="contractKeys generates correct key for pending contracts" name="contractKeys generates correct key for pending contracts" time="0.001">
    </testcase>
    <testcase classname="contractKeys generates correct key for contract detail" name="contractKeys generates correct key for contract detail" time="0.002">
    </testcase>
    <testcase classname="contractKeys generates correct key for event contracts" name="contractKeys generates correct key for event contracts" time="0.002">
    </testcase>
    <testcase classname="getContractUrgency returns critical for expired contract" name="getContractUrgency returns critical for expired contract" time="0.001">
    </testcase>
    <testcase classname="getContractUrgency returns critical for contract expiring today" name="getContractUrgency returns critical for contract expiring today" time="0.002">
    </testcase>
    <testcase classname="getContractUrgency returns critical for contract expiring in 2 days" name="getContractUrgency returns critical for contract expiring in 2 days" time="0.002">
    </testcase>
    <testcase classname="getContractUrgency returns high for contract expiring in 5 days" name="getContractUrgency returns high for contract expiring in 5 days" time="0.001">
    </testcase>
    <testcase classname="getContractUrgency returns medium for contract expiring in 10 days" name="getContractUrgency returns medium for contract expiring in 10 days" time="0.002">
    </testcase>
    <testcase classname="getContractUrgency returns low for contract expiring in 15+ days" name="getContractUrgency returns low for contract expiring in 15+ days" time="0.001">
    </testcase>
    <testcase classname="getContractUrgency returns low when no expiry date" name="getContractUrgency returns low when no expiry date" time="0.001">
    </testcase>
    <testcase classname="canSignContract returns true for signable SENT contract" name="canSignContract returns true for signable SENT contract" time="0.001">
    </testcase>
    <testcase classname="canSignContract returns true for PARTIALLY_SIGNED contract" name="canSignContract returns true for PARTIALLY_SIGNED contract" time="0.003">
    </testcase>
    <testcase classname="canSignContract returns false when can_client_sign is false" name="canSignContract returns false when can_client_sign is false" time="0.004">
    </testcase>
    <testcase classname="canSignContract returns false for SIGNED contract" name="canSignContract returns false for SIGNED contract" time="0.002">
    </testcase>
    <testcase classname="canSignContract returns false when all signatures collected" name="canSignContract returns false when all signatures collected" time="0.002">
    </testcase>
  </testsuite>
  <testsuite name="useEventsList" errors="0" failures="0" skipped="0" timestamp="2026-01-17T02:54:42" time="2.485" tests="28">
    <testcase classname="useEventsList fetches list of events" name="useEventsList fetches list of events" time="0.111">
    </testcase>
    <testcase classname="useEventsList returns loading state initially" name="useEventsList returns loading state initially" time="0.051">
    </testcase>
    <testcase classname="useEventsList applies filters when provided" name="useEventsList applies filters when provided" time="0.07">
    </testcase>
    <testcase classname="useEventsList handles server error" name="useEventsList handles server error" time="0.154">
    </testcase>
    <testcase classname="useEvent fetches single event by ID" name="useEvent fetches single event by ID" time="0.056">
    </testcase>
    <testcase classname="useEvent does not fetch when ID is 0" name="useEvent does not fetch when ID is 0" time="0.004">
    </testcase>
    <testcase classname="useEvent does not fetch when ID is negative" name="useEvent does not fetch when ID is negative" time="0.004">
    </testcase>
    <testcase classname="useEvent handles 404 for non-existent event" name="useEvent handles 404 for non-existent event" time="0.059">
    </testcase>
    <testcase classname="useUpcomingEvents fetches upcoming events" name="useUpcomingEvents fetches upcoming events" time="0.061">
    </testcase>
    <testcase classname="useEventTimeline fetches event timeline" name="useEventTimeline fetches event timeline" time="0.062">
    </testcase>
    <testcase classname="useEventTimeline does not fetch when ID is 0" name="useEventTimeline does not fetch when ID is 0" time="0.007">
    </testcase>
    <testcase classname="useEventDocuments fetches event documents" name="useEventDocuments fetches event documents" time="0.064">
    </testcase>
    <testcase classname="useEventTasks fetches event tasks" name="useEventTasks fetches event tasks" time="0.054">
    </testcase>
    <testcase classname="useUpdateEventTask updates task and invalidates queries on success" name="useUpdateEventTask updates task and invalidates queries on success" time="0.01">
    </testcase>
    <testcase classname="useUpdateEventTask handles error when updating task" name="useUpdateEventTask handles error when updating task" time="0.008">
    </testcase>
    <testcase classname="useCreateEventNote creates note and invalidates queries on success" name="useCreateEventNote creates note and invalidates queries on success" time="0.011">
    </testcase>
    <testcase classname="useSubmitEventFeedback submits feedback successfully" name="useSubmitEventFeedback submits feedback successfully" time="0.013">
    </testcase>
    <testcase classname="useSelfCheckIn performs self check-in successfully" name="useSelfCheckIn performs self check-in successfully" time="0.009">
    </testcase>
    <testcase classname="useSelfCheckIn handles check-in failure" name="useSelfCheckIn handles check-in failure" time="0.013">
    </testcase>
    <testcase classname="eventKeys generates correct key for all events" name="eventKeys generates correct key for all events" time="0.006">
    </testcase>
    <testcase classname="eventKeys generates correct key for event list" name="eventKeys generates correct key for event list" time="0.002">
    </testcase>
    <testcase classname="eventKeys generates correct key for filtered list" name="eventKeys generates correct key for filtered list" time="0.002">
    </testcase>
    <testcase classname="eventKeys generates correct key for event detail" name="eventKeys generates correct key for event detail" time="0.002">
    </testcase>
    <testcase classname="eventKeys generates correct key for event timeline" name="eventKeys generates correct key for event timeline" time="0.002">
    </testcase>
    <testcase classname="eventKeys generates correct key for event documents" name="eventKeys generates correct key for event documents" time="0.003">
    </testcase>
    <testcase classname="eventKeys generates correct key for event tasks" name="eventKeys generates correct key for event tasks" time="0.002">
    </testcase>
    <testcase classname="eventKeys generates correct key for event notes" name="eventKeys generates correct key for event notes" time="0.005">
    </testcase>
    <testcase classname="eventKeys generates correct key for event feedback" name="eventKeys generates correct key for event feedback" time="0.002">
    </testcase>
  </testsuite>
  <testsuite name="usePaymentPlans" errors="0" failures="0" skipped="0" timestamp="2026-01-17T02:54:42" time="2.583" tests="23">
    <testcase classname="usePaymentPlans fetches payment plans list" name="usePaymentPlans fetches payment plans list" time="0.15">
    </testcase>
    <testcase classname="usePaymentPlans handles empty payment plans" name="usePaymentPlans handles empty payment plans" time="0.065">
    </testcase>
    <testcase classname="usePaymentPlans handles API errors" name="usePaymentPlans handles API errors" time="0.138">
    </testcase>
    <testcase classname="usePaymentPlan fetches single payment plan by ID" name="usePaymentPlan fetches single payment plan by ID" time="0.059">
    </testcase>
    <testcase classname="usePaymentPlan does not fetch when ID is 0" name="usePaymentPlan does not fetch when ID is 0" time="0.01">
    </testcase>
    <testcase classname="usePaymentPlan does not fetch when ID is negative" name="usePaymentPlan does not fetch when ID is negative" time="0.003">
    </testcase>
    <testcase classname="usePaymentPlan handles 404 for non-existent payment plan" name="usePaymentPlan handles 404 for non-existent payment plan" time="0.057">
    </testcase>
    <testcase classname="useInstallments fetches installments list" name="useInstallments fetches installments list" time="0.061">
    </testcase>
    <testcase classname="useInstallments returns installments with various statuses" name="useInstallments returns installments with various statuses" time="0.113">
    </testcase>
    <testcase classname="useInstallments handles empty installments" name="useInstallments handles empty installments" time="0.06">
    </testcase>
    <testcase classname="usePayInstallment pays installment successfully" name="usePayInstallment pays installment successfully" time="0.018">
    </testcase>
    <testcase classname="usePayInstallment pays installment without payment method (uses default)" name="usePayInstallment pays installment without payment method (uses default)" time="0.022">
    </testcase>
    <testcase classname="usePayInstallment handles payment failure" name="usePayInstallment handles payment failure" time="0.007">
    </testcase>
    <testcase classname="usePayInstallment handles insufficient funds error" name="usePayInstallment handles insufficient funds error" time="0.007">
    </testcase>
    <testcase classname="usePayInstallment handles already paid installment error" name="usePayInstallment handles already paid installment error" time="0.006">
    </testcase>
    <testcase classname="paymentPlanKeys generates correct key for all payment plans" name="paymentPlanKeys generates correct key for all payment plans" time="0.002">
    </testcase>
    <testcase classname="paymentPlanKeys generates correct key for payment plans list" name="paymentPlanKeys generates correct key for payment plans list" time="0.001">
    </testcase>
    <testcase classname="paymentPlanKeys generates correct key for payment plan detail" name="paymentPlanKeys generates correct key for payment plan detail" time="0.002">
    </testcase>
    <testcase classname="paymentPlanKeys generates correct key for installments" name="paymentPlanKeys generates correct key for installments" time="0.002">
    </testcase>
    <testcase classname="paymentPlanKeys generates correct key for different plan IDs" name="paymentPlanKeys generates correct key for different plan IDs" time="0.001">
    </testcase>
    <testcase classname="Payment Plan Integration fetches plan and its installments" name="Payment Plan Integration fetches plan and its installments" time="0.057">
    </testcase>
    <testcase classname="Payment Plan Integration validates installment data structure" name="Payment Plan Integration validates installment data structure" time="0.058">
    </testcase>
    <testcase classname="Payment Plan Integration validates payment plan data structure" name="Payment Plan Integration validates payment plan data structure" time="0.056">
    </testcase>
  </testsuite>
  <testsuite name="Card" errors="0" failures="0" skipped="0" timestamp="2026-01-17T02:54:44" time="0.392" tests="11">
    <testcase classname="Card rendering renders children correctly" name="Card rendering renders children correctly" time="0.038">
    </testcase>
    <testcase classname="Card rendering renders with testID" name="Card rendering renders with testID" time="0.036">
    </testcase>
    <testcase classname="Card rendering renders with default variant" name="Card rendering renders with default variant" time="0.015">
    </testcase>
    <testcase classname="Card rendering renders with elevated variant" name="Card rendering renders with elevated variant" time="0.022">
    </testcase>
    <testcase classname="Card rendering renders with outlined variant" name="Card rendering renders with outlined variant" time="0.018">
    </testcase>
    <testcase classname="Card rendering renders with filled variant" name="Card rendering renders with filled variant" time="0.004">
    </testcase>
    <testcase classname="Card interactions calls onPress when pressed" name="Card interactions calls onPress when pressed" time="0.014">
    </testcase>
    <testcase classname="Card interactions does not call onPress when disabled" name="Card interactions does not call onPress when disabled" time="0.004">
    </testcase>
    <testcase classname="Card interactions renders as non-pressable View when no onPress" name="Card interactions renders as non-pressable View when no onPress" time="0.003">
    </testcase>
    <testcase classname="Card styling accepts custom style prop" name="Card styling accepts custom style prop" time="0.002">
    </testcase>
    <testcase classname="Card styling accepts custom contentStyle prop" name="Card styling accepts custom contentStyle prop" time="0.007">
    </testcase>
  </testsuite>
  <testsuite name="Badge" errors="0" failures="0" skipped="0" timestamp="2026-01-17T02:54:45" time="0.427" tests="13">
    <testcase classname="Badge rendering renders with label" name="Badge rendering renders with label" time="0.035">
    </testcase>
    <testcase classname="Badge rendering renders with testID" name="Badge rendering renders with testID" time="0.003">
    </testcase>
    <testcase classname="Badge rendering renders with icon" name="Badge rendering renders with icon" time="0.004">
    </testcase>
    <testcase classname="Badge variants renders default variant" name="Badge variants renders default variant" time="0.003">
    </testcase>
    <testcase classname="Badge variants renders primary variant" name="Badge variants renders primary variant" time="0.004">
    </testcase>
    <testcase classname="Badge variants renders success variant" name="Badge variants renders success variant" time="0.004">
    </testcase>
    <testcase classname="Badge variants renders warning variant" name="Badge variants renders warning variant" time="0.003">
    </testcase>
    <testcase classname="Badge variants renders error variant" name="Badge variants renders error variant" time="0.003">
    </testcase>
    <testcase classname="Badge variants renders info variant" name="Badge variants renders info variant" time="0.003">
    </testcase>
    <testcase classname="Badge sizes renders small size" name="Badge sizes renders small size" time="0.002">
    </testcase>
    <testcase classname="Badge sizes renders medium size (default)" name="Badge sizes renders medium size (default)" time="0.003">
    </testcase>
    <testcase classname="Badge sizes renders large size" name="Badge sizes renders large size" time="0.002">
    </testcase>
    <testcase classname="Badge styling accepts custom style prop" name="Badge styling accepts custom style prop" time="0.003">
    </testcase>
  </testsuite>
  <testsuite name="bookingStore" errors="0" failures="0" skipped="0" timestamp="2026-01-17T02:54:45" time="0.466" tests="70">
    <testcase classname="bookingStore initial state has empty available flows" name="bookingStore initial state has empty available flows" time="0.012">
    </testcase>
    <testcase classname="bookingStore initial state has null current flow" name="bookingStore initial state has null current flow" time="0.001">
    </testcase>
    <testcase classname="bookingStore initial state has null current session" name="bookingStore initial state has null current session" time="0.001">
    </testcase>
    <testcase classname="bookingStore initial state has initial booking data with empty arrays" name="bookingStore initial state has initial booking data with empty arrays" time="0.003">
    </testcase>
    <testcase classname="bookingStore initial state has initial pricing with zero values" name="bookingStore initial state has initial pricing with zero values" time="0.002">
    </testcase>
    <testcase classname="bookingStore initial state is not loading by default" name="bookingStore initial state is not loading by default" time="0.001">
    </testcase>
    <testcase classname="bookingStore flow management sets available flows" name="bookingStore flow management sets available flows" time="0.002">
    </testcase>
    <testcase classname="bookingStore flow management sets current flow" name="bookingStore flow management sets current flow" time="0.002">
    </testcase>
    <testcase classname="bookingStore flow management clears current flow" name="bookingStore flow management clears current flow" time="0.002">
    </testcase>
    <testcase classname="bookingStore session management sets current session" name="bookingStore session management sets current session" time="0.002">
    </testcase>
    <testcase classname="bookingStore session management clears current session" name="bookingStore session management clears current session" time="0.002">
    </testcase>
    <testcase classname="bookingStore step management sets current step with index" name="bookingStore step management sets current step with index" time="0.004">
    </testcase>
    <testcase classname="bookingStore step management updates step and index together" name="bookingStore step management updates step and index together" time="0.001">
    </testcase>
    <testcase classname="bookingStore updateBookingData updates venue selections" name="bookingStore updateBookingData updates venue selections" time="0.003">
    </testcase>
    <testcase classname="bookingStore updateBookingData updates package selections" name="bookingStore updateBookingData updates package selections" time="0.001">
    </testcase>
    <testcase classname="bookingStore updateBookingData updates addon selections" name="bookingStore updateBookingData updates addon selections" time="0.001">
    </testcase>
    <testcase classname="bookingStore updateBookingData updates event date" name="bookingStore updateBookingData updates event date" time="0.002">
    </testcase>
    <testcase classname="bookingStore updateBookingData updates time selections" name="bookingStore updateBookingData updates time selections" time="0.002">
    </testcase>
    <testcase classname="bookingStore updateBookingData updates contact info" name="bookingStore updateBookingData updates contact info" time="0.001">
    </testcase>
    <testcase classname="bookingStore updateBookingData updates questionnaire responses" name="bookingStore updateBookingData updates questionnaire responses" time="0.001">
    </testcase>
    <testcase classname="bookingStore updateBookingData updates discount code" name="bookingStore updateBookingData updates discount code" time="0.001">
    </testcase>
    <testcase classname="bookingStore updateBookingData clears validation errors for updated fields" name="bookingStore updateBookingData clears validation errors for updated fields" time="0.002">
    </testcase>
    <testcase classname="bookingStore updateBookingData preserves other booking data when updating" name="bookingStore updateBookingData preserves other booking data when updating" time="0.002">
    </testcase>
    <testcase classname="bookingStore cache management sets venue details cache" name="bookingStore cache management sets venue details cache" time="0.002">
    </testcase>
    <testcase classname="bookingStore cache management sets package details cache" name="bookingStore cache management sets package details cache" time="0.001">
    </testcase>
    <testcase classname="bookingStore cache management sets addon details cache" name="bookingStore cache management sets addon details cache" time="0.002">
    </testcase>
    <testcase classname="bookingStore cache management merges new cache items with existing" name="bookingStore cache management merges new cache items with existing" time="0.002">
    </testcase>
    <testcase classname="bookingStore UI state sets error message" name="bookingStore UI state sets error message" time="0.003">
    </testcase>
    <testcase classname="bookingStore UI state clears error message" name="bookingStore UI state clears error message" time="0.003">
    </testcase>
    <testcase classname="bookingStore UI state sets validation errors" name="bookingStore UI state sets validation errors" time="0.003">
    </testcase>
    <testcase classname="bookingStore UI state sets loading state" name="bookingStore UI state sets loading state" time="0.003">
    </testcase>
    <testcase classname="bookingStore UI state sets validating state" name="bookingStore UI state sets validating state" time="0.002">
    </testcase>
    <testcase classname="bookingStore UI state sets submitting state" name="bookingStore UI state sets submitting state" time="0.003">
    </testcase>
    <testcase classname="bookingStore pricing updates subtotal" name="bookingStore pricing updates subtotal" time="0.003">
    </testcase>
    <testcase classname="bookingStore pricing updates tax amount" name="bookingStore pricing updates tax amount" time="0.001">
    </testcase>
    <testcase classname="bookingStore pricing updates discount amount" name="bookingStore pricing updates discount amount" time="0.001">
    </testcase>
    <testcase classname="bookingStore pricing updates total price" name="bookingStore pricing updates total price" time="0.002">
    </testcase>
    <testcase classname="bookingStore pricing updates currency" name="bookingStore pricing updates currency" time="0.003">
    </testcase>
    <testcase classname="bookingStore pricing updates multiple pricing fields at once" name="bookingStore pricing updates multiple pricing fields at once" time="0.002">
    </testcase>
    <testcase classname="bookingStore pricing preserves existing pricing when partial update" name="bookingStore pricing preserves existing pricing when partial update" time="0.001">
    </testcase>
    <testcase classname="bookingStore resetBooking clears current flow" name="bookingStore resetBooking clears current flow" time="0.002">
    </testcase>
    <testcase classname="bookingStore resetBooking clears current session" name="bookingStore resetBooking clears current session" time="0.017">
    </testcase>
    <testcase classname="bookingStore resetBooking resets step index to 0" name="bookingStore resetBooking resets step index to 0" time="0.007">
    </testcase>
    <testcase classname="bookingStore resetBooking resets booking data to initial values" name="bookingStore resetBooking resets booking data to initial values" time="0.003">
    </testcase>
    <testcase classname="bookingStore resetBooking clears all caches" name="bookingStore resetBooking clears all caches" time="0.003">
    </testcase>
    <testcase classname="bookingStore resetBooking resets UI state" name="bookingStore resetBooking resets UI state" time="0.002">
    </testcase>
    <testcase classname="bookingStore resetBooking resets pricing to initial values" name="bookingStore resetBooking resets pricing to initial values" time="0.008">
    </testcase>
    <testcase classname="bookingStore navigation goToNextStep advances to next enabled step" name="bookingStore navigation goToNextStep advances to next enabled step" time="0.006">
    </testcase>
    <testcase classname="bookingStore navigation goToNextStep skips disabled steps" name="bookingStore navigation goToNextStep skips disabled steps" time="0.003">
    </testcase>
    <testcase classname="bookingStore navigation goToNextStep does not advance past last step" name="bookingStore navigation goToNextStep does not advance past last step" time="0.002">
    </testcase>
    <testcase classname="bookingStore navigation goToNextStep does nothing when no current flow" name="bookingStore navigation goToNextStep does nothing when no current flow" time="0.002">
    </testcase>
    <testcase classname="bookingStore navigation goToPreviousStep goes back to previous enabled step" name="bookingStore navigation goToPreviousStep goes back to previous enabled step" time="0.002">
    </testcase>
    <testcase classname="bookingStore navigation goToPreviousStep does not go before first step" name="bookingStore navigation goToPreviousStep does not go before first step" time="0.002">
    </testcase>
    <testcase classname="bookingStore navigation goToPreviousStep does nothing when no current flow" name="bookingStore navigation goToPreviousStep does nothing when no current flow" time="0.001">
    </testcase>
    <testcase classname="bookingStore navigation goToStep navigates to specific step by index" name="bookingStore navigation goToStep navigates to specific step by index" time="0.003">
    </testcase>
    <testcase classname="bookingStore navigation goToStep does not navigate to invalid index" name="bookingStore navigation goToStep does not navigate to invalid index" time="0.002">
    </testcase>
    <testcase classname="bookingStore navigation goToStep does not navigate to negative index" name="bookingStore navigation goToStep does not navigate to negative index" time="0.002">
    </testcase>
    <testcase classname="bookingStore navigation goToStep does nothing when no current flow" name="bookingStore navigation goToStep does nothing when no current flow" time="0.002">
    </testcase>
    <testcase classname="bookingStore selectors selectCurrentFlow returns current flow" name="bookingStore selectors selectCurrentFlow returns current flow" time="0.002">
    </testcase>
    <testcase classname="bookingStore selectors selectCurrentStep returns current step" name="bookingStore selectors selectCurrentStep returns current step" time="0.002">
    </testcase>
    <testcase classname="bookingStore selectors selectCurrentStepIndex returns step index" name="bookingStore selectors selectCurrentStepIndex returns step index" time="0.002">
    </testcase>
    <testcase classname="bookingStore selectors selectBookingData returns booking data" name="bookingStore selectors selectBookingData returns booking data" time="0.001">
    </testcase>
    <testcase classname="bookingStore selectors selectPricing returns pricing info" name="bookingStore selectors selectPricing returns pricing info" time="0.002">
    </testcase>
    <testcase classname="bookingStore selectors selectIsLoading returns loading state" name="bookingStore selectors selectIsLoading returns loading state" time="0.002">
    </testcase>
    <testcase classname="bookingStore selectors selectValidationErrors returns validation errors" name="bookingStore selectors selectValidationErrors returns validation errors" time="0.002">
    </testcase>
    <testcase classname="bookingStore selectors selectTotalSteps returns count of enabled steps only" name="bookingStore selectors selectTotalSteps returns count of enabled steps only" time="0.002">
    </testcase>
    <testcase classname="bookingStore selectors selectIsFirstStep returns true on first step" name="bookingStore selectors selectIsFirstStep returns true on first step" time="0.002">
    </testcase>
    <testcase classname="bookingStore selectors selectIsFirstStep returns false on other steps" name="bookingStore selectors selectIsFirstStep returns false on other steps" time="0.001">
    </testcase>
    <testcase classname="bookingStore selectors selectIsLastStep returns true on last step" name="bookingStore selectors selectIsLastStep returns true on last step" time="0.002">
    </testcase>
    <testcase classname="bookingStore selectors selectIsLastStep returns false on other steps" name="bookingStore selectors selectIsLastStep returns false on other steps" time="0.002">
    </testcase>
  </testsuite>
  <testsuite name="currency utilities" errors="0" failures="0" skipped="0" timestamp="2026-01-17T02:54:45" time="0.461" tests="45">
    <testcase classname="currency utilities formatCurrency formats PHP currency correctly" name="currency utilities formatCurrency formats PHP currency correctly" time="0.097">
    </testcase>
    <testcase classname="currency utilities formatCurrency formats with custom currency" name="currency utilities formatCurrency formats with custom currency" time="0.033">
    </testcase>
    <testcase classname="currency utilities formatCurrency handles zero values" name="currency utilities formatCurrency handles zero values" time="0.002">
    </testcase>
    <testcase classname="currency utilities formatCurrency handles negative values" name="currency utilities formatCurrency handles negative values" time="0.002">
    </testcase>
    <testcase classname="currency utilities formatCurrency handles string amounts" name="currency utilities formatCurrency handles string amounts" time="0.003">
    </testcase>
    <testcase classname="currency utilities formatCurrency handles invalid string amounts" name="currency utilities formatCurrency handles invalid string amounts" time="0.002">
    </testcase>
    <testcase classname="currency utilities formatCurrency respects showSymbol option" name="currency utilities formatCurrency respects showSymbol option" time="0.003">
    </testcase>
    <testcase classname="currency utilities formatCurrency formats compact numbers when enabled" name="currency utilities formatCurrency formats compact numbers when enabled" time="0.002">
    </testcase>
    <testcase classname="currency utilities formatCurrency respects minimumFractionDigits option" name="currency utilities formatCurrency respects minimumFractionDigits option" time="0.002">
    </testcase>
    <testcase classname="currency utilities formatPrice formats price with default currency" name="currency utilities formatPrice formats price with default currency" time="0.003">
    </testcase>
    <testcase classname="currency utilities formatPrice formats price with specified currency" name="currency utilities formatPrice formats price with specified currency" time="0.014">
    </testcase>
    <testcase classname="currency utilities formatPriceRange formats price range correctly" name="currency utilities formatPriceRange formats price range correctly" time="0.007">
    </testcase>
    <testcase classname="currency utilities formatPriceRange returns single price when min equals max" name="currency utilities formatPriceRange returns single price when min equals max" time="0.004">
    </testcase>
    <testcase classname="currency utilities formatPriceRange handles string amounts" name="currency utilities formatPriceRange handles string amounts" time="0.002">
    </testcase>
    <testcase classname="currency utilities parseCurrencyInput parses plain numbers" name="currency utilities parseCurrencyInput parses plain numbers" time="0.001">
    </testcase>
    <testcase classname="currency utilities parseCurrencyInput parses numbers with comma thousand separators" name="currency utilities parseCurrencyInput parses numbers with comma thousand separators" time="0.002">
    </testcase>
    <testcase classname="currency utilities parseCurrencyInput parses numbers with currency symbol" name="currency utilities parseCurrencyInput parses numbers with currency symbol" time="0.005">
    </testcase>
    <testcase classname="currency utilities parseCurrencyInput parses European format (comma as decimal)" name="currency utilities parseCurrencyInput parses European format (comma as decimal)" time="0.002">
    </testcase>
    <testcase classname="currency utilities parseCurrencyInput parses US format (period as decimal)" name="currency utilities parseCurrencyInput parses US format (period as decimal)" time="0.004">
    </testcase>
    <testcase classname="currency utilities parseCurrencyInput handles empty input" name="currency utilities parseCurrencyInput handles empty input" time="0.005">
    </testcase>
    <testcase classname="currency utilities parseCurrencyInput handles invalid input" name="currency utilities parseCurrencyInput handles invalid input" time="0.003">
    </testcase>
    <testcase classname="currency utilities parseCurrencyInput handles currency code in input" name="currency utilities parseCurrencyInput handles currency code in input" time="0.002">
    </testcase>
    <testcase classname="currency utilities getCurrencySymbol returns PHP symbol by default" name="currency utilities getCurrencySymbol returns PHP symbol by default" time="0.002">
    </testcase>
    <testcase classname="currency utilities getCurrencySymbol returns correct symbol for each currency" name="currency utilities getCurrencySymbol returns correct symbol for each currency" time="0.001">
    </testcase>
    <testcase classname="currency utilities getCurrencyConfig returns PHP config by default" name="currency utilities getCurrencyConfig returns PHP config by default" time="0.001">
    </testcase>
    <testcase classname="currency utilities getCurrencyConfig returns correct config for specified currency" name="currency utilities getCurrencyConfig returns correct config for specified currency" time="0.002">
    </testcase>
    <testcase classname="currency utilities getCurrencyOptions returns array of currency options" name="currency utilities getCurrencyOptions returns array of currency options" time="0.002">
    </testcase>
    <testcase classname="currency utilities getCurrencyOptions each option has required properties" name="currency utilities getCurrencyOptions each option has required properties" time="0.002">
    </testcase>
    <testcase classname="currency utilities getCurrencyOptions includes PHP currency" name="currency utilities getCurrencyOptions includes PHP currency" time="0.003">
    </testcase>
    <testcase classname="currency utilities calculatePercentage calculates percentage correctly" name="currency utilities calculatePercentage calculates percentage correctly" time="0.001">
    </testcase>
    <testcase classname="currency utilities calculatePercentage handles string amounts" name="currency utilities calculatePercentage handles string amounts" time="0.002">
    </testcase>
    <testcase classname="currency utilities calculatePercentage handles decimal percentages" name="currency utilities calculatePercentage handles decimal percentages" time="0.002">
    </testcase>
    <testcase classname="currency utilities calculatePercentage handles invalid input" name="currency utilities calculatePercentage handles invalid input" time="0.002">
    </testcase>
    <testcase classname="currency utilities calculateTax calculates tax exclusive (add tax)" name="currency utilities calculateTax calculates tax exclusive (add tax)" time="0.001">
    </testcase>
    <testcase classname="currency utilities calculateTax calculates tax inclusive (extract tax)" name="currency utilities calculateTax calculates tax inclusive (extract tax)" time="0.001">
    </testcase>
    <testcase classname="currency utilities calculateTax handles string amounts" name="currency utilities calculateTax handles string amounts" time="0">
    </testcase>
    <testcase classname="currency utilities calculateTax handles invalid input" name="currency utilities calculateTax handles invalid input" time="0.002">
    </testcase>
    <testcase classname="currency utilities sumAmounts sums multiple numbers" name="currency utilities sumAmounts sums multiple numbers" time="0.002">
    </testcase>
    <testcase classname="currency utilities sumAmounts handles string amounts" name="currency utilities sumAmounts handles string amounts" time="0.001">
    </testcase>
    <testcase classname="currency utilities sumAmounts handles mixed valid and invalid" name="currency utilities sumAmounts handles mixed valid and invalid" time="0.002">
    </testcase>
    <testcase classname="currency utilities sumAmounts handles empty input" name="currency utilities sumAmounts handles empty input" time="0.001">
    </testcase>
    <testcase classname="currency utilities formatCompact formats large numbers in compact notation" name="currency utilities formatCompact formats large numbers in compact notation" time="0.002">
    </testcase>
    <testcase classname="currency utilities formatCompact handles small numbers" name="currency utilities formatCompact handles small numbers" time="0.002">
    </testcase>
    <testcase classname="currency utilities constants has PHP as default currency" name="currency utilities constants has PHP as default currency" time="0.001">
    </testcase>
    <testcase classname="currency utilities constants has supported currencies defined" name="currency utilities constants has supported currencies defined" time="0.002">
    </testcase>
  </testsuite>
  <testsuite name="useFinancialOverview" errors="0" failures="0" skipped="0" timestamp="2026-01-17T02:54:42" time="2.945" tests="53">
    <testcase classname="useFinancialOverview fetches and computes financial overview" name="useFinancialOverview fetches and computes financial overview" time="0.064">
    </testcase>
    <testcase classname="useFinancialOverview handles API errors" name="useFinancialOverview handles API errors" time="0.187">
    </testcase>
    <testcase classname="useFinancialSummary fetches financial summary for dashboard" name="useFinancialSummary fetches financial summary for dashboard" time="0.189">
    </testcase>
    <testcase classname="useOverduePayments fetches overdue payments" name="useOverduePayments fetches overdue payments" time="0.059">
    </testcase>
    <testcase classname="useOverduePayments returns empty array when no overdue invoices" name="useOverduePayments returns empty array when no overdue invoices" time="0.061">
    </testcase>
    <testcase classname="useInvoices fetches invoices list" name="useInvoices fetches invoices list" time="0.058">
    </testcase>
    <testcase classname="useInvoices applies filters when provided" name="useInvoices applies filters when provided" time="0.056">
    </testcase>
    <testcase classname="useInvoices handles pagination parameters" name="useInvoices handles pagination parameters" time="0.058">
    </testcase>
    <testcase classname="useEventInvoices fetches invoices for a specific event" name="useEventInvoices fetches invoices for a specific event" time="0.06">
    </testcase>
    <testcase classname="useEventInvoices does not fetch when eventId is 0" name="useEventInvoices does not fetch when eventId is 0" time="0.004">
    </testcase>
    <testcase classname="useInvoice fetches single invoice by ID" name="useInvoice fetches single invoice by ID" time="0.064">
    </testcase>
    <testcase classname="useInvoice does not fetch when ID is 0" name="useInvoice does not fetch when ID is 0" time="0.005">
    </testcase>
    <testcase classname="useInvoice handles 404 for non-existent invoice" name="useInvoice handles 404 for non-existent invoice" time="0.061">
    </testcase>
    <testcase classname="usePayments fetches payments list" name="usePayments fetches payments list" time="0.063">
    </testcase>
    <testcase classname="usePayments applies filters when provided" name="usePayments applies filters when provided" time="0.068">
    </testcase>
    <testcase classname="usePayment fetches single payment by ID" name="usePayment fetches single payment by ID" time="0.057">
    </testcase>
    <testcase classname="usePayment does not fetch when ID is 0" name="usePayment does not fetch when ID is 0" time="0.003">
    </testcase>
    <testcase classname="useCreatePaymentIntent creates payment intent successfully" name="useCreatePaymentIntent creates payment intent successfully" time="0.02">
    </testcase>
    <testcase classname="useCreatePaymentIntent handles payment intent creation error" name="useCreatePaymentIntent handles payment intent creation error" time="0.009">
    </testcase>
    <testcase classname="usePayInvoice pays invoice successfully" name="usePayInvoice pays invoice successfully" time="0.026">
    </testcase>
    <testcase classname="usePayInvoice handles payment failure" name="usePayInvoice handles payment failure" time="0.013">
    </testcase>
    <testcase classname="usePayInvoice pays with saved payment method" name="usePayInvoice pays with saved payment method" time="0.044">
    </testcase>
    <testcase classname="usePayInvoice pays custom amount" name="usePayInvoice pays custom amount" time="0.026">
    </testcase>
    <testcase classname="financialKeys generates correct key for all payments" name="financialKeys generates correct key for all payments" time="0.003">
    </testcase>
    <testcase classname="financialKeys generates correct key for overview" name="financialKeys generates correct key for overview" time="0.002">
    </testcase>
    <testcase classname="financialKeys generates correct key for summary" name="financialKeys generates correct key for summary" time="0.002">
    </testcase>
    <testcase classname="financialKeys generates correct key for overdue payments" name="financialKeys generates correct key for overdue payments" time="0.001">
    </testcase>
    <testcase classname="financialKeys generates correct key for invoices base" name="financialKeys generates correct key for invoices base" time="0.003">
    </testcase>
    <testcase classname="financialKeys generates correct key for filtered invoice list" name="financialKeys generates correct key for filtered invoice list" time="0.005">
    </testcase>
    <testcase classname="financialKeys generates correct key for single invoice" name="financialKeys generates correct key for single invoice" time="0.001">
    </testcase>
    <testcase classname="financialKeys generates correct key for event invoices" name="financialKeys generates correct key for event invoices" time="0.002">
    </testcase>
    <testcase classname="financialKeys generates correct key for payments base" name="financialKeys generates correct key for payments base" time="0.002">
    </testcase>
    <testcase classname="financialKeys generates correct key for filtered payment list" name="financialKeys generates correct key for filtered payment list" time="0.001">
    </testcase>
    <testcase classname="financialKeys generates correct key for single payment" name="financialKeys generates correct key for single payment" time="0.001">
    </testcase>
    <testcase classname="getInvoiceUrgency returns critical for OVERDUE invoice" name="getInvoiceUrgency returns critical for OVERDUE invoice" time="0.002">
    </testcase>
    <testcase classname="getInvoiceUrgency returns low for PAID invoice" name="getInvoiceUrgency returns low for PAID invoice" time="0.001">
    </testcase>
    <testcase classname="getInvoiceUrgency returns critical for invoice due today" name="getInvoiceUrgency returns critical for invoice due today" time="0.001">
    </testcase>
    <testcase classname="getInvoiceUrgency returns high for invoice due in 3 days" name="getInvoiceUrgency returns high for invoice due in 3 days" time="0.002">
    </testcase>
    <testcase classname="getInvoiceUrgency returns medium for invoice due in 5 days" name="getInvoiceUrgency returns medium for invoice due in 5 days" time="0">
    </testcase>
    <testcase classname="getInvoiceUrgency returns low for invoice due in 10+ days" name="getInvoiceUrgency returns low for invoice due in 10+ days" time="0.002">
    </testcase>
    <testcase classname="getPaymentUrgency returns critical for payment 30+ days past due" name="getPaymentUrgency returns critical for payment 30+ days past due" time="0.001">
    </testcase>
    <testcase classname="getPaymentUrgency returns high for payment 14-29 days past due" name="getPaymentUrgency returns high for payment 14-29 days past due" time="0.002">
    </testcase>
    <testcase classname="getPaymentUrgency returns medium for payment 7-13 days past due" name="getPaymentUrgency returns medium for payment 7-13 days past due" time="0.002">
    </testcase>
    <testcase classname="getPaymentUrgency returns low for payment less than 7 days past due" name="getPaymentUrgency returns low for payment less than 7 days past due" time="0.001">
    </testcase>
    <testcase classname="formatCurrency formats USD currency correctly" name="formatCurrency formats USD currency correctly" time="0.013">
    </testcase>
    <testcase classname="formatCurrency formats PHP currency correctly" name="formatCurrency formats PHP currency correctly" time="0.002">
    </testcase>
    <testcase classname="formatCurrency handles string amounts" name="formatCurrency handles string amounts" time="0.002">
    </testcase>
    <testcase classname="formatCurrency defaults to USD when no currency provided" name="formatCurrency defaults to USD when no currency provided" time="0.002">
    </testcase>
    <testcase classname="formatCurrency handles zero amounts" name="formatCurrency handles zero amounts" time="0.001">
    </testcase>
    <testcase classname="formatCurrency handles decimal amounts" name="formatCurrency handles decimal amounts" time="0.002">
    </testcase>
    <testcase classname="calculateAmountDue calculates correct amount due" name="calculateAmountDue calculates correct amount due" time="0.002">
    </testcase>
    <testcase classname="calculateAmountDue returns zero for fully paid invoice" name="calculateAmountDue returns zero for fully paid invoice" time="0.002">
    </testcase>
    <testcase classname="calculateAmountDue returns full amount for unpaid invoice" name="calculateAmountDue returns full amount for unpaid invoice" time="0.001">
    </testcase>
  </testsuite>
  <testsuite name="Input" errors="0" failures="0" skipped="0" timestamp="2026-01-17T02:54:45" time="0.524" tests="27">
    <testcase classname="Input rendering renders correctly without label" name="Input rendering renders correctly without label" time="0.113">
    </testcase>
    <testcase classname="Input rendering renders with label" name="Input rendering renders with label" time="0.005">
    </testcase>
    <testcase classname="Input rendering renders with value" name="Input rendering renders with value" time="0.004">
    </testcase>
    <testcase classname="Input rendering renders with left icon" name="Input rendering renders with left icon" time="0.003">
    </testcase>
    <testcase classname="Input rendering renders with right icon" name="Input rendering renders with right icon" time="0.004">
    </testcase>
    <testcase classname="Input rendering renders with both icons" name="Input rendering renders with both icons" time="0.003">
    </testcase>
    <testcase classname="Input interactions calls onChangeText when text changes" name="Input interactions calls onChangeText when text changes" time="0.005">
    </testcase>
    <testcase classname="Input interactions calls onFocus when focused" name="Input interactions calls onFocus when focused" time="0.024">
    </testcase>
    <testcase classname="Input interactions calls onBlur when blurred" name="Input interactions calls onBlur when blurred" time="0.005">
    </testcase>
    <testcase classname="Input interactions updates focus state on focus/blur" name="Input interactions updates focus state on focus/blur" time="0.014">
    </testcase>
    <testcase classname="Input error state displays error message when error prop is provided" name="Input error state displays error message when error prop is provided" time="0.003">
    </testcase>
    <testcase classname="Input error state does not display error message when error is not provided" name="Input error state does not display error message when error is not provided" time="0.004">
    </testcase>
    <testcase classname="Input error state applies error styling when error is present" name="Input error state applies error styling when error is present" time="0.003">
    </testcase>
    <testcase classname="Input input types renders as email input" name="Input input types renders as email input" time="0.003">
    </testcase>
    <testcase classname="Input input types renders as secure text entry (password)" name="Input input types renders as secure text entry (password)" time="0.002">
    </testcase>
    <testcase classname="Input input types renders as phone input" name="Input input types renders as phone input" time="0.002">
    </testcase>
    <testcase classname="Input input types renders as numeric input" name="Input input types renders as numeric input" time="0.003">
    </testcase>
    <testcase classname="Input editable state is editable by default" name="Input editable state is editable by default" time="0.009">
    </testcase>
    <testcase classname="Input editable state is not editable when editable is false" name="Input editable state is not editable when editable is false" time="0.004">
    </testcase>
    <testcase classname="Input accessibility uses label text for accessibility" name="Input accessibility uses label text for accessibility" time="0.005">
    </testcase>
    <testcase classname="Input accessibility accepts custom accessibilityLabel" name="Input accessibility accepts custom accessibilityLabel" time="0.002">
    </testcase>
    <testcase classname="Input accessibility accepts custom accessibilityHint" name="Input accessibility accepts custom accessibilityHint" time="0.002">
    </testcase>
    <testcase classname="Input styling accepts custom containerStyle" name="Input styling accepts custom containerStyle" time="0.002">
    </testcase>
    <testcase classname="Input styling accepts custom inputContainerStyle" name="Input styling accepts custom inputContainerStyle" time="0.002">
    </testcase>
    <testcase classname="Input styling accepts custom labelStyle" name="Input styling accepts custom labelStyle" time="0.003">
    </testcase>
    <testcase classname="Input styling accepts custom input style" name="Input styling accepts custom input style" time="0.002">
    </testcase>
    <testcase classname="Input ref forwarding forwards ref to TextInput" name="Input ref forwarding forwards ref to TextInput" time="0.001">
    </testcase>
  </testsuite>
  <testsuite name="Common Validators" errors="0" failures="0" skipped="0" timestamp="2026-01-17T02:54:44" time="0.564" tests="80">
    <testcase classname="Common Validators philippinePhoneSchema accepts +63 format with 10 digits" name="Common Validators philippinePhoneSchema accepts +63 format with 10 digits" time="0.035">
    </testcase>
    <testcase classname="Common Validators philippinePhoneSchema accepts 09 format with 9 more digits" name="Common Validators philippinePhoneSchema accepts 09 format with 9 more digits" time="0.002">
    </testcase>
    <testcase classname="Common Validators philippinePhoneSchema accepts 9 format with 9 more digits" name="Common Validators philippinePhoneSchema accepts 9 format with 9 more digits" time="0.005">
    </testcase>
    <testcase classname="Common Validators philippinePhoneSchema allows empty string when not required" name="Common Validators philippinePhoneSchema allows empty string when not required" time="0.003">
    </testcase>
    <testcase classname="Common Validators philippinePhoneSchema rejects invalid formats" name="Common Validators philippinePhoneSchema rejects invalid formats" time="0.005">
    </testcase>
[...]
    </testcase>
    <testcase classname="ErrorHandler.isNetworkError returns true for ECONNABORTED" name="ErrorHandler.isNetworkError returns true for ECONNABORTED" time="0.001">
    </testcase>
    <testcase classname="ErrorHandler.isNetworkError returns false for response errors" name="ErrorHandler.isNetworkError returns false for response errors" time="0.001">
    </testcase>
    <testcase classname="ErrorHandler.isNetworkError returns false for non-Axios error" name="ErrorHandler.isNetworkError returns false for non-Axios error" time="0.001">
    </testcase>
    <testcase classname="ErrorHandler.isAuthError returns true for 401" name="ErrorHandler.isAuthError returns true for 401" time="0.002">
    </testcase>
    <testcase classname="ErrorHandler.isAuthError returns false for other status codes" name="ErrorHandler.isAuthError returns false for other status codes" time="0.001">
    </testcase>
    <testcase classname="ErrorHandler.isPermissionError returns true for 403" name="ErrorHandler.isPermissionError returns true for 403" time="0.002">
    </testcase>
    <testcase classname="ErrorHandler.isPermissionError returns false for other status codes" name="ErrorHandler.isPermissionError returns false for other status codes" time="0.001">
    </testcase>
    <testcase classname="ErrorHandler.isValidationError returns true for 400" name="ErrorHandler.isValidationError returns true for 400" time="0.002">
    </testcase>
    <testcase classname="ErrorHandler.isValidationError returns true for 422" name="ErrorHandler.isValidationError returns true for 422" time="0.001">
    </testcase>
    <testcase classname="ErrorHandler.isValidationError returns false for other status codes" name="ErrorHandler.isValidationError returns false for other status codes" time="0.001">
    </testcase>
    <testcase classname="ErrorHandler.isServerError returns true for 500" name="ErrorHandler.isServerError returns true for 500" time="0.001">
    </testcase>
    <testcase classname="ErrorHandler.isServerError returns true for 503" name="ErrorHandler.isServerError returns true for 503" time="0.001">
    </testcase>
    <testcase classname="ErrorHandler.isServerError returns false for 400 errors" name="ErrorHandler.isServerError returns false for 400 errors" time="0.001">
    </testcase>
    <testcase classname="ErrorHandler.isSessionExpiredError returns true for 410" name="ErrorHandler.isSessionExpiredError returns true for 410" time="0.002">
    </testcase>
    <testcase classname="ErrorHandler.isSessionExpiredError returns false for other status codes" name="ErrorHandler.isSessionExpiredError returns false for other status codes" time="0.001">
    </testcase>
    <testcase classname="ErrorHandler.isNotFoundError returns true for 404" name="ErrorHandler.isNotFoundError returns true for 404" time="0.001">
    </testcase>
    <testcase classname="ErrorHandler.isNotFoundError returns false for other status codes" name="ErrorHandler.isNotFoundError returns false for other status codes" time="0.002">
    </testcase>
    <testcase classname="ErrorHandler.getErrorInfo returns complete error info object" name="ErrorHandler.getErrorInfo returns complete error info object" time="0.001">
    </testcase>
    <testcase classname="ErrorHandler.getErrorInfo includes validation errors when present" name="ErrorHandler.getErrorInfo includes validation errors when present" time="0.002">
    </testcase>
    <testcase classname="ErrorHandler.getErrorInfo includes error code when present" name="ErrorHandler.getErrorInfo includes error code when present" time="0.001">
    </testcase>
    <testcase classname="ErrorHandler.handle logs error by default" name="ErrorHandler.handle logs error by default" time="0.002">
    </testcase>
    <testcase classname="ErrorHandler.handle includes context in log" name="ErrorHandler.handle includes context in log" time="0.002">
    </testcase>
    <testcase classname="ErrorHandler.handle does not log when logError is false" name="ErrorHandler.handle does not log when logError is false" time="0.002">
    </testcase>
    <testcase classname="ErrorHandler.handle shows notification when showNotification is true" name="ErrorHandler.handle shows notification when showNotification is true" time="0.002">
    </testcase>
    <testcase classname="ErrorHandler.handle returns ErrorInfo object" name="ErrorHandler.handle returns ErrorInfo object" time="0.002">
    </testcase>
    <testcase classname="Convenience Functions getErrorMessage works as bound function" name="Convenience Functions getErrorMessage works as bound function" time="0.001">
    </testcase>
    <testcase classname="Convenience Functions getValidationErrors works as bound function" name="Convenience Functions getValidationErrors works as bound function" time="0.002">
    </testcase>
    <testcase classname="Convenience Functions getErrorInfo works as bound function" name="Convenience Functions getErrorInfo works as bound function" time="0.001">
    </testcase>
    <testcase classname="Convenience Functions isNetworkError works as bound function" name="Convenience Functions isNetworkError works as bound function" time="0.001">
    </testcase>
    <testcase classname="Convenience Functions isAuthError works as bound function" name="Convenience Functions isAuthError works as bound function" time="0.002">
    </testcase>
    <testcase classname="Convenience Functions isSessionExpiredError works as bound function" name="Convenience Functions isSessionExpiredError works as bound function" time="0.001">
    </testcase>
    <testcase classname="createUserErrorMessage returns network error message" name="createUserErrorMessage returns network error message" time="0.001">
    </testcase>
    <testcase classname="createUserErrorMessage returns session expired message" name="createUserErrorMessage returns session expired message" time="0.002">
    </testcase>
    <testcase classname="createUserErrorMessage returns auth error message" name="createUserErrorMessage returns auth error message" time="0.001">
    </testcase>
    <testcase classname="createUserErrorMessage returns extracted message for other errors" name="createUserErrorMessage returns extracted message for other errors" time="0.001">
    </testcase>
    <testcase classname="createUserErrorMessage returns default message when no specific message" name="createUserErrorMessage returns default message when no specific message" time="0.002">
    </testcase>
    <testcase classname="formatValidationErrors formats validation errors for display" name="formatValidationErrors formats validation errors for display" time="0.001">
    </testcase>
    <testcase classname="formatValidationErrors capitalizes first letter" name="formatValidationErrors capitalizes first letter" time="0.001">
    </testcase>
    <testcase classname="formatValidationErrors handles empty errors object" name="formatValidationErrors handles empty errors object" time="0.002">
    </testcase>
  </testsuite>
  <testsuite name="authStore" errors="0" failures="0" skipped="0" timestamp="2026-01-17T02:54:45" time="0.118" tests="27">
    <testcase classname="authStore initial state has null user by default" name="authStore initial state has null user by default" time="0.002">
    </testcase>
    <testcase classname="authStore initial state has null tokens by default" name="authStore initial state has null tokens by default" time="0.001">
    </testcase>
    <testcase classname="authStore initial state is not authenticated by default" name="authStore initial state is not authenticated by default" time="0.002">
    </testcase>
    <testcase classname="authStore setUser sets user and marks as authenticated" name="authStore setUser sets user and marks as authenticated" time="0.001">
    </testcase>
    <testcase classname="authStore setUser sets isAuthenticated to false when user is null" name="authStore setUser sets isAuthenticated to false when user is null" time="0.002">
    </testcase>
    <testcase classname="authStore setUser updates user data correctly" name="authStore setUser updates user data correctly" time="0.002">
    </testcase>
    <testcase classname="authStore setTokens stores both access and refresh tokens" name="authStore setTokens stores both access and refresh tokens" time="0.002">
    </testcase>
    <testcase classname="authStore setTokens marks as authenticated when tokens are set" name="authStore setTokens marks as authenticated when tokens are set" time="0.002">
    </testcase>
    <testcase classname="authStore setTokens updates tokens correctly when called again" name="authStore setTokens updates tokens correctly when called again" time="0.001">
    </testcase>
    <testcase classname="authStore clearAuth clears user" name="authStore clearAuth clears user" time="0.001">
    </testcase>
    <testcase classname="authStore clearAuth clears tokens" name="authStore clearAuth clears tokens" time="0.002">
    </testcase>
    <testcase classname="authStore clearAuth sets isAuthenticated to false" name="authStore clearAuth sets isAuthenticated to false" time="0.002">
    </testcase>
    <testcase classname="authStore clearAuth clears all auth-related state at once" name="authStore clearAuth clears all auth-related state at once" time="0.001">
    </testcase>
    <testcase classname="authStore setLoading sets isLoading to true" name="authStore setLoading sets isLoading to true" time="0.001">
    </testcase>
    <testcase classname="authStore setLoading sets isLoading to false" name="authStore setLoading sets isLoading to false" time="0.002">
    </testcase>
    <testcase classname="authStore setHydrated sets isHydrated to true" name="authStore setHydrated sets isHydrated to true" time="0.001">
    </testcase>
    <testcase classname="authStore setHydrated sets isLoading to false when hydrated" name="authStore setHydrated sets isLoading to false when hydrated" time="0.001">
    </testcase>
    <testcase classname="authStore setHydrated sets isLoading to true when not hydrated" name="authStore setHydrated sets isLoading to true when not hydrated" time="0.002">
    </testcase>
    <testcase classname="authStore selectors selectUser returns only user" name="authStore selectors selectUser returns only user" time="0.001">
    </testcase>
    <testcase classname="authStore selectors selectIsAuthenticated returns auth state" name="authStore selectors selectIsAuthenticated returns auth state" time="0.001">
    </testcase>
    <testcase classname="authStore selectors selectIsLoading returns loading state" name="authStore selectors selectIsLoading returns loading state" time="0.001">
    </testcase>
    <testcase classname="authStore selectors selectIsHydrated returns hydration state" name="authStore selectors selectIsHydrated returns hydration state" time="0.002">
    </testcase>
    <testcase classname="authStore selectors selectAccessToken returns access token" name="authStore selectors selectAccessToken returns access token" time="0">
    </testcase>
    <testcase classname="authStore selectors selectors work correctly when user is null" name="authStore selectors selectors work correctly when user is null" time="0.001">
    </testcase>
    <testcase classname="authStore integration scenarios full login flow works correctly" name="authStore integration scenarios full login flow works correctly" time="0.002">
    </testcase>
    <testcase classname="authStore integration scenarios full logout flow works correctly" name="authStore integration scenarios full logout flow works correctly" time="0.001">
    </testcase>
    <testcase classname="authStore integration scenarios token refresh flow preserves user" name="authStore integration scenarios token refresh flow preserves user" time="0.001">
    </testcase>
  </testsuite>
  <testsuite name="timezone utilities" errors="0" failures="0" skipped="0" timestamp="2026-01-17T02:54:45" time="0.257" tests="33">
    <testcase classname="timezone utilities constants has correct business timezone" name="timezone utilities constants has correct business timezone" time="0.007">
    </testcase>
    <testcase classname="timezone utilities constants has correct timezone display name" name="timezone utilities constants has correct timezone display name" time="0.002">
    </testcase>
    <testcase classname="timezone utilities formatPhilippinesTime formats a Date object" name="timezone utilities formatPhilippinesTime formats a Date object" time="0.002">
    </testcase>
    <testcase classname="timezone utilities formatPhilippinesTime formats an ISO string" name="timezone utilities formatPhilippinesTime formats an ISO string" time="0.003">
    </testcase>
    <testcase classname="timezone utilities formatPhilippinesTime uses custom format string" name="timezone utilities formatPhilippinesTime uses custom format string" time="0.002">
    </testcase>
    <testcase classname="timezone utilities formatBookingTime returns object with primary, timezone, and full properties" name="timezone utilities formatBookingTime returns object with primary, timezone, and full properties" time="0.001">
    </testcase>
    <testcase classname="timezone utilities formatBookingTime includes PHT in timezone string" name="timezone utilities formatBookingTime includes PHT in timezone string" time="0.002">
    </testcase>
    <testcase classname="timezone utilities formatBookingTime full contains date and time" name="timezone utilities formatBookingTime full contains date and time" time="0.001">
    </testcase>
    <testcase classname="timezone utilities formatDateRange formats single date when no end date" name="timezone utilities formatDateRange formats single date when no end date" time="0.002">
    </testcase>
    <testcase classname="timezone utilities formatDateRange formats single date when start equals end" name="timezone utilities formatDateRange formats single date when start equals end" time="0.001">
    </testcase>
    <testcase classname="timezone utilities formatDateRange formats date range with different dates" name="timezone utilities formatDateRange formats date range with different dates" time="0.001">
    </testcase>
    <testcase classname="timezone utilities formatDateRange formats date range across months" name="timezone utilities formatDateRange formats date range across months" time="0.002">
    </testcase>
    <testcase classname="timezone utilities getTimezoneNotice returns booking notice" name="timezone utilities getTimezoneNotice returns booking notice" time="0.001">
    </testcase>
    <testcase classname="timezone utilities getTimezoneNotice returns confirmation notice" name="timezone utilities getTimezoneNotice returns confirmation notice" time="0.001">
    </testcase>
    <testcase classname="timezone utilities getTimezoneNotice returns calendar notice" name="timezone utilities getTimezoneNotice returns calendar notice" time="0.002">
    </testcase>
    <testcase classname="timezone utilities getTimezoneNotice returns general notice by default" name="timezone utilities getTimezoneNotice returns general notice by default" time="0.001">
    </testcase>
    <testcase classname="timezone utilities formatDateForPicker formats date as YYYY-MM-DD" name="timezone utilities formatDateForPicker formats date as YYYY-MM-DD" time="0.001">
    </testcase>
    <testcase classname="timezone utilities formatDateForPicker returns correct date components" name="timezone utilities formatDateForPicker returns correct date components" time="0.001">
    </testcase>
    <testcase classname="timezone utilities formatTimeForPicker formats time as HH:mm" name="timezone utilities formatTimeForPicker formats time as HH:mm" time="0.001">
    </testcase>
    <testcase classname="timezone utilities formatTimeForPicker returns correct time components" name="timezone utilities formatTimeForPicker returns correct time components" time="0.001">
    </testcase>
    <testcase classname="timezone utilities formatTimeForPicker pads single digit hours and minutes" name="timezone utilities formatTimeForPicker pads single digit hours and minutes" time="0.001">
    </testcase>
    <testcase classname="timezone utilities parseTimeString parses HH:mm format" name="timezone utilities parseTimeString parses HH:mm format" time="0.002">
    </testcase>
    <testcase classname="timezone utilities parseTimeString parses with base date" name="timezone utilities parseTimeString parses with base date" time="0.001">
    </testcase>
    <testcase classname="timezone utilities parseTimeString parses midnight" name="timezone utilities parseTimeString parses midnight" time="0.001">
    </testcase>
    <testcase classname="timezone utilities parseTimeString parses end of day" name="timezone utilities parseTimeString parses end of day" time="0.002">
    </testcase>
    <testcase classname="timezone utilities calculateDurationHours calculates duration between two times" name="timezone utilities calculateDurationHours calculates duration between two times" time="0.001">
    </testcase>
    <testcase classname="timezone utilities calculateDurationHours handles half hours" name="timezone utilities calculateDurationHours handles half hours" time="0.001">
    </testcase>
    <testcase classname="timezone utilities calculateDurationHours handles overnight events" name="timezone utilities calculateDurationHours handles overnight events" time="0.001">
    </testcase>
    <testcase classname="timezone utilities calculateDurationHours handles same start and end time" name="timezone utilities calculateDurationHours handles same start and end time" time="0.002">
    </testcase>
    <testcase classname="timezone utilities addHoursToTime adds whole hours" name="timezone utilities addHoursToTime adds whole hours" time="0.001">
    </testcase>
    <testcase classname="timezone utilities addHoursToTime adds fractional hours" name="timezone utilities addHoursToTime adds fractional hours" time="0.001">
    </testcase>
    <testcase classname="timezone utilities addHoursToTime handles wraparound past midnight" name="timezone utilities addHoursToTime handles wraparound past midnight" time="0.002">
    </testcase>
    <testcase classname="timezone utilities addHoursToTime handles subtracting hours (negative)" name="timezone utilities addHoursToTime handles subtracting hours (negative)" time="0.001">
    </testcase>
  </testsuite>
  <testsuite name="useDashboard" errors="0" failures="0" skipped="0" timestamp="2026-01-17T02:54:42" time="3.08" tests="7">
    <testcase classname="useDashboard query keys has correct dashboard keys structure" name="useDashboard query keys has correct dashboard keys structure" time="0.004">
    </testcase>
    <testcase classname="useDashboard data aggregation returns loading state initially" name="useDashboard data aggregation returns loading state initially" time="0.501">
    </testcase>
    <testcase classname="useDashboard data aggregation aggregates data from multiple sources" name="useDashboard data aggregation aggregates data from multiple sources" time="0.257">
    </testcase>
    <testcase classname="useDashboard data aggregation provides refetch function" name="useDashboard data aggregation provides refetch function" time="0.112">
    </testcase>
    <testcase classname="useDashboard error handling handles API errors gracefully" name="useDashboard error handling handles API errors gracefully" time="0.346">
    </testcase>
    <testcase classname="useDashboard data structure criticalActions has expected shape" name="useDashboard data structure criticalActions has expected shape" time="0.15">
    </testcase>
    <testcase classname="useDashboard data structure limits critical actions to 5 items each" name="useDashboard data structure limits critical actions to 5 items each" time="0.055">
    </testcase>
  </testsuite>
</testsuites>