TN:
SF:src/hooks/useActionCenter.ts
FN:57,transformTaskToAction
FN:83,transformQuoteToAction
FN:118,transformContractToAction
FN:152,transformOverduePaymentToAction
FN:181,transformInvoiceToAction
FN:217,sortActions
FN:222,(anonymous_6)
FN:291,useActionCenter
FN:332,(anonymous_8)
FN:338,(anonymous_9)
FN:339,(anonymous_10)
FN:345,(anonymous_11)
FN:351,(anonymous_12)
FN:358,(anonymous_13)
FN:361,(anonymous_14)
FN:365,(anonymous_15)
FN:371,(anonymous_16)
FN:385,(anonymous_17)
FN:390,(anonymous_18)
FN:395,(anonymous_19)
FN:400,(anonymous_20)
FN:407,(anonymous_21)
FN:418,(anonymous_22)
FN:423,(anonymous_23)
FN:424,(anonymous_24)
FN:425,(anonymous_25)
FN:426,(anonymous_26)
FN:427,(anonymous_27)
FN:428,(anonymous_28)
FN:429,(anonymous_29)
FN:444,(anonymous_30)
FN:454,(anonymous_31)
FN:457,(anonymous_32)
FN:467,(anonymous_33)
FN:468,(anonymous_34)
FN:472,(anonymous_35)
FN:476,(anonymous_36)
FN:480,(anonymous_37)
FN:485,(anonymous_38)
FN:490,(anonymous_39)
FN:508,(anonymous_40)
FN:542,useActionCount
FNF:42
FNH:0
FNDA:0,transformTaskToAction
FNDA:0,transformQuoteToAction
FNDA:0,transformContractToAction
FNDA:0,transformOverduePaymentToAction
FNDA:0,transformInvoiceToAction
FNDA:0,sortActions
FNDA:0,(anonymous_6)
FNDA:0,useActionCenter
FNDA:0,(anonymous_8)
FNDA:0,(anonymous_9)
FNDA:0,(anonymous_10)
FNDA:0,(anonymous_11)
FNDA:0,(anonymous_12)
FNDA:0,(anonymous_13)
FNDA:0,(anonymous_14)
FNDA:0,(anonymous_15)
FNDA:0,(anonymous_16)
FNDA:0,(anonymous_17)
FNDA:0,(anonymous_18)
FNDA:0,(anonymous_19)
FNDA:0,(anonymous_20)
FNDA:0,(anonymous_21)
FNDA:0,(anonymous_22)
FNDA:0,(anonymous_23)
FNDA:0,(anonymous_24)
FNDA:0,(anonymous_25)
FNDA:0,(anonymous_26)
FNDA:0,(anonymous_27)
FNDA:0,(anonymous_28)
FNDA:0,(anonymous_29)
FNDA:0,(anonymous_30)
FNDA:0,(anonymous_31)
FNDA:0,(anonymous_32)
FNDA:0,(anonymous_33)
FNDA:0,(anonymous_34)
FNDA:0,(anonymous_35)
FNDA:0,(anonymous_36)
FNDA:0,(anonymous_37)
FNDA:0,(anonymous_38)
FNDA:0,(anonymous_39)
FNDA:0,(anonymous_40)
FNDA:0,useActionCount
DA:58,0
DA:60,0
DA:84,0
DA:85,0
DA:86,0
DA:87,0
DA:89,0
DA:119,0
DA:120,0
DA:121,0
DA:122,0
DA:124,0
DA:153,0
DA:154,0
DA:156,0
DA:182,0
DA:183,0
DA:184,0
DA:185,0
DA:189,0
DA:222,0
DA:223,0
DA:225,0
DA:227,0
DA:228,0
DA:230,0
DA:231,0
DA:232,0
DA:233,0
DA:234,0
DA:236,0
DA:237,0
DA:239,0
DA:240,0
DA:242,0
DA:245,0
DA:248,0
DA:296,0
DA:298,0
DA:301,0
DA:302,0
DA:303,0
DA:304,0
DA:305,0
DA:309,0
DA:316,0
DA:323,0
DA:332,0
DA:333,0
DA:336,0
DA:337,0
DA:338,0
DA:340,0
DA:344,0
DA:345,0
DA:346,0
DA:350,0
DA:351,0
DA:352,0
DA:356,0
DA:357,0
DA:360,0
DA:361,0
DA:363,0
DA:366,0
DA:370,0
DA:371,0
DA:372,0
DA:375,0
DA:385,0
DA:386,0
DA:389,0
DA:390,0
DA:394,0
DA:395,0
DA:399,0
DA:400,0
DA:404,0
DA:405,0
DA:406,0
DA:408,0
DA:414,0
DA:418,0
DA:419,0
DA:423,0
DA:424,0
DA:425,0
DA:426,0
DA:427,0
DA:428,0
DA:429,0
DA:431,0
DA:443,0
DA:444,0
DA:454,0
DA:455,0
DA:457,0
DA:458,0
DA:459,0
DA:460,0
DA:462,0
DA:466,0
DA:467,0
DA:468,0
DA:472,0
DA:473,0
DA:476,0
DA:477,0
DA:480,0
DA:481,0
DA:482,0
DA:485,0
DA:486,0
DA:490,0
DA:491,0
DA:493,0
DA:494,0
DA:496,0
DA:497,0
DA:499,0
DA:500,0
DA:502,0
DA:503,0
DA:508,0
DA:509,0
DA:510,0
DA:511,0
DA:512,0
DA:515,0
DA:543,0
DA:545,0
LF:131
LH:0
BRDA:64,0,0,0
BRDA:64,0,1,0
BRDA:74,1,0,0
BRDA:74,1,1,0
BRDA:75,2,0,0
BRDA:75,2,1,0
BRDA:86,3,0,0
BRDA:86,3,1,0
BRDA:93,4,0,0
BRDA:93,4,1,0
BRDA:95,5,0,0
BRDA:95,5,1,0
BRDA:96,6,0,0
BRDA:96,6,1,0
BRDA:120,7,0,0
BRDA:120,7,1,0
BRDA:120,7,2,0
BRDA:121,8,0,0
BRDA:121,8,1,0
BRDA:121,8,2,0
BRDA:122,9,0,0
BRDA:122,9,1,0
BRDA:128,10,0,0
BRDA:128,10,1,0
BRDA:133,11,0,0
BRDA:133,11,1,0
BRDA:133,12,0,0
BRDA:133,12,1,0
BRDA:134,13,0,0
BRDA:134,13,1,0
BRDA:134,14,0,0
BRDA:134,14,1,0
BRDA:144,15,0,0
BRDA:144,15,1,0
BRDA:154,16,0,0
BRDA:154,16,1,0
BRDA:154,17,0,0
BRDA:154,17,1,0
BRDA:160,18,0,0
BRDA:160,18,1,0
BRDA:185,19,0,0
BRDA:185,19,1,0
BRDA:186,20,0,0
BRDA:186,20,1,0
BRDA:193,21,0,0
BRDA:193,21,1,0
BRDA:194,22,0,0
BRDA:194,22,1,0
BRDA:220,23,0,0
BRDA:225,24,0,0
BRDA:225,24,1,0
BRDA:225,24,2,0
BRDA:225,24,3,0
BRDA:225,24,4,0
BRDA:230,25,0,0
BRDA:230,25,1,0
BRDA:230,26,0,0
BRDA:230,26,1,0
BRDA:231,27,0,0
BRDA:231,27,1,0
BRDA:232,28,0,0
BRDA:232,28,1,0
BRDA:245,29,0,0
BRDA:245,29,1,0
BRDA:291,30,0,0
BRDA:293,31,0,0
BRDA:294,32,0,0
BRDA:295,33,0,0
BRDA:309,34,0,0
BRDA:309,34,1,0
BRDA:309,34,2,0
BRDA:309,34,3,0
BRDA:309,34,4,0
BRDA:316,35,0,0
BRDA:316,35,1,0
BRDA:316,35,2,0
BRDA:316,35,3,0
BRDA:316,35,4,0
BRDA:323,36,0,0
BRDA:323,36,1,0
BRDA:325,37,0,0
BRDA:325,37,1,0
BRDA:327,38,0,0
BRDA:327,38,1,0
BRDA:336,39,0,0
BRDA:336,39,1,0
BRDA:344,40,0,0
BRDA:344,40,1,0
BRDA:350,41,0,0
BRDA:350,41,1,0
BRDA:356,42,0,0
BRDA:356,42,1,0
BRDA:363,43,0,0
BRDA:363,43,1,0
BRDA:370,44,0,0
BRDA:370,44,1,0
BRDA:389,45,0,0
BRDA:389,45,1,0
BRDA:389,46,0,0
BRDA:389,46,1,0
BRDA:394,47,0,0
BRDA:394,47,1,0
BRDA:399,48,0,0
BRDA:399,48,1,0
BRDA:399,49,0,0
BRDA:399,49,1,0
BRDA:404,50,0,0
BRDA:404,50,1,0
BRDA:408,51,0,0
BRDA:408,51,1,0
BRDA:408,51,2,0
BRDA:459,52,0,0
BRDA:459,52,1,0
BRDA:491,53,0,0
BRDA:491,53,1,0
BRDA:491,53,2,0
BRDA:491,53,3,0
BRF:117
BRH:0
end_of_record
TN:
SF:src/hooks/useAuth.ts
FN:39,useAuth
FN:52,useLogin
FN:57,(anonymous_2)
FN:58,(anonymous_3)
FN:71,useRegister
FN:76,(anonymous_5)
FN:77,(anonymous_6)
FN:90,useLogout
FN:96,(anonymous_8)
FN:97,(anonymous_9)
FN:112,useCurrentUser
FN:117,(anonymous_11)
FN:132,useUpdateProfile
FN:137,(anonymous_13)
FN:138,(anonymous_14)
FN:148,useChangePassword
FN:150,(anonymous_16)
FN:161,useRequestPasswordReset
FN:163,(anonymous_18)
FN:170,useConfirmPasswordReset
FN:172,(anonymous_20)
FN:189,useAcceptInvitation
FN:194,(anonymous_22)
FN:203,(anonymous_23)
FNF:24
FNH:18
FNDA:0,useAuth
FNDA:10,useLogin
FNDA:4,(anonymous_2)
FNDA:2,(anonymous_3)
FNDA:8,useRegister
FNDA:3,(anonymous_5)
FNDA:2,(anonymous_6)
FNDA:6,useLogout
FNDA:3,(anonymous_8)
FNDA:3,(anonymous_9)
FNDA:5,useCurrentUser
FNDA:2,(anonymous_11)
FNDA:4,useUpdateProfile
FNDA:2,(anonymous_13)
FNDA:2,(anonymous_14)
FNDA:4,useChangePassword
FNDA:2,(anonymous_16)
FNDA:4,useRequestPasswordReset
FNDA:2,(anonymous_18)
FNDA:0,useConfirmPasswordReset
FNDA:0,(anonymous_20)
FNDA:0,useAcceptInvitation
FNDA:0,(anonymous_22)
FNDA:0,(anonymous_23)
DA:40,0
DA:53,10
DA:54,10
DA:56,10
DA:57,4
DA:59,2
DA:60,2
DA:61,2
DA:72,8
DA:73,8
DA:75,8
DA:76,3
DA:78,2
DA:79,2
DA:80,2
DA:91,6
DA:92,6
DA:93,6
DA:95,6
DA:96,3
DA:99,3
DA:101,3
DA:102,3
DA:113,5
DA:115,5
DA:118,2
DA:119,2
DA:120,2
DA:133,4
DA:134,4
DA:136,4
DA:137,2
DA:139,2
DA:140,2
DA:149,4
DA:154,2
DA:162,4
DA:163,2
DA:171,0
DA:180,0
DA:190,0
DA:191,0
DA:193,0
DA:202,0
DA:204,0
DA:205,0
DA:206,0
LF:47
LH:37
BRF:0
BRH:0
end_of_record
TN:
SF:src/hooks/useAvailabilityWebSocket.ts
FN:103,(anonymous_0)
FN:128,(anonymous_1)
FN:134,(anonymous_2)
FN:152,(anonymous_3)
FN:222,(anonymous_4)
FN:227,(anonymous_5)
FN:235,(anonymous_6)
FN:243,(anonymous_7)
FN:270,(anonymous_8)
FN:279,(anonymous_9)
FN:291,(anonymous_10)
FN:298,(anonymous_11)
FN:320,(anonymous_12)
FN:328,(anonymous_13)
FN:329,(anonymous_14)
FN:342,(anonymous_15)
FN:348,(anonymous_16)
FN:349,(anonymous_17)
FN:367,(anonymous_18)
FN:373,(anonymous_19)
FN:383,(anonymous_20)
FN:396,(anonymous_21)
FNF:22
FNH:0
FNDA:0,(anonymous_0)
FNDA:0,(anonymous_1)
FNDA:0,(anonymous_2)
FNDA:0,(anonymous_3)
FNDA:0,(anonymous_4)
FNDA:0,(anonymous_5)
FNDA:0,(anonymous_6)
FNDA:0,(anonymous_7)
FNDA:0,(anonymous_8)
FNDA:0,(anonymous_9)
FNDA:0,(anonymous_10)
FNDA:0,(anonymous_11)
FNDA:0,(anonymous_12)
FNDA:0,(anonymous_13)
FNDA:0,(anonymous_14)
FNDA:0,(anonymous_15)
FNDA:0,(anonymous_16)
FNDA:0,(anonymous_17)
FNDA:0,(anonymous_18)
FNDA:0,(anonymous_19)
FNDA:0,(anonymous_20)
FNDA:0,(anonymous_21)
DA:9,0
DA:103,0
DA:115,0
DA:117,0
DA:118,0
DA:119,0
DA:120,0
DA:122,0
DA:123,0
DA:124,0
DA:125,0
DA:128,0
DA:129,0
DA:130,0
DA:134,0
DA:135,0
DA:136,0
DA:137,0
DA:140,0
DA:141,0
DA:142,0
DA:143,0
DA:145,0
DA:146,0
DA:151,0
DA:153,0
DA:154,0
DA:156,0
DA:158,0
DA:159,0
DA:162,0
DA:165,0
DA:166,0
DA:170,0
DA:171,0
DA:175,0
DA:176,0
DA:180,0
DA:181,0
DA:184,0
DA:187,0
DA:188,0
DA:192,0
DA:193,0
DA:197,0
DA:198,0
DA:202,0
DA:205,0
DA:208,0
DA:222,0
DA:223,0
DA:224,0
DA:227,0
DA:228,0
DA:229,0
DA:235,0
DA:236,0
DA:237,0
DA:238,0
DA:243,0
DA:244,0
DA:245,0
DA:249,0
DA:250,0
DA:251,0
DA:254,0
DA:255,0
DA:256,0
DA:257,0
DA:261,0
DA:262,0
DA:265,0
DA:267,0
DA:268,0
DA:270,0
DA:271,0
DA:272,0
DA:273,0
DA:274,0
DA:277,0
DA:279,0
DA:280,0
DA:285,0
DA:286,0
DA:287,0
DA:290,0
DA:291,0
DA:292,0
DA:293,0
DA:298,0
DA:299,0
DA:300,0
DA:303,0
DA:305,0
DA:320,0
DA:321,0
DA:322,0
DA:324,0
DA:328,0
DA:329,0
DA:330,0
DA:331,0
DA:333,0
DA:336,0
DA:337,0
DA:338,0
DA:342,0
DA:343,0
DA:348,0
DA:349,0
DA:350,0
DA:352,0
DA:353,0
DA:354,0
DA:356,0
DA:358,0
DA:359,0
DA:360,0
DA:365,0
DA:367,0
DA:368,0
DA:373,0
DA:374,0
DA:375,0
DA:377,0
DA:378,0
DA:380,0
DA:383,0
DA:385,0
DA:386,0
DA:388,0
DA:389,0
DA:390,0
DA:396,0
DA:397,0
DA:398,0
DA:402,0
LF:137
LH:0
BRDA:9,0,0,0
BRDA:9,0,1,0
BRDA:104,1,0,0
BRDA:107,2,0,0
BRDA:114,3,0,0
BRDA:135,4,0,0
BRDA:135,4,1,0
BRDA:142,5,0,0
BRDA:142,5,1,0
BRDA:156,6,0,0
BRDA:156,6,1,0
BRDA:156,6,2,0
BRDA:156,6,3,0
BRDA:156,6,4,0
BRDA:165,7,0,0
BRDA:165,7,1,0
BRDA:165,8,0,0
BRDA:165,8,1,0
BRDA:187,9,0,0
BRDA:187,9,1,0
BRDA:223,10,0,0
BRDA:223,10,1,0
BRDA:228,11,0,0
BRDA:228,11,1,0
BRDA:236,12,0,0
BRDA:236,12,1,0
BRDA:244,13,0,0
BRDA:244,13,1,0
BRDA:249,14,0,0
BRDA:249,14,1,0
BRDA:255,15,0,0
BRDA:255,15,1,0
BRDA:261,16,0,0
BRDA:261,16,1,0
BRDA:290,17,0,0
BRDA:290,17,1,0
BRDA:290,18,0,0
BRDA:290,18,1,0
BRDA:290,18,2,0
BRDA:321,19,0,0
BRDA:321,19,1,0
BRDA:331,20,0,0
BRDA:331,20,1,0
BRDA:336,21,0,0
BRDA:336,21,1,0
BRDA:336,22,0,0
BRDA:336,22,1,0
BRDA:336,22,2,0
BRDA:350,23,0,0
BRDA:350,23,1,0
BRDA:350,24,0,0
BRDA:350,24,1,0
BRDA:350,24,2,0
BRDA:352,25,0,0
BRDA:352,25,1,0
BRDA:356,26,0,0
BRDA:356,26,1,0
BRDA:359,27,0,0
BRDA:359,27,1,0
BRDA:374,28,0,0
BRDA:374,28,1,0
BRDA:374,29,0,0
BRDA:374,29,1,0
BRDA:377,30,0,0
BRDA:377,30,1,0
BRDA:385,31,0,0
BRDA:385,31,1,0
BRDA:389,32,0,0
BRDA:389,32,1,0
BRDA:397,33,0,0
BRDA:397,33,1,0
BRF:71
BRH:0
end_of_record
TN:
SF:src/hooks/useBiometrics.ts
FN:60,useBiometrics
FN:66,(anonymous_1)
FN:74,(anonymous_2)
FN:80,(anonymous_3)
FN:87,(anonymous_4)
FN:94,(anonymous_5)
FN:107,(anonymous_6)
FN:120,(anonymous_7)
FN:127,(anonymous_8)
FNF:9
FNH:0
FNDA:0,useBiometrics
FNDA:0,(anonymous_1)
FNDA:0,(anonymous_2)
FNDA:0,(anonymous_3)
FNDA:0,(anonymous_4)
FNDA:0,(anonymous_5)
FNDA:0,(anonymous_6)
FNDA:0,(anonymous_7)
FNDA:0,(anonymous_8)
DA:24,0
DA:61,0
DA:64,0
DA:66,0
DA:72,0
DA:74,0
DA:79,0
DA:81,0
DA:82,0
DA:83,0
DA:85,0
DA:89,0
DA:94,0
DA:95,0
DA:96,0
DA:97,0
DA:99,0
DA:107,0
DA:108,0
DA:109,0
DA:110,0
DA:112,0
DA:120,0
DA:121,0
DA:122,0
DA:126,0
DA:128,0
DA:134,0
DA:138,0
LF:29
LH:0
BRDA:82,0,0,0
BRDA:82,0,1,0
BRDA:101,1,0,0
BRDA:101,1,1,0
BRDA:114,2,0,0
BRDA:114,2,1,0
BRDA:121,3,0,0
BRDA:121,3,1,0
BRDA:122,4,0,0
BRDA:122,4,1,0
BRDA:134,5,0,0
BRDA:134,5,1,0
BRDA:139,6,0,0
BRDA:139,6,1,0
BRDA:140,7,0,0
BRDA:140,7,1,0
BRDA:141,8,0,0
BRDA:141,8,1,0
BRDA:142,9,0,0
BRDA:142,9,1,0
BRF:20
BRH:0
end_of_record
TN:
SF:src/hooks/useCancelableRequest.ts
FN:33,useCancelableRequest
FN:40,(anonymous_1)
FN:51,(anonymous_2)
FN:58,(anonymous_3)
FN:66,(anonymous_4)
FN:67,(anonymous_5)
FNF:6
FNH:0
FNDA:0,useCancelableRequest
FNDA:0,(anonymous_1)
FNDA:0,(anonymous_2)
FNDA:0,(anonymous_3)
FNDA:0,(anonymous_4)
FNDA:0,(anonymous_5)
DA:34,0
DA:40,0
DA:42,0
DA:43,0
DA:45,0
DA:51,0
DA:52,0
DA:58,0
DA:59,0
DA:60,0
DA:61,0
DA:66,0
DA:67,0
DA:68,0
DA:69,0
DA:74,0
LF:16
LH:0
BRDA:42,0,0,0
BRDA:42,0,1,0
BRDA:42,1,0,0
BRDA:42,1,1,0
BRDA:59,2,0,0
BRDA:59,2,1,0
BRDA:68,3,0,0
BRDA:68,3,1,0
BRF:8
BRH:0
end_of_record
TN:
SF:src/hooks/useContracts.ts
FN:23,(anonymous_0)
FN:24,(anonymous_1)
FN:25,(anonymous_2)
FN:26,(anonymous_3)
FN:27,(anonymous_4)
FN:28,(anonymous_5)
FN:38,usePendingContracts
FN:41,(anonymous_7)
FN:43,(anonymous_8)
FN:61,useAllContracts
FN:64,(anonymous_10)
FN:76,useEventContracts
FN:82,(anonymous_12)
FN:96,useContract
FN:99,(anonymous_14)
FN:108,useContracts
FN:111,(anonymous_16)
FN:123,useSignContract
FN:128,(anonymous_18)
FN:130,(anonymous_19)
FN:152,(anonymous_20)
FN:167,calculateDaysUntilExpiry
FN:177,getContractUrgency
FN:191,canSignContract
FNF:24
FNH:24
FNDA:12,(anonymous_0)
FNDA:5,(anonymous_1)
FNDA:16,(anonymous_2)
FNDA:7,(anonymous_3)
FNDA:7,(anonymous_4)
FNDA:2,(anonymous_5)
FNDA:14,usePendingContracts
FNDA:8,(anonymous_7)
FNDA:8,(anonymous_8)
FNDA:6,useAllContracts
FNDA:3,(anonymous_10)
FNDA:4,useEventContracts
FNDA:2,(anonymous_12)
FNDA:5,useContract
FNDA:2,(anonymous_14)
FNDA:4,useContracts
FNDA:2,(anonymous_16)
FNDA:4,useSignContract
FNDA:2,(anonymous_18)
FNDA:1,(anonymous_19)
FNDA:1,(anonymous_20)
FNDA:8,calculateDaysUntilExpiry
FNDA:7,getContractUrgency
FNDA:5,canSignContract
DA:21,2
DA:23,12
DA:24,5
DA:25,16
DA:26,7
DA:27,7
DA:28,2
DA:39,14
DA:42,8
DA:43,8
DA:62,6
DA:65,3
DA:66,3
DA:77,4
DA:81,4
DA:82,2
DA:85,4
DA:97,5
DA:99,2
DA:109,4
DA:111,2
DA:124,4
DA:125,4
DA:127,4
DA:129,2
DA:131,1
DA:134,1
DA:137,1
DA:140,1
DA:145,1
DA:148,1
DA:153,1
DA:155,1
DA:158,1
DA:168,8
DA:169,8
DA:170,8
DA:171,8
DA:180,7
DA:181,6
DA:182,4
DA:183,3
DA:184,2
DA:185,1
DA:192,5
LF:45
LH:45
BRDA:81,0,0,4
BRDA:81,0,1,2
BRDA:155,1,0,1
BRDA:155,1,1,0
BRDA:155,1,2,0
BRDA:168,2,0,0
BRDA:168,2,1,8
BRDA:180,3,0,1
BRDA:180,3,1,6
BRDA:181,4,0,2
BRDA:181,4,1,4
BRDA:182,5,0,1
BRDA:182,5,1,3
BRDA:183,6,0,1
BRDA:183,6,1,2
BRDA:184,7,0,1
BRDA:184,7,1,1
BRDA:193,8,0,5
BRDA:193,8,1,4
BRDA:193,8,2,3
BRDA:193,8,3,3
BRF:21
BRH:18
end_of_record
TN:
SF:src/hooks/useDashboard.ts
FN:29,(anonymous_0)
FN:30,(anonymous_1)
FN:62,useDashboard
FN:100,(anonymous_3)
FN:112,(anonymous_4)
FN:137,(anonymous_5)
FN:161,useUrgentTasks
FN:164,(anonymous_7)
FNF:8
FNH:7
FNDA:1,(anonymous_0)
FNDA:11,(anonymous_1)
FNDA:10,useDashboard
FNDA:10,(anonymous_3)
FNDA:6,(anonymous_4)
FNDA:0,(anonymous_5)
FNDA:10,useUrgentTasks
FNDA:6,(anonymous_7)
DA:27,1
DA:29,1
DA:30,11
DA:63,10
DA:66,10
DA:67,10
DA:68,10
DA:69,10
DA:70,10
DA:71,10
DA:75,10
DA:83,10
DA:92,10
DA:100,10
DA:102,10
DA:104,4
DA:105,4
DA:106,4
DA:107,4
DA:108,4
DA:111,4
DA:112,6
DA:114,4
DA:116,4
DA:137,10
DA:138,0
DA:139,0
DA:140,0
DA:141,0
DA:142,0
DA:145,10
DA:162,10
DA:164,6
LF:33
LH:28
BRDA:75,0,0,10
BRDA:75,0,1,4
BRDA:75,0,2,4
BRDA:75,0,3,4
BRDA:75,0,4,4
BRDA:75,0,5,4
BRDA:83,1,0,10
BRDA:83,1,1,4
BRDA:83,1,2,4
BRDA:83,1,3,4
BRDA:83,1,4,4
BRDA:83,1,5,4
BRDA:92,2,0,10
BRDA:92,2,1,9
BRDA:92,2,2,9
BRDA:92,2,3,9
BRDA:92,2,4,9
BRDA:92,2,5,9
BRDA:102,3,0,6
BRDA:102,3,1,4
BRDA:104,4,0,4
BRDA:104,4,1,1
BRDA:105,5,0,4
BRDA:105,5,1,0
BRDA:106,6,0,4
BRDA:106,6,1,0
BRDA:107,7,0,4
BRDA:107,7,1,0
BRDA:108,8,0,4
BRDA:108,8,1,1
BRDA:114,9,0,4
BRDA:114,9,1,1
BRDA:124,10,0,4
BRDA:124,10,1,0
BRF:34
BRH:30
end_of_record
TN:
SF:src/hooks/useDeepLinking.ts
FN:63,useDeepLinking
FN:82,(anonymous_1)
FN:104,(anonymous_2)
FN:109,(anonymous_3)
FN:117,(anonymous_4)
FN:127,(anonymous_5)
FN:128,(anonymous_6)
FN:132,(anonymous_7)
FNF:8
FNH:0
FNDA:0,useDeepLinking
FNDA:0,(anonymous_1)
FNDA:0,(anonymous_2)
FNDA:0,(anonymous_3)
FNDA:0,(anonymous_4)
FNDA:0,(anonymous_5)
FNDA:0,(anonymous_6)
FNDA:0,(anonymous_7)
DA:71,0
DA:73,0
DA:74,0
DA:76,0
DA:77,0
DA:78,0
DA:81,0
DA:83,0
DA:84,0
DA:85,0
DA:87,0
DA:89,0
DA:90,0
DA:93,0
DA:95,0
DA:96,0
DA:97,0
DA:104,0
DA:105,0
DA:106,0
DA:109,0
DA:110,0
DA:112,0
DA:113,0
DA:114,0
DA:117,0
DA:118,0
DA:123,0
DA:127,0
DA:128,0
DA:129,0
DA:132,0
DA:133,0
DA:137,0
LF:34
LH:0
BRDA:64,0,0,0
BRDA:67,1,0,0
BRDA:89,2,0,0
BRDA:89,2,1,0
BRDA:105,3,0,0
BRDA:105,3,1,0
BRDA:105,4,0,0
BRDA:105,4,1,0
BRDA:112,5,0,0
BRDA:112,5,1,0
BRF:10
BRH:0
end_of_record
TN:
SF:src/hooks/useDocumentDownload.ts
FN:36,useDocumentDownload
FN:42,(anonymous_1)
FN:47,(anonymous_2)
FN:53,(anonymous_3)
FN:78,(anonymous_4)
FN:103,(anonymous_5)
FN:127,(anonymous_6)
FNF:7
FNH:0
FNDA:0,useDocumentDownload
FNDA:0,(anonymous_1)
FNDA:0,(anonymous_2)
FNDA:0,(anonymous_3)
FNDA:0,(anonymous_4)
FNDA:0,(anonymous_5)
FNDA:0,(anonymous_6)
DA:37,0
DA:38,0
DA:39,0
DA:42,0
DA:43,0
DA:47,0
DA:48,0
DA:52,0
DA:54,0
DA:55,0
DA:57,0
DA:58,0
DA:63,0
DA:64,0
DA:67,0
DA:69,0
DA:70,0
DA:77,0
DA:79,0
DA:80,0
DA:82,0
DA:83,0
DA:88,0
DA:89,0
DA:92,0
DA:94,0
DA:95,0
DA:102,0
DA:104,0
DA:105,0
DA:107,0
DA:108,0
DA:113,0
DA:114,0
DA:117,0
DA:119,0
DA:120,0
DA:127,0
DA:128,0
DA:131,0
LF:40
LH:0
BRDA:63,0,0,0
BRDA:63,0,1,0
BRDA:64,1,0,0
BRDA:64,1,1,0
BRDA:88,2,0,0
BRDA:88,2,1,0
BRDA:89,3,0,0
BRDA:89,3,1,0
BRDA:113,4,0,0
BRDA:113,4,1,0
BRDA:114,5,0,0
BRDA:114,5,1,0
BRF:12
BRH:0
end_of_record
TN:
SF:src/hooks/useDocuments.ts
FN:25,(anonymous_0)
FN:26,(anonymous_1)
FN:27,(anonymous_2)
FN:28,(anonymous_3)
FN:38,useAllDocuments
FN:41,(anonymous_5)
FN:49,useEventDocumentsQuery
FN:52,(anonymous_7)
FN:60,useDocumentEvents
FN:63,(anonymous_9)
FN:71,useUploadDocument
FN:75,(anonymous_11)
FN:76,(anonymous_12)
FN:90,useDocuments
FN:110,(anonymous_14)
FN:117,(anonymous_15)
FN:122,(anonymous_16)
FN:127,(anonymous_17)
FN:136,(anonymous_18)
FN:144,(anonymous_19)
FN:171,(anonymous_20)
FN:172,(anonymous_21)
FN:176,(anonymous_22)
FN:181,(anonymous_23)
FN:182,(anonymous_24)
FN:186,(anonymous_25)
FN:191,(anonymous_26)
FN:203,(anonymous_27)
FNF:28
FNH:0
FNDA:0,(anonymous_0)
FNDA:0,(anonymous_1)
FNDA:0,(anonymous_2)
FNDA:0,(anonymous_3)
FNDA:0,useAllDocuments
FNDA:0,(anonymous_5)
FNDA:0,useEventDocumentsQuery
FNDA:0,(anonymous_7)
FNDA:0,useDocumentEvents
FNDA:0,(anonymous_9)
FNDA:0,useUploadDocument
FNDA:0,(anonymous_11)
FNDA:0,(anonymous_12)
FNDA:0,useDocuments
FNDA:0,(anonymous_14)
FNDA:0,(anonymous_15)
FNDA:0,(anonymous_16)
FNDA:0,(anonymous_17)
FNDA:0,(anonymous_18)
FNDA:0,(anonymous_19)
FNDA:0,(anonymous_20)
FNDA:0,(anonymous_21)
FNDA:0,(anonymous_22)
FNDA:0,(anonymous_23)
FNDA:0,(anonymous_24)
FNDA:0,(anonymous_25)
FNDA:0,(anonymous_26)
FNDA:0,(anonymous_27)
DA:23,0
DA:25,0
DA:26,0
DA:27,0
DA:28,0
DA:39,0
DA:41,0
DA:50,0
DA:52,0
DA:61,0
DA:63,0
DA:72,0
DA:74,0
DA:75,0
DA:78,0
DA:80,0
DA:92,0
DA:93,0
DA:94,0
DA:104,0
DA:107,0
DA:110,0
DA:111,0
DA:113,0
DA:116,0
DA:117,0
DA:121,0
DA:122,0
DA:126,0
DA:127,0
DA:128,0
DA:133,0
DA:134,0
DA:135,0
DA:137,0
DA:144,0
DA:145,0
DA:147,0
DA:149,0
DA:150,0
DA:152,0
DA:153,0
DA:155,0
DA:156,0
DA:159,0
DA:161,0
DA:164,0
DA:167,0
DA:171,0
DA:172,0
DA:176,0
DA:177,0
DA:181,0
DA:182,0
DA:186,0
DA:187,0
DA:191,0
DA:192,0
DA:193,0
DA:200,0
DA:201,0
DA:203,0
DA:204,0
DA:205,0
DA:208,0
DA:215,0
LF:66
LH:0
BRDA:92,0,0,0
BRDA:92,0,1,0
BRDA:111,1,0,0
BRDA:111,1,1,0
BRDA:116,2,0,0
BRDA:116,2,1,0
BRDA:121,3,0,0
BRDA:121,3,1,0
BRDA:121,4,0,0
BRDA:121,4,1,0
BRDA:126,5,0,0
BRDA:126,5,1,0
BRDA:126,6,0,0
BRDA:126,6,1,0
BRDA:133,7,0,0
BRDA:133,7,1,0
BRDA:137,8,0,0
BRDA:137,8,1,0
BRDA:137,8,2,0
BRDA:147,9,0,0
BRDA:147,9,1,0
BRDA:147,9,2,0
BRDA:147,9,3,0
BRDA:147,9,4,0
BRDA:155,10,0,0
BRDA:155,10,1,0
BRDA:155,11,0,0
BRDA:155,11,1,0
BRDA:164,12,0,0
BRDA:164,12,1,0
BRDA:192,13,0,0
BRDA:192,13,1,0
BRDA:204,14,0,0
BRDA:204,14,1,0
BRDA:205,15,0,0
BRDA:205,15,1,0
BRF:36
BRH:0
end_of_record
TN:
SF:src/hooks/useEventAvailability.ts
FN:23,(anonymous_0)
FN:78,(anonymous_1)
FN:93,(anonymous_2)
FN:124,(anonymous_3)
FN:135,(anonymous_4)
FN:140,(anonymous_5)
FNF:6
FNH:0
FNDA:0,(anonymous_0)
FNDA:0,(anonymous_1)
FNDA:0,(anonymous_2)
FNDA:0,(anonymous_3)
FNDA:0,(anonymous_4)
FNDA:0,(anonymous_5)
DA:21,0
DA:24,0
DA:78,0
DA:84,0
DA:85,0
DA:88,0
DA:89,0
DA:91,0
DA:94,0
DA:99,0
DA:106,0
DA:124,0
DA:128,0
DA:129,0
DA:135,0
DA:139,0
DA:140,0
LF:17
LH:0
BRDA:81,0,0,0
BRDA:108,1,0,0
BRDA:108,1,1,0
BRDA:109,2,0,0
BRDA:109,2,1,0
BRDA:140,3,0,0
BRDA:140,3,1,0
BRF:7
BRH:0
end_of_record
TN:
SF:src/hooks/useEventQuestionnaires.ts
FN:22,(anonymous_0)
FN:23,(anonymous_1)
FN:24,(anonymous_2)
FN:34,useQuestionnairesForEvent
FN:37,(anonymous_4)
FN:46,useEventResponses
FN:49,(anonymous_6)
FN:58,useActiveQuestionnaires
FN:61,(anonymous_8)
FN:73,useSaveEventResponses
FN:78,(anonymous_10)
FN:80,(anonymous_11)
FN:88,(anonymous_12)
FN:107,useEventQuestionnairesHooks
FNF:14
FNH:0
FNDA:0,(anonymous_0)
FNDA:0,(anonymous_1)
FNDA:0,(anonymous_2)
FNDA:0,useQuestionnairesForEvent
FNDA:0,(anonymous_4)
FNDA:0,useEventResponses
FNDA:0,(anonymous_6)
FNDA:0,useActiveQuestionnaires
FNDA:0,(anonymous_8)
FNDA:0,useSaveEventResponses
FNDA:0,(anonymous_10)
FNDA:0,(anonymous_11)
FNDA:0,(anonymous_12)
FNDA:0,useEventQuestionnairesHooks
DA:20,0
DA:22,0
DA:23,0
DA:24,0
DA:35,0
DA:37,0
DA:47,0
DA:49,0
DA:59,0
DA:61,0
DA:74,0
DA:75,0
DA:77,0
DA:79,0
DA:81,0
DA:84,0
DA:89,0
DA:91,0
DA:94,0
DA:108,0
LF:20
LH:0
BRDA:91,0,0,0
BRDA:91,0,1,0
BRDA:91,0,2,0
BRF:3
BRH:0
end_of_record
TN:
SF:src/hooks/useEvents.ts
FN:31,(anonymous_0)
FN:32,(anonymous_1)
FN:33,(anonymous_2)
FN:34,(anonymous_3)
FN:35,(anonymous_4)
FN:36,(anonymous_5)
FN:37,(anonymous_6)
FN:38,(anonymous_7)
FN:39,(anonymous_8)
FN:40,(anonymous_9)
FN:50,useEventsList
FN:53,(anonymous_11)
FN:61,useUpcomingEvents
FN:64,(anonymous_13)
FN:72,useEvent
FN:75,(anonymous_15)
FN:84,useEventTimeline
FN:87,(anonymous_17)
FN:96,useEventDocuments
FN:99,(anonymous_19)
FN:108,useEventTasks
FN:111,(anonymous_21)
FN:120,useEventNotes
FN:123,(anonymous_23)
FN:132,useEventFeedback
FN:135,(anonymous_25)
FN:138,(anonymous_26)
FN:154,useUpdateEventTask
FN:159,(anonymous_28)
FN:168,(anonymous_29)
FN:177,(anonymous_30)
FN:191,useCreateEventNote
FN:196,(anonymous_32)
FN:198,(anonymous_33)
FN:210,(anonymous_34)
FN:224,useSubmitEventFeedback
FN:229,(anonymous_36)
FN:231,(anonymous_37)
FN:240,(anonymous_38)
FN:254,useUpdateEventFeedback
FN:259,(anonymous_40)
FN:268,(anonymous_41)
FN:274,(anonymous_42)
FN:288,useUpdateEventPreferences
FN:293,(anonymous_44)
FN:295,(anonymous_45)
FN:304,(anonymous_46)
FN:318,useSelfCheckIn
FN:323,(anonymous_48)
FN:324,(anonymous_49)
FN:333,(anonymous_50)
FN:351,usePrefetchEvent
FN:354,(anonymous_52)
FN:357,(anonymous_53)
FN:366,useInvalidateEvents
FN:369,(anonymous_55)
FN:377,useGetCachedEvent
FN:380,(anonymous_57)
FNF:58
FNH:36
FNDA:9,(anonymous_0)
FNDA:8,(anonymous_1)
FNDA:10,(anonymous_2)
FNDA:10,(anonymous_3)
FNDA:7,(anonymous_4)
FNDA:3,(anonymous_5)
FNDA:4,(anonymous_6)
FNDA:2,(anonymous_7)
FNDA:2,(anonymous_8)
FNDA:12,(anonymous_9)
FNDA:7,useEventsList
FNDA:4,(anonymous_11)
FNDA:12,useUpcomingEvents
FNDA:7,(anonymous_13)
FNDA:6,useEvent
FNDA:2,(anonymous_15)
FNDA:3,useEventTimeline
FNDA:1,(anonymous_17)
FNDA:2,useEventDocuments
FNDA:1,(anonymous_19)
FNDA:2,useEventTasks
FNDA:1,(anonymous_21)
FNDA:0,useEventNotes
FNDA:0,(anonymous_23)
FNDA:0,useEventFeedback
FNDA:0,(anonymous_25)
FNDA:0,(anonymous_26)
FNDA:4,useUpdateEventTask
FNDA:2,(anonymous_28)
FNDA:1,(anonymous_29)
FNDA:1,(anonymous_30)
FNDA:2,useCreateEventNote
FNDA:1,(anonymous_32)
FNDA:1,(anonymous_33)
FNDA:0,(anonymous_34)
FNDA:2,useSubmitEventFeedback
FNDA:1,(anonymous_36)
FNDA:1,(anonymous_37)
FNDA:0,(anonymous_38)
FNDA:0,useUpdateEventFeedback
FNDA:0,(anonymous_40)
FNDA:0,(anonymous_41)
FNDA:0,(anonymous_42)
FNDA:0,useUpdateEventPreferences
FNDA:0,(anonymous_44)
FNDA:0,(anonymous_45)
FNDA:0,(anonymous_46)
FNDA:4,useSelfCheckIn
FNDA:2,(anonymous_48)
FNDA:1,(anonymous_49)
FNDA:1,(anonymous_50)
FNDA:0,usePrefetchEvent
FNDA:0,(anonymous_52)
FNDA:0,(anonymous_53)
FNDA:0,useInvalidateEvents
FNDA:0,(anonymous_55)
FNDA:0,useGetCachedEvent
FNDA:0,(anonymous_57)
DA:29,2
DA:31,9
DA:32,8
DA:33,10
DA:34,10
DA:35,7
DA:36,3
DA:37,4
DA:38,2
DA:39,2
DA:40,12
DA:51,7
DA:53,4
DA:62,12
DA:64,7
DA:73,6
DA:75,2
DA:85,3
DA:87,1
DA:97,2
DA:99,1
DA:109,2
DA:111,1
DA:121,0
DA:123,0
DA:133,0
DA:135,0
DA:140,0
DA:141,0
DA:142,0
DA:155,4
DA:156,4
DA:158,4
DA:167,2
DA:169,1
DA:172,1
DA:175,1
DA:178,1
DA:180,1
DA:183,1
DA:192,2
DA:193,2
DA:195,2
DA:197,1
DA:199,1
DA:202,1
DA:205,1
DA:208,1
DA:211,0
DA:213,0
DA:216,0
DA:225,2
DA:226,2
DA:228,2
DA:230,1
DA:232,1
DA:235,1
DA:238,1
DA:241,0
DA:243,0
DA:246,0
DA:255,0
DA:256,0
DA:258,0
DA:267,0
DA:269,0
DA:272,0
DA:275,0
DA:277,0
DA:280,0
DA:289,0
DA:290,0
DA:292,0
DA:294,0
DA:296,0
DA:299,0
DA:302,0
DA:305,0
DA:307,0
DA:310,0
DA:319,4
DA:320,4
DA:322,4
DA:323,2
DA:325,1
DA:328,1
DA:331,1
DA:334,1
DA:336,1
DA:339,1
DA:352,0
DA:354,0
DA:355,0
DA:357,0
DA:367,0
DA:369,0
DA:370,0
DA:378,0
DA:380,0
DA:381,0
LF:100
LH:58
BRDA:141,0,0,0
BRDA:141,0,1,0
BRDA:180,1,0,1
BRDA:180,1,1,0
BRDA:180,1,2,0
BRDA:213,2,0,0
BRDA:213,2,1,0
BRDA:213,2,2,0
BRDA:243,3,0,0
BRDA:243,3,1,0
BRDA:243,3,2,0
BRDA:277,4,0,0
BRDA:277,4,1,0
BRDA:277,4,2,0
BRDA:307,5,0,0
BRDA:307,5,1,0
BRDA:307,5,2,0
BRDA:336,6,0,1
BRDA:336,6,1,0
BRDA:336,6,2,0
BRF:20
BRH:2
end_of_record
TN:
SF:src/hooks/useExplore.ts
FN:32,(anonymous_0)
FN:33,(anonymous_1)
FN:35,(anonymous_2)
FN:37,(anonymous_3)
FN:38,(anonymous_4)
FN:39,(anonymous_5)
FN:41,(anonymous_6)
FN:42,(anonymous_7)
FN:44,(anonymous_8)
FN:46,(anonymous_9)
FN:47,(anonymous_10)
FN:49,(anonymous_11)
FN:50,(anonymous_12)
FN:51,(anonymous_13)
FN:61,useVenues
FN:72,useRentableVenues
FN:75,(anonymous_16)
FN:83,useFeaturedVenues
FN:94,useVenue
FN:97,(anonymous_19)
FN:105,useVenueAvailability
FN:112,(anonymous_21)
FN:121,useSearchVenues
FN:124,(anonymous_23)
FN:137,usePackages
FN:140,(anonymous_25)
FN:148,useFeaturedPackages
FN:159,usePackagesByCategory
FN:162,(anonymous_28)
FN:171,usePackage
FN:174,(anonymous_30)
FN:182,useSearchPackages
FN:185,(anonymous_32)
FN:198,useCategories
FN:209,useEventTypes
FN:224,usePrefetchVenue
FN:227,(anonymous_36)
FN:230,(anonymous_37)
FN:239,usePrefetchPackage
FN:242,(anonymous_39)
FN:245,(anonymous_40)
FNF:41
FNH:0
FNDA:0,(anonymous_0)
FNDA:0,(anonymous_1)
FNDA:0,(anonymous_2)
FNDA:0,(anonymous_3)
FNDA:0,(anonymous_4)
FNDA:0,(anonymous_5)
FNDA:0,(anonymous_6)
FNDA:0,(anonymous_7)
FNDA:0,(anonymous_8)
FNDA:0,(anonymous_9)
FNDA:0,(anonymous_10)
FNDA:0,(anonymous_11)
FNDA:0,(anonymous_12)
FNDA:0,(anonymous_13)
FNDA:0,useVenues
FNDA:0,useRentableVenues
FNDA:0,(anonymous_16)
FNDA:0,useFeaturedVenues
FNDA:0,useVenue
FNDA:0,(anonymous_19)
FNDA:0,useVenueAvailability
FNDA:0,(anonymous_21)
FNDA:0,useSearchVenues
FNDA:0,(anonymous_23)
FNDA:0,usePackages
FNDA:0,(anonymous_25)
FNDA:0,useFeaturedPackages
FNDA:0,usePackagesByCategory
FNDA:0,(anonymous_28)
FNDA:0,usePackage
FNDA:0,(anonymous_30)
FNDA:0,useSearchPackages
FNDA:0,(anonymous_32)
FNDA:0,useCategories
FNDA:0,useEventTypes
FNDA:0,usePrefetchVenue
FNDA:0,(anonymous_36)
FNDA:0,(anonymous_37)
FNDA:0,usePrefetchPackage
FNDA:0,(anonymous_39)
FNDA:0,(anonymous_40)
DA:30,0
DA:32,0
DA:34,0
DA:36,0
DA:37,0
DA:38,0
DA:40,0
DA:41,0
DA:43,0
DA:45,0
DA:46,0
DA:48,0
DA:49,0
DA:50,0
DA:51,0
DA:62,0
DA:73,0
DA:75,0
DA:84,0
DA:95,0
DA:97,0
DA:110,0
DA:112,0
DA:122,0
DA:124,0
DA:138,0
DA:140,0
DA:149,0
DA:160,0
DA:162,0
DA:172,0
DA:174,0
DA:183,0
DA:185,0
DA:199,0
DA:210,0
DA:225,0
DA:227,0
DA:228,0
DA:230,0
DA:240,0
DA:242,0
DA:243,0
DA:245,0
LF:44
LH:0
BRDA:113,0,0,0
BRDA:113,0,1,0
BRDA:113,0,2,0
BRDA:121,1,0,0
BRDA:125,2,0,0
BRDA:125,2,1,0
BRDA:182,3,0,0
BRDA:186,4,0,0
BRDA:186,4,1,0
BRF:9
BRH:0
end_of_record
TN:
SF:src/hooks/useFavorites.ts
FN:28,useFavoritesWithDetails
FN:33,(anonymous_1)
FN:33,(anonymous_2)
FN:37,(anonymous_3)
FN:37,(anonymous_4)
FN:43,(anonymous_5)
FN:43,(anonymous_6)
FN:47,(anonymous_7)
FN:47,(anonymous_8)
FN:54,(anonymous_9)
FN:62,(anonymous_10)
FN:68,(anonymous_11)
FN:72,(anonymous_12)
FN:79,(anonymous_13)
FN:88,(anonymous_14)
FN:110,useFavoriteVenues
FN:114,(anonymous_16)
FN:114,(anonymous_17)
FN:119,(anonymous_18)
FN:119,(anonymous_19)
FN:126,(anonymous_20)
FN:131,(anonymous_21)
FN:146,useFavoritePackages
FN:150,(anonymous_23)
FN:150,(anonymous_24)
FN:155,(anonymous_25)
FN:155,(anonymous_26)
FN:162,(anonymous_27)
FN:167,(anonymous_28)
FNF:29
FNH:0
FNDA:0,useFavoritesWithDetails
FNDA:0,(anonymous_1)
FNDA:0,(anonymous_2)
FNDA:0,(anonymous_3)
FNDA:0,(anonymous_4)
FNDA:0,(anonymous_5)
FNDA:0,(anonymous_6)
FNDA:0,(anonymous_7)
FNDA:0,(anonymous_8)
FNDA:0,(anonymous_9)
FNDA:0,(anonymous_10)
FNDA:0,(anonymous_11)
FNDA:0,(anonymous_12)
FNDA:0,(anonymous_13)
FNDA:0,(anonymous_14)
FNDA:0,useFavoriteVenues
FNDA:0,(anonymous_16)
FNDA:0,(anonymous_17)
FNDA:0,(anonymous_18)
FNDA:0,(anonymous_19)
FNDA:0,(anonymous_20)
FNDA:0,(anonymous_21)
FNDA:0,useFavoritePackages
FNDA:0,(anonymous_23)
FNDA:0,(anonymous_24)
FNDA:0,(anonymous_25)
FNDA:0,(anonymous_26)
FNDA:0,(anonymous_27)
FNDA:0,(anonymous_28)
DA:29,0
DA:32,0
DA:33,0
DA:36,0
DA:37,0
DA:42,0
DA:43,0
DA:46,0
DA:47,0
DA:52,0
DA:54,0
DA:60,0
DA:62,0
DA:68,0
DA:69,0
DA:70,0
DA:72,0
DA:79,0
DA:87,0
DA:88,0
DA:92,0
DA:94,0
DA:95,0
DA:97,0
DA:111,0
DA:113,0
DA:114,0
DA:118,0
DA:119,0
DA:124,0
DA:126,0
DA:131,0
DA:132,0
DA:133,0
DA:136,0
DA:147,0
DA:149,0
DA:150,0
DA:154,0
DA:155,0
DA:160,0
DA:162,0
DA:167,0
DA:168,0
DA:169,0
DA:172,0
LF:46
LH:0
BRDA:55,0,0,0
BRDA:55,0,1,0
BRDA:63,1,0,0
BRDA:63,1,1,0
BRDA:69,2,0,0
BRDA:69,2,1,0
BRDA:70,3,0,0
BRDA:70,3,1,0
BRDA:74,4,0,0
BRDA:74,4,1,0
BRDA:76,5,0,0
BRDA:76,5,1,0
BRDA:81,6,0,0
BRDA:81,6,1,0
BRDA:83,7,0,0
BRDA:83,7,1,0
BRDA:92,8,0,0
BRDA:92,8,1,0
BRDA:127,9,0,0
BRDA:127,9,1,0
BRDA:132,10,0,0
BRDA:132,10,1,0
BRDA:163,11,0,0
BRDA:163,11,1,0
BRDA:168,12,0,0
BRDA:168,12,1,0
BRF:26
BRH:0
end_of_record
TN:
SF:src/hooks/useFileUpload.ts
FN:61,useFileUpload
FN:74,(anonymous_1)
FN:75,(anonymous_2)
FN:87,(anonymous_3)
FN:100,(anonymous_4)
FN:120,(anonymous_5)
FN:152,(anonymous_6)
FN:160,(anonymous_7)
FN:195,(anonymous_8)
FN:205,(anonymous_9)
FN:236,(anonymous_10)
FN:255,(anonymous_11)
FN:284,(anonymous_12)
FN:284,(anonymous_13)
FN:301,(anonymous_14)
FN:335,(anonymous_15)
FN:336,(anonymous_16)
FN:336,(anonymous_17)
FN:342,(anonymous_18)
FN:379,formatBytes
FNF:20
FNH:0
FNDA:0,useFileUpload
FNDA:0,(anonymous_1)
FNDA:0,(anonymous_2)
FNDA:0,(anonymous_3)
FNDA:0,(anonymous_4)
FNDA:0,(anonymous_5)
FNDA:0,(anonymous_6)
FNDA:0,(anonymous_7)
FNDA:0,(anonymous_8)
FNDA:0,(anonymous_9)
FNDA:0,(anonymous_10)
FNDA:0,(anonymous_11)
FNDA:0,(anonymous_12)
FNDA:0,(anonymous_13)
FNDA:0,(anonymous_14)
FNDA:0,(anonymous_15)
FNDA:0,(anonymous_16)
FNDA:0,(anonymous_17)
FNDA:0,(anonymous_18)
FNDA:0,formatBytes
DA:44,0
DA:46,0
DA:55,0
DA:62,0
DA:63,0
DA:66,0
DA:67,0
DA:73,0
DA:74,0
DA:76,0
DA:77,0
DA:87,0
DA:88,0
DA:89,0
DA:90,0
DA:95,0
DA:97,0
DA:100,0
DA:101,0
DA:102,0
DA:103,0
DA:108,0
DA:110,0
DA:120,0
DA:121,0
DA:122,0
DA:124,0
DA:131,0
DA:132,0
DA:135,0
DA:136,0
DA:144,0
DA:145,0
DA:149,0
DA:152,0
DA:153,0
DA:159,0
DA:161,0
DA:162,0
DA:164,0
DA:172,0
DA:173,0
DA:176,0
DA:177,0
DA:179,0
DA:180,0
DA:184,0
DA:187,0
DA:195,0
DA:196,0
DA:204,0
DA:206,0
DA:207,0
DA:213,0
DA:214,0
DA:217,0
DA:218,0
DA:220,0
DA:221,0
DA:225,0
DA:228,0
DA:236,0
DA:237,0
DA:239,0
DA:240,0
DA:241,0
DA:254,0
DA:261,0
DA:267,0
DA:268,0
DA:281,0
DA:284,0
DA:286,0
DA:288,0
DA:289,0
DA:290,0
DA:291,0
DA:300,0
DA:306,0
DA:308,0
DA:309,0
DA:310,0
DA:316,0
DA:317,0
DA:318,0
DA:322,0
DA:323,0
DA:335,0
DA:336,0
DA:342,0
DA:343,0
DA:350,0
DA:380,0
DA:381,0
DA:382,0
DA:383,0
DA:384,0
LF:97
LH:0
BRDA:61,0,0,0
BRDA:63,1,0,0
BRDA:89,2,0,0
BRDA:89,2,1,0
BRDA:102,3,0,0
BRDA:102,3,1,0
BRDA:122,4,0,0
BRDA:122,4,1,0
BRDA:131,5,0,0
BRDA:131,5,1,0
BRDA:131,6,0,0
BRDA:131,6,1,0
BRDA:131,6,2,0
BRDA:138,7,0,0
BRDA:138,7,1,0
BRDA:139,8,0,0
BRDA:139,8,1,0
BRDA:144,9,0,0
BRDA:144,9,1,0
BRDA:144,10,0,0
BRDA:144,10,1,0
BRDA:160,11,0,0
BRDA:162,12,0,0
BRDA:162,12,1,0
BRDA:172,13,0,0
BRDA:172,13,1,0
BRDA:172,14,0,0
BRDA:172,14,1,0
BRDA:172,14,2,0
BRDA:179,15,0,0
BRDA:179,15,1,0
BRDA:179,16,0,0
BRDA:179,16,1,0
BRDA:182,17,0,0
BRDA:182,17,1,0
BRDA:189,18,0,0
BRDA:189,18,1,0
BRDA:190,19,0,0
BRDA:190,19,1,0
BRDA:205,20,0,0
BRDA:213,21,0,0
BRDA:213,21,1,0
BRDA:213,22,0,0
BRDA:213,22,1,0
BRDA:213,22,2,0
BRDA:220,23,0,0
BRDA:220,23,1,0
BRDA:220,24,0,0
BRDA:220,24,1,0
BRDA:231,25,0,0
BRDA:231,25,1,0
BRDA:317,26,0,0
BRDA:317,26,1,0
BRDA:380,27,0,0
BRDA:380,27,1,0
BRF:55
BRH:0
end_of_record
TN:
SF:src/hooks/useFinancial.ts
FN:24,(anonymous_0)
FN:25,(anonymous_1)
FN:26,(anonymous_2)
FN:27,(anonymous_3)
FN:28,(anonymous_4)
FN:29,(anonymous_5)
FN:30,(anonymous_6)
FN:31,(anonymous_7)
FN:32,(anonymous_8)
FN:33,(anonymous_9)
FN:43,useFinancialOverview
FN:46,(anonymous_11)
FN:54,useFinancialSummary
FN:57,(anonymous_13)
FN:65,useOverduePayments
FN:68,(anonymous_15)
FN:76,useInvoices
FN:79,(anonymous_17)
FN:87,useEventInvoices
FN:90,(anonymous_19)
FN:99,useInvoice
FN:102,(anonymous_21)
FN:111,usePayments
FN:114,(anonymous_23)
FN:122,usePayment
FN:125,(anonymous_25)
FN:138,useCreatePaymentIntent
FN:142,(anonymous_27)
FN:143,(anonymous_28)
FN:157,usePayInvoice
FN:162,(anonymous_30)
FN:176,(anonymous_31)
FN:188,(anonymous_32)
FN:207,getInvoiceUrgency
FN:228,getPaymentUrgency
FN:240,formatCurrency
FN:251,calculateAmountDue
FNF:37
FNH:37
FNDA:8,(anonymous_0)
FNDA:16,(anonymous_1)
FNDA:18,(anonymous_2)
FNDA:21,(anonymous_3)
FNDA:7,(anonymous_4)
FNDA:6,(anonymous_5)
FNDA:4,(anonymous_6)
FNDA:10,(anonymous_7)
FNDA:5,(anonymous_8)
FNDA:4,(anonymous_9)
FNDA:4,useFinancialOverview
FNDA:2,(anonymous_11)
FNDA:12,useFinancialSummary
FNDA:7,(anonymous_13)
FNDA:14,useOverduePayments
FNDA:8,(anonymous_15)
FNDA:6,useInvoices
FNDA:3,(anonymous_17)
FNDA:3,useEventInvoices
FNDA:1,(anonymous_19)
FNDA:5,useInvoice
FNDA:2,(anonymous_21)
FNDA:4,usePayments
FNDA:2,(anonymous_23)
FNDA:3,usePayment
FNDA:1,(anonymous_25)
FNDA:4,useCreatePaymentIntent
FNDA:2,(anonymous_27)
FNDA:1,(anonymous_28)
FNDA:8,usePayInvoice
FNDA:4,(anonymous_30)
FNDA:3,(anonymous_31)
FNDA:1,(anonymous_32)
FNDA:6,getInvoiceUrgency
FNDA:4,getPaymentUrgency
FNDA:6,formatCurrency
FNDA:3,calculateAmountDue
DA:22,2
DA:24,8
DA:25,16
DA:26,18
DA:27,21
DA:28,7
DA:29,6
DA:30,4
DA:31,10
DA:32,5
DA:33,4
DA:44,4
DA:46,2
DA:55,12
DA:57,7
DA:66,14
DA:68,8
DA:77,6
DA:79,3
DA:88,3
DA:90,1
DA:100,5
DA:102,2
DA:112,4
DA:114,2
DA:123,3
DA:125,1
DA:139,4
DA:141,4
DA:142,2
DA:144,1
DA:146,1
DA:149,1
DA:158,8
DA:159,8
DA:161,8
DA:175,4
DA:177,3
DA:178,3
DA:181,3
DA:182,3
DA:183,3
DA:184,3
DA:185,3
DA:189,1
DA:191,1
DA:195,1
DA:210,6
DA:211,5
DA:213,4
DA:214,4
DA:215,4
DA:219,4
DA:220,3
DA:221,2
DA:222,1
DA:231,4
DA:232,3
DA:233,2
DA:234,1
DA:241,6
DA:242,6
DA:252,3
DA:253,3
DA:254,3
LF:65
LH:65
BRDA:146,0,0,1
BRDA:146,0,1,0
BRDA:146,0,2,0
BRDA:177,1,0,3
BRDA:177,1,1,0
BRDA:191,2,0,1
BRDA:191,2,1,0
BRDA:191,2,2,0
BRDA:191,2,3,0
BRDA:210,3,0,1
BRDA:210,3,1,5
BRDA:211,4,0,1
BRDA:211,4,1,4
BRDA:219,5,0,1
BRDA:219,5,1,3
BRDA:220,6,0,1
BRDA:220,6,1,2
BRDA:221,7,0,1
BRDA:221,7,1,1
BRDA:231,8,0,1
BRDA:231,8,1,3
BRDA:232,9,0,1
BRDA:232,9,1,2
BRDA:233,10,0,1
BRDA:233,10,1,1
BRDA:240,11,0,1
BRDA:241,12,0,1
BRDA:241,12,1,5
BRF:28
BRH:22
end_of_record
TN:
SF:src/hooks/useNetworkState.ts
FN:18,useNetworkState
FN:26,(anonymous_1)
FN:27,(anonymous_2)
FN:37,(anonymous_3)
FNF:4
FNH:0
FNDA:0,useNetworkState
FNDA:0,(anonymous_1)
FNDA:0,(anonymous_2)
FNDA:0,(anonymous_3)
DA:19,0
DA:26,0
DA:27,0
DA:28,0
DA:29,0
DA:37,0
DA:40,0
LF:7
LH:0
BRDA:28,0,0,0
BRDA:28,0,1,0
BRDA:30,1,0,0
BRDA:30,1,1,0
BRF:4
BRH:0
end_of_record
TN:
SF:src/hooks/useNotificationPreferences.ts
FN:46,useNotificationPreferences
FN:71,(anonymous_1)
FN:92,(anonymous_2)
FN:96,(anonymous_3)
FN:114,(anonymous_4)
FN:118,(anonymous_5)
FN:130,(anonymous_6)
FN:166,useRegisteredDevices
FN:177,(anonymous_8)
FN:183,(anonymous_9)
FNF:10
FNH:0
FNDA:0,useNotificationPreferences
FNDA:0,(anonymous_1)
FNDA:0,(anonymous_2)
FNDA:0,(anonymous_3)
FNDA:0,(anonymous_4)
FNDA:0,(anonymous_5)
FNDA:0,(anonymous_6)
FNDA:0,useRegisteredDevices
FNDA:0,(anonymous_8)
FNDA:0,(anonymous_9)
DA:29,0
DA:47,0
DA:48,0
DA:59,0
DA:69,0
DA:73,0
DA:78,0
DA:83,0
DA:84,0
DA:90,0
DA:93,0
DA:94,0
DA:98,0
DA:99,0
DA:104,0
DA:112,0
DA:115,0
DA:116,0
DA:119,0
DA:130,0
DA:134,0
DA:141,0
DA:167,0
DA:169,0
DA:175,0
DA:178,0
DA:184,0
DA:188,0
LF:28
LH:0
BRDA:83,0,0,0
BRDA:83,0,1,0
BRDA:98,1,0,0
BRDA:98,1,1,0
BRDA:143,2,0,0
BRDA:143,2,1,0
BRDA:189,3,0,0
BRDA:189,3,1,0
BRDA:190,4,0,0
BRDA:190,4,1,0
BRF:10
BRH:0
end_of_record
TN:
SF:src/hooks/useNotifications.ts
FN:49,useNotifications
FN:56,(anonymous_1)
FN:69,(anonymous_2)
FN:118,(anonymous_3)
FN:135,(anonymous_4)
FN:147,(anonymous_5)
FN:150,(anonymous_6)
FN:158,(anonymous_7)
FN:170,(anonymous_8)
FNF:9
FNH:0
FNDA:0,useNotifications
FNDA:0,(anonymous_1)
FNDA:0,(anonymous_2)
FNDA:0,(anonymous_3)
FNDA:0,(anonymous_4)
FNDA:0,(anonymous_5)
FNDA:0,(anonymous_6)
FNDA:0,(anonymous_7)
FNDA:0,(anonymous_8)
DA:50,0
DA:51,0
DA:52,0
DA:54,0
DA:56,0
DA:59,0
DA:60,0
DA:63,0
DA:69,0
DA:70,0
DA:72,0
DA:74,0
DA:76,0
DA:78,0
DA:79,0
DA:80,0
DA:83,0
DA:84,0
DA:85,0
DA:86,0
DA:87,0
DA:89,0
DA:97,0
DA:101,0
DA:104,0
DA:107,0
DA:108,0
DA:110,0
DA:118,0
DA:120,0
DA:121,0
DA:125,0
DA:126,0
DA:127,0
DA:130,0
DA:131,0
DA:135,0
DA:136,0
DA:137,0
DA:138,0
DA:139,0
DA:147,0
DA:149,0
DA:151,0
DA:152,0
DA:157,0
DA:159,0
DA:162,0
DA:165,0
DA:170,0
DA:171,0
DA:172,0
DA:174,0
DA:175,0
DA:184,0
LF:55
LH:0
BRDA:70,0,0,0
BRDA:70,0,1,0
BRDA:78,1,0,0
BRDA:78,1,1,0
BRDA:87,2,0,0
BRDA:87,2,1,0
BRDA:120,3,0,0
BRDA:120,3,1,0
BRDA:120,4,0,0
BRDA:120,4,1,0
BRDA:125,5,0,0
BRDA:125,5,1,0
BRDA:136,6,0,0
BRDA:136,6,1,0
BRDA:171,7,0,0
BRDA:171,7,1,0
BRDA:174,8,0,0
BRDA:174,8,1,0
BRF:18
BRH:0
end_of_record
TN:
SF:src/hooks/useNotificationsList.ts
FN:42,useNotificationsList
FN:60,(anonymous_1)
FN:62,(anonymous_2)
FN:77,(anonymous_3)
FN:85,(anonymous_4)
FN:105,(anonymous_5)
FN:116,(anonymous_6)
FN:127,(anonymous_7)
FN:171,useUnreadNotifications
FN:174,(anonymous_9)
FN:186,useNotificationCounts
FN:197,(anonymous_11)
FNF:12
FNH:0
FNDA:0,useNotificationsList
FNDA:0,(anonymous_1)
FNDA:0,(anonymous_2)
FNDA:0,(anonymous_3)
FNDA:0,(anonymous_4)
FNDA:0,(anonymous_5)
FNDA:0,(anonymous_6)
FNDA:0,(anonymous_7)
FNDA:0,useUnreadNotifications
FNDA:0,(anonymous_9)
FNDA:0,useNotificationCounts
FNDA:0,(anonymous_11)
DA:43,0
DA:44,0
DA:58,0
DA:61,0
DA:63,0
DA:64,0
DA:65,0
DA:66,0
DA:68,0
DA:71,0
DA:77,0
DA:83,0
DA:87,0
DA:90,0
DA:93,0
DA:103,0
DA:106,0
DA:109,0
DA:112,0
DA:117,0
DA:125,0
DA:128,0
DA:131,0
DA:141,0
DA:172,0
DA:174,0
DA:187,0
DA:194,0
DA:197,0
DA:198,0
DA:199,0
DA:203,0
LF:32
LH:0
BRDA:60,0,0,0
BRDA:63,1,0,0
BRDA:63,1,1,0
BRDA:66,2,0,0
BRDA:66,2,1,0
BRDA:77,3,0,0
BRDA:77,3,1,0
BRDA:171,4,0,0
BRDA:194,5,0,0
BRDA:194,5,1,0
BRDA:198,6,0,0
BRDA:198,6,1,0
BRDA:198,7,0,0
BRDA:198,7,1,0
BRDA:206,8,0,0
BRDA:206,8,1,0
BRDA:207,9,0,0
BRDA:207,9,1,0
BRDA:208,10,0,0
BRDA:208,10,1,0
BRF:20
BRH:0
end_of_record
TN:
SF:src/hooks/useOfflineMutations.ts
FN:19,useOfflineMutations
FN:23,(anonymous_1)
FN:46,(anonymous_2)
FN:53,(anonymous_3)
FN:54,(anonymous_4)
FN:61,(anonymous_5)
FNF:6
FNH:0
FNDA:0,useOfflineMutations
FNDA:0,(anonymous_1)
FNDA:0,(anonymous_2)
FNDA:0,(anonymous_3)
FNDA:0,(anonymous_4)
FNDA:0,(anonymous_5)
DA:20,0
DA:21,0
DA:23,0
DA:24,0
DA:26,0
DA:28,0
DA:30,0
DA:31,0
DA:37,0
DA:38,0
DA:46,0
DA:47,0
DA:48,0
DA:53,0
DA:54,0
DA:55,0
DA:56,0
DA:60,0
DA:61,0
DA:64,0
LF:20
LH:0
BRDA:26,0,0,0
BRDA:26,0,1,0
BRDA:30,1,0,0
BRDA:30,1,1,0
BRDA:32,2,0,0
BRDA:32,2,1,0
BRDA:37,3,0,0
BRDA:37,3,1,0
BRDA:39,4,0,0
BRDA:39,4,1,0
BRDA:47,5,0,0
BRDA:47,5,1,0
BRDA:47,6,0,0
BRDA:47,6,1,0
BRDA:55,7,0,0
BRDA:55,7,1,0
BRF:16
BRH:0
end_of_record
TN:
SF:src/hooks/usePaymentPlan.ts
FN:33,(anonymous_0)
FN:34,(anonymous_1)
FN:35,(anonymous_2)
FN:38,usePaymentPlans
FN:41,(anonymous_4)
FN:48,usePaymentPlan
FN:51,(anonymous_6)
FN:59,useInstallments
FN:62,(anonymous_8)
FN:69,usePayInstallment
FN:74,(anonymous_10)
FN:87,(anonymous_11)
FN:91,(anonymous_12)
FNF:13
FNH:13
FNDA:7,(anonymous_0)
FNDA:13,(anonymous_1)
FNDA:11,(anonymous_2)
FNDA:6,usePaymentPlans
FNDA:3,(anonymous_4)
FNDA:10,usePaymentPlan
FNDA:4,(anonymous_6)
FNDA:10,useInstallments
FNDA:5,(anonymous_8)
FNDA:10,usePayInstallment
FNDA:5,(anonymous_10)
FNDA:2,(anonymous_11)
FNDA:3,(anonymous_12)
DA:31,1
DA:33,7
DA:34,13
DA:35,11
DA:39,6
DA:42,3
DA:43,2
DA:49,10
DA:52,4
DA:53,3
DA:60,10
DA:63,5
DA:64,5
DA:70,10
DA:71,10
DA:73,10
DA:81,5
DA:85,2
DA:88,2
DA:89,2
DA:92,3
DA:93,3
DA:94,3
LF:23
LH:23
BRDA:93,0,0,3
BRDA:93,0,1,0
BRF:2
BRH:1
end_of_record
TN:
SF:src/hooks/usePaymentPlanSettings.ts
FN:21,(anonymous_0)
FN:33,(anonymous_1)
FN:36,(anonymous_2)
FN:52,(anonymous_3)
FN:81,(anonymous_4)
FN:109,(anonymous_5)
FN:139,(anonymous_6)
FNF:7
FNH:0
FNDA:0,(anonymous_0)
FNDA:0,(anonymous_1)
FNDA:0,(anonymous_2)
FNDA:0,(anonymous_3)
FNDA:0,(anonymous_4)
FNDA:0,(anonymous_5)
FNDA:0,(anonymous_6)
DA:19,0
DA:21,0
DA:33,0
DA:34,0
DA:36,0
DA:52,0
DA:53,0
DA:55,0
DA:56,0
DA:64,0
DA:65,0
DA:66,0
DA:68,0
DA:81,0
DA:82,0
DA:84,0
DA:85,0
DA:94,0
DA:109,0
DA:110,0
DA:112,0
DA:113,0
DA:120,0
DA:123,0
DA:124,0
DA:125,0
DA:127,0
DA:139,0
DA:141,0
DA:143,0
DA:144,0
DA:150,0
DA:151,0
DA:158,0
DA:159,0
DA:166,0
DA:167,0
DA:168,0
DA:171,0
DA:172,0
DA:174,0
DA:177,0
LF:42
LH:0
BRDA:55,0,0,0
BRDA:55,0,1,0
BRDA:55,1,0,0
BRDA:55,1,1,0
BRDA:64,2,0,0
BRDA:64,2,1,0
BRDA:84,3,0,0
BRDA:84,3,1,0
BRDA:84,4,0,0
BRDA:84,4,1,0
BRDA:112,5,0,0
BRDA:112,5,1,0
BRDA:112,6,0,0
BRDA:112,6,1,0
BRDA:112,6,2,0
BRDA:120,7,0,0
BRDA:120,7,1,0
BRDA:143,8,0,0
BRDA:143,8,1,0
BRDA:150,9,0,0
BRDA:150,9,1,0
BRDA:158,10,0,0
BRDA:158,10,1,0
BRDA:171,11,0,0
BRDA:171,11,1,0
BRDA:172,12,0,0
BRDA:172,12,1,0
BRDA:174,13,0,0
BRDA:174,13,1,0
BRF:29
BRH:0
end_of_record
TN:
SF:src/hooks/usePaymentSheet.ts
FN:41,categorizePaymentError
FN:162,usePaymentSheet
FN:175,(anonymous_2)
FN:180,(anonymous_3)
FN:187,(anonymous_4)
FN:213,(anonymous_5)
FN:221,(anonymous_6)
FN:229,(anonymous_7)
FN:241,(anonymous_8)
FN:257,(anonymous_9)
FN:262,(anonymous_10)
FN:277,(anonymous_11)
FN:286,(anonymous_12)
FN:294,(anonymous_13)
FN:301,(anonymous_14)
FN:332,(anonymous_15)
FN:340,(anonymous_16)
FNF:17
FNH:0
FNDA:0,categorizePaymentError
FNDA:0,usePaymentSheet
FNDA:0,(anonymous_2)
FNDA:0,(anonymous_3)
FNDA:0,(anonymous_4)
FNDA:0,(anonymous_5)
FNDA:0,(anonymous_6)
FNDA:0,(anonymous_7)
FNDA:0,(anonymous_8)
FNDA:0,(anonymous_9)
FNDA:0,(anonymous_10)
FNDA:0,(anonymous_11)
FNDA:0,(anonymous_12)
FNDA:0,(anonymous_13)
FNDA:0,(anonymous_14)
FNDA:0,(anonymous_15)
FNDA:0,(anonymous_16)
DA:42,0
DA:43,0
DA:46,0
DA:51,0
DA:52,0
DA:60,0
DA:70,0
DA:76,0
DA:86,0
DA:90,0
DA:100,0
DA:104,0
DA:113,0
DA:119,0
DA:129,0
DA:133,0
DA:142,0
DA:163,0
DA:164,0
DA:166,0
DA:174,0
DA:175,0
DA:179,0
DA:187,0
DA:189,0
DA:190,0
DA:211,0
DA:212,0
DA:213,0
DA:218,0
DA:221,0
DA:226,0
DA:228,0
DA:229,0
DA:234,0
DA:241,0
DA:245,0
DA:246,0
DA:257,0
DA:259,0
DA:260,0
DA:262,0
DA:264,0
DA:265,0
DA:267,0
DA:273,0
DA:276,0
DA:277,0
DA:278,0
DA:279,0
DA:282,0
DA:283,0
DA:285,0
DA:286,0
DA:287,0
DA:288,0
DA:293,0
DA:301,0
DA:303,0
DA:305,0
DA:308,0
DA:309,0
DA:310,0
DA:322,0
DA:324,0
DA:325,0
DA:326,0
DA:329,0
DA:331,0
DA:332,0
DA:333,0
DA:340,0
DA:341,0
DA:349,0
LF:74
LH:0
BRDA:42,0,0,0
BRDA:42,0,1,0
BRDA:42,1,0,0
BRDA:42,1,1,0
BRDA:43,2,0,0
BRDA:43,2,1,0
BRDA:43,3,0,0
BRDA:43,3,1,0
BRDA:46,4,0,0
BRDA:46,4,1,0
BRDA:47,5,0,0
BRDA:47,5,1,0
BRDA:47,5,2,0
BRDA:51,6,0,0
BRDA:51,6,1,0
BRDA:70,7,0,0
BRDA:70,7,1,0
BRDA:71,8,0,0
BRDA:71,8,1,0
BRDA:71,8,2,0
BRDA:71,8,3,0
BRDA:86,9,0,0
BRDA:86,9,1,0
BRDA:87,10,0,0
BRDA:87,10,1,0
BRDA:100,11,0,0
BRDA:100,11,1,0
BRDA:101,12,0,0
BRDA:101,12,1,0
BRDA:113,13,0,0
BRDA:113,13,1,0
BRDA:114,14,0,0
BRDA:114,14,1,0
BRDA:114,14,2,0
BRDA:114,14,3,0
BRDA:129,15,0,0
BRDA:129,15,1,0
BRDA:130,16,0,0
BRDA:130,16,1,0
BRDA:144,17,0,0
BRDA:144,17,1,0
BRDA:211,18,0,0
BRDA:211,18,1,0
BRDA:228,19,0,0
BRDA:228,19,1,0
BRDA:245,20,0,0
BRDA:245,20,1,0
BRDA:264,21,0,0
BRDA:264,21,1,0
BRDA:265,22,0,0
BRDA:265,22,1,0
BRDA:285,23,0,0
BRDA:285,23,1,0
BRDA:309,24,0,0
BRDA:309,24,1,0
BRDA:312,25,0,0
BRDA:312,25,1,0
BRDA:324,26,0,0
BRDA:324,26,1,0
BRDA:331,27,0,0
BRDA:331,27,1,0
BRDA:351,28,0,0
BRDA:351,28,1,0
BRF:63
BRH:0
end_of_record
TN:
SF:src/hooks/usePrivacy.ts
FN:27,(anonymous_0)
FN:28,(anonymous_1)
FN:30,(anonymous_2)
FN:31,(anonymous_3)
FN:32,(anonymous_4)
FN:42,useConsents
FN:53,useConsentManagement
FN:58,(anonymous_7)
FN:60,(anonymous_8)
FN:64,(anonymous_9)
FN:70,(anonymous_10)
FN:72,(anonymous_11)
FN:76,(anonymous_12)
FN:81,(anonymous_13)
FN:100,useConsentHistory
FN:103,(anonymous_15)
FN:109,(anonymous_16)
FN:127,useDataAccess
FN:139,useDataExport
FN:143,(anonymous_19)
FN:145,(anonymous_20)
FN:148,(anonymous_21)
FN:157,useRequestDataExport
FN:162,(anonymous_23)
FN:164,(anonymous_24)
FN:168,(anonymous_25)
FN:177,useAccountDeletion
FN:181,(anonymous_27)
FN:182,(anonymous_28)
FN:193,usePrivacyRequests
FN:208,useSessions
FN:219,useSessionManagement
FN:225,(anonymous_32)
FN:229,(anonymous_33)
FN:236,(anonymous_34)
FN:240,(anonymous_35)
FNF:36
FNH:0
FNDA:0,(anonymous_0)
FNDA:0,(anonymous_1)
FNDA:0,(anonymous_2)
FNDA:0,(anonymous_3)
FNDA:0,(anonymous_4)
FNDA:0,useConsents
FNDA:0,useConsentManagement
FNDA:0,(anonymous_7)
FNDA:0,(anonymous_8)
FNDA:0,(anonymous_9)
FNDA:0,(anonymous_10)
FNDA:0,(anonymous_11)
FNDA:0,(anonymous_12)
FNDA:0,(anonymous_13)
FNDA:0,useConsentHistory
FNDA:0,(anonymous_15)
FNDA:0,(anonymous_16)
FNDA:0,useDataAccess
FNDA:0,useDataExport
FNDA:0,(anonymous_19)
FNDA:0,(anonymous_20)
FNDA:0,(anonymous_21)
FNDA:0,useRequestDataExport
FNDA:0,(anonymous_23)
FNDA:0,(anonymous_24)
FNDA:0,(anonymous_25)
FNDA:0,useAccountDeletion
FNDA:0,(anonymous_27)
FNDA:0,(anonymous_28)
FNDA:0,usePrivacyRequests
FNDA:0,useSessions
FNDA:0,useSessionManagement
FNDA:0,(anonymous_32)
FNDA:0,(anonymous_33)
FNDA:0,(anonymous_34)
FNDA:0,(anonymous_35)
DA:25,0
DA:27,0
DA:29,0
DA:30,0
DA:31,0
DA:32,0
DA:43,0
DA:54,0
DA:55,0
DA:57,0
DA:59,0
DA:61,0
DA:62,0
DA:65,0
DA:69,0
DA:71,0
DA:73,0
DA:74,0
DA:77,0
DA:81,0
DA:82,0
DA:83,0
DA:85,0
DA:89,0
DA:101,0
DA:104,0
DA:110,0
DA:111,0
DA:112,0
DA:114,0
DA:128,0
DA:140,0
DA:142,0
DA:144,0
DA:146,0
DA:149,0
DA:158,0
DA:159,0
DA:161,0
DA:163,0
DA:165,0
DA:166,0
DA:169,0
DA:178,0
DA:180,0
DA:181,0
DA:184,0
DA:185,0
DA:194,0
DA:209,0
DA:220,0
DA:221,0
DA:223,0
DA:226,0
DA:227,0
DA:230,0
DA:234,0
DA:237,0
DA:238,0
DA:241,0
DA:245,0
LF:61
LH:0
BRDA:82,0,0,0
BRDA:82,0,1,0
BRDA:93,1,0,0
BRDA:93,1,1,0
BRDA:103,2,0,0
BRDA:110,3,0,0
BRDA:110,3,1,0
BRDA:112,4,0,0
BRDA:112,4,1,0
BRDA:143,5,0,0
BRDA:162,6,0,0
BRDA:166,7,0,0
BRDA:166,7,1,0
BRDA:184,8,0,0
BRDA:184,8,1,0
BRF:15
BRH:0
end_of_record
TN:
SF:src/hooks/useQuotes.ts
FN:19,(anonymous_0)
FN:20,(anonymous_1)
FN:21,(anonymous_2)
FN:22,(anonymous_3)
FN:23,(anonymous_4)
FN:24,(anonymous_5)
FN:34,usePendingQuotes
FN:37,(anonymous_7)
FN:45,useEventQuotes
FN:48,(anonymous_9)
FN:57,useQuote
FN:60,(anonymous_11)
FN:69,useQuotes
FN:72,(anonymous_13)
FN:84,useAcceptQuote
FN:89,(anonymous_15)
FN:93,(anonymous_16)
FN:101,(anonymous_17)
FN:103,(anonymous_18)
FN:114,(anonymous_19)
FN:122,(anonymous_20)
FN:124,(anonymous_21)
FN:134,(anonymous_22)
FN:148,(anonymous_23)
FN:158,useRejectQuote
FN:163,(anonymous_25)
FN:167,(anonymous_26)
FN:175,(anonymous_27)
FN:177,(anonymous_28)
FN:193,(anonymous_29)
FN:201,(anonymous_30)
FN:203,(anonymous_31)
FN:213,(anonymous_32)
FN:227,(anonymous_33)
FN:241,getQuoteUrgency
FNF:35
FNH:31
FNDA:6,(anonymous_0)
FNDA:5,(anonymous_1)
FNDA:16,(anonymous_2)
FNDA:9,(anonymous_3)
FNDA:9,(anonymous_4)
FNDA:27,(anonymous_5)
FNDA:12,usePendingQuotes
FNDA:7,(anonymous_7)
FNDA:3,useEventQuotes
FNDA:1,(anonymous_9)
FNDA:5,useQuote
FNDA:2,(anonymous_11)
FNDA:4,useQuotes
FNDA:2,(anonymous_13)
FNDA:7,useAcceptQuote
FNDA:3,(anonymous_15)
FNDA:3,(anonymous_16)
FNDA:3,(anonymous_17)
FNDA:0,(anonymous_18)
FNDA:2,(anonymous_19)
FNDA:2,(anonymous_20)
FNDA:0,(anonymous_21)
FNDA:1,(anonymous_22)
FNDA:3,(anonymous_23)
FNDA:4,useRejectQuote
FNDA:2,(anonymous_25)
FNDA:2,(anonymous_26)
FNDA:2,(anonymous_27)
FNDA:0,(anonymous_28)
FNDA:1,(anonymous_29)
FNDA:1,(anonymous_30)
FNDA:0,(anonymous_31)
FNDA:1,(anonymous_32)
FNDA:2,(anonymous_33)
FNDA:6,getQuoteUrgency
DA:17,2
DA:19,6
DA:20,5
DA:21,16
DA:22,9
DA:23,9
DA:24,27
DA:35,12
DA:37,7
DA:46,3
DA:48,1
DA:58,5
DA:60,2
DA:70,4
DA:72,2
DA:85,7
DA:86,7
DA:88,7
DA:90,3
DA:95,3
DA:98,3
DA:101,3
DA:102,3
DA:103,0
DA:104,0
DA:111,3
DA:115,2
DA:117,2
DA:118,2
DA:121,2
DA:122,2
DA:123,2
DA:124,0
DA:125,0
DA:130,2
DA:131,2
DA:136,1
DA:137,0
DA:140,1
DA:142,1
DA:145,1
DA:150,3
DA:159,4
DA:160,4
DA:162,4
DA:164,2
DA:169,2
DA:172,2
DA:175,2
DA:176,2
DA:177,0
DA:178,0
DA:190,2
DA:194,1
DA:196,1
DA:197,1
DA:200,1
DA:201,1
DA:202,1
DA:203,0
DA:204,0
DA:209,1
DA:210,1
DA:215,1
DA:216,0
DA:219,1
DA:221,1
DA:224,1
DA:229,2
DA:244,6
DA:245,4
DA:246,3
DA:247,2
DA:248,1
LF:74
LH:64
BRDA:102,0,0,3
BRDA:102,0,1,0
BRDA:104,1,0,0
BRDA:104,1,1,0
BRDA:118,2,0,2
BRDA:118,2,1,0
BRDA:123,3,0,2
BRDA:123,3,1,0
BRDA:125,4,0,0
BRDA:125,4,1,0
BRDA:136,5,0,0
BRDA:136,5,1,1
BRDA:136,6,0,1
BRDA:136,6,1,0
BRDA:142,7,0,1
BRDA:142,7,1,0
BRDA:142,7,2,0
BRDA:176,8,0,2
BRDA:176,8,1,0
BRDA:178,9,0,0
BRDA:178,9,1,0
BRDA:197,10,0,1
BRDA:197,10,1,0
BRDA:202,11,0,1
BRDA:202,11,1,0
BRDA:204,12,0,0
BRDA:204,12,1,0
BRDA:215,13,0,0
BRDA:215,13,1,1
BRDA:215,14,0,1
BRDA:215,14,1,0
BRDA:221,15,0,1
BRDA:221,15,1,0
BRDA:221,15,2,0
BRDA:244,16,0,2
BRDA:244,16,1,4
BRDA:245,17,0,1
BRDA:245,17,1,3
BRDA:246,18,0,1
BRDA:246,18,1,2
BRDA:247,19,0,1
BRDA:247,19,1,1
BRF:42
BRH:20
end_of_record
TN:
SF:src/hooks/useSessionTimeout.ts
FN:52,useSessionTimeout
FN:71,(anonymous_1)
FN:85,(anonymous_2)
FN:101,(anonymous_3)
FN:140,(anonymous_4)
FN:143,(anonymous_5)
FN:158,(anonymous_6)
FN:164,(anonymous_7)
FN:174,(anonymous_8)
FN:180,(anonymous_9)
FN:191,(anonymous_10)
FN:200,(anonymous_11)
FN:202,(anonymous_12)
FNF:13
FNH:0
FNDA:0,useSessionTimeout
FNDA:0,(anonymous_1)
FNDA:0,(anonymous_2)
FNDA:0,(anonymous_3)
FNDA:0,(anonymous_4)
FNDA:0,(anonymous_5)
FNDA:0,(anonymous_6)
FNDA:0,(anonymous_7)
FNDA:0,(anonymous_8)
FNDA:0,(anonymous_9)
FNDA:0,(anonymous_10)
FNDA:0,(anonymous_11)
FNDA:0,(anonymous_12)
DA:61,0
DA:63,0
DA:64,0
DA:65,0
DA:66,0
DA:71,0
DA:72,0
DA:74,0
DA:75,0
DA:76,0
DA:78,0
DA:85,0
DA:86,0
DA:87,0
DA:88,0
DA:90,0
DA:91,0
DA:93,0
DA:101,0
DA:102,0
DA:104,0
DA:105,0
DA:106,0
DA:108,0
DA:109,0
DA:112,0
DA:113,0
DA:116,0
DA:117,0
DA:118,0
DA:120,0
DA:121,0
DA:125,0
DA:126,0
DA:127,0
DA:130,0
DA:132,0
DA:133,0
DA:140,0
DA:141,0
DA:143,0
DA:144,0
DA:145,0
DA:148,0
DA:149,0
DA:153,0
DA:154,0
DA:158,0
DA:164,0
DA:165,0
DA:166,0
DA:167,0
DA:168,0
DA:170,0
DA:174,0
DA:175,0
DA:176,0
DA:180,0
DA:181,0
DA:182,0
DA:183,0
DA:191,0
DA:192,0
DA:193,0
DA:200,0
DA:201,0
DA:202,0
DA:206,0
LF:68
LH:0
BRDA:53,0,0,0
BRDA:56,1,0,0
BRDA:57,2,0,0
BRDA:60,3,0,0
BRDA:72,4,0,0
BRDA:72,4,1,0
BRDA:72,5,0,0
BRDA:72,5,1,0
BRDA:88,6,0,0
BRDA:88,6,1,0
BRDA:102,7,0,0
BRDA:102,7,1,0
BRDA:102,8,0,0
BRDA:102,8,1,0
BRDA:106,9,0,0
BRDA:106,9,1,0
BRDA:116,10,0,0
BRDA:116,10,1,0
BRDA:125,11,0,0
BRDA:125,11,1,0
BRDA:125,12,0,0
BRDA:125,12,1,0
BRDA:141,13,0,0
BRDA:141,13,1,0
BRDA:148,14,0,0
BRDA:148,14,1,0
BRDA:148,15,0,0
BRDA:148,15,1,0
BRDA:153,16,0,0
BRDA:153,16,1,0
BRDA:153,17,0,0
BRDA:153,17,1,0
BRDA:165,18,0,0
BRDA:165,18,1,0
BRDA:165,19,0,0
BRDA:165,19,1,0
BRDA:166,20,0,0
BRDA:166,20,1,0
BRDA:175,21,0,0
BRDA:175,21,1,0
BRDA:181,22,0,0
BRDA:181,22,1,0
BRDA:192,23,0,0
BRDA:192,23,1,0
BRDA:192,24,0,0
BRDA:192,24,1,0
BRDA:201,25,0,0
BRDA:201,25,1,0
BRF:48
BRH:0
end_of_record
TN:
SF:src/hooks/useStorageQuota.ts
FN:49,useStorageQuota
FN:63,(anonymous_1)
FN:94,(anonymous_2)
FN:117,(anonymous_3)
FN:124,(anonymous_4)
FN:129,(anonymous_5)
FN:133,(anonymous_6)
FN:139,(anonymous_7)
FN:142,(anonymous_8)
FN:150,(anonymous_9)
FN:156,(anonymous_10)
FN:161,(anonymous_11)
FNF:12
FNH:0
FNDA:0,useStorageQuota
FNDA:0,(anonymous_1)
FNDA:0,(anonymous_2)
FNDA:0,(anonymous_3)
FNDA:0,(anonymous_4)
FNDA:0,(anonymous_5)
FNDA:0,(anonymous_6)
FNDA:0,(anonymous_7)
FNDA:0,(anonymous_8)
FNDA:0,(anonymous_9)
FNDA:0,(anonymous_10)
FNDA:0,(anonymous_11)
DA:56,0
DA:58,0
DA:59,0
DA:60,0
DA:61,0
DA:63,0
DA:64,0
DA:65,0
DA:66,0
DA:67,0
DA:69,0
DA:71,0
DA:74,0
DA:75,0
DA:76,0
DA:77,0
DA:78,0
DA:82,0
DA:83,0
DA:84,0
DA:85,0
DA:87,0
DA:88,0
DA:93,0
DA:95,0
DA:96,0
DA:97,0
DA:99,0
DA:100,0
DA:103,0
DA:105,0
DA:106,0
DA:108,0
DA:109,0
DA:116,0
DA:118,0
DA:119,0
DA:124,0
DA:125,0
DA:129,0
DA:130,0
DA:131,0
DA:133,0
DA:134,0
DA:139,0
DA:140,0
DA:142,0
DA:143,0
DA:144,0
DA:148,0
DA:150,0
DA:151,0
DA:156,0
DA:157,0
DA:159,0
DA:161,0
DA:162,0
DA:166,0
LF:58
LH:0
BRDA:50,0,0,0
BRDA:53,1,0,0
BRDA:54,2,0,0
BRDA:55,3,0,0
BRDA:69,4,0,0
BRDA:69,4,1,0
BRDA:74,5,0,0
BRDA:74,5,1,0
BRDA:74,6,0,0
BRDA:74,6,1,0
BRDA:77,7,0,0
BRDA:77,7,1,0
BRDA:82,8,0,0
BRDA:82,8,1,0
BRDA:83,9,0,0
BRDA:83,9,1,0
BRDA:87,10,0,0
BRDA:87,10,1,0
BRDA:99,11,0,0
BRDA:99,11,1,0
BRDA:108,12,0,0
BRDA:108,12,1,0
BRDA:118,13,0,0
BRDA:118,13,1,0
BRDA:140,14,0,0
BRDA:140,14,1,0
BRDA:143,15,0,0
BRDA:143,15,1,0
BRDA:157,16,0,0
BRDA:157,16,1,0
BRF:30
BRH:0
end_of_record
TN:
SF:src/hooks/useWorkflowProgress.ts
FN:16,(anonymous_0)
FN:26,useWorkflowProgress
FN:29,(anonymous_2)
FNF:3
FNH:0
FNDA:0,(anonymous_0)
FNDA:0,useWorkflowProgress
FNDA:0,(anonymous_2)
DA:14,0
DA:16,0
DA:27,0
DA:29,0
LF:4
LH:0
BRF:0
BRH:0
end_of_record
TN:
SF:src/hooks/booking/index.ts
FNF:0
FNH:0
LF:0
LH:0
BRF:0
BRH:0
end_of_record
TN:
SF:src/hooks/booking/useBookingFlows.ts
FN:17,(anonymous_0)
FN:18,(anonymous_1)
FN:19,(anonymous_2)
FN:21,(anonymous_3)
FN:22,(anonymous_4)
FN:32,useEventTypes
FN:35,(anonymous_6)
FN:43,useAvailableFlows
FN:46,(anonymous_8)
FN:54,useBookingFlow
FN:57,(anonymous_10)
FN:66,useFlowSteps
FN:69,(anonymous_12)
FN:82,usePrefetchBookingFlow
FN:85,(anonymous_14)
FN:88,(anonymous_15)
FN:97,useInvalidateBookingFlows
FN:100,(anonymous_17)
FN:108,useGetCachedFlow
FN:111,(anonymous_19)
FN:119,useGetCachedEventTypes
FN:122,(anonymous_21)
FNF:22
FNH:0
FNDA:0,(anonymous_0)
FNDA:0,(anonymous_1)
FNDA:0,(anonymous_2)
FNDA:0,(anonymous_3)
FNDA:0,(anonymous_4)
FNDA:0,useEventTypes
FNDA:0,(anonymous_6)
FNDA:0,useAvailableFlows
FNDA:0,(anonymous_8)
FNDA:0,useBookingFlow
FNDA:0,(anonymous_10)
FNDA:0,useFlowSteps
FNDA:0,(anonymous_12)
FNDA:0,usePrefetchBookingFlow
FNDA:0,(anonymous_14)
FNDA:0,(anonymous_15)
FNDA:0,useInvalidateBookingFlows
FNDA:0,(anonymous_17)
FNDA:0,useGetCachedFlow
FNDA:0,(anonymous_19)
FNDA:0,useGetCachedEventTypes
FNDA:0,(anonymous_21)
DA:15,0
DA:17,0
DA:18,0
DA:20,0
DA:21,0
DA:22,0
DA:33,0
DA:35,0
DA:44,0
DA:46,0
DA:55,0
DA:57,0
DA:67,0
DA:69,0
DA:83,0
DA:85,0
DA:86,0
DA:88,0
DA:98,0
DA:100,0
DA:101,0
DA:109,0
DA:111,0
DA:112,0
DA:120,0
DA:122,0
DA:123,0
LF:27
LH:0
BRF:0
BRH:0
end_of_record
TN:
SF:src/hooks/booking/useBookingNavigation.ts
FN:43,useBookingNavigation
FN:52,(anonymous_1)
FN:57,(anonymous_2)
FN:58,(anonymous_3)
FN:77,(anonymous_4)
FN:81,(anonymous_5)
FN:90,(anonymous_6)
FN:110,(anonymous_7)
FN:120,(anonymous_8)
FN:129,(anonymous_9)
FN:140,(anonymous_10)
FN:148,(anonymous_11)
FN:149,(anonymous_12)
FN:156,(anonymous_13)
FN:157,(anonymous_14)
FN:164,(anonymous_15)
FN:172,(anonymous_16)
FN:179,(anonymous_17)
FN:184,(anonymous_18)
FN:189,(anonymous_19)
FN:194,(anonymous_20)
FN:196,(anonymous_21)
FN:197,(anonymous_22)
FNF:23
FNH:0
FNDA:0,useBookingNavigation
FNDA:0,(anonymous_1)
FNDA:0,(anonymous_2)
FNDA:0,(anonymous_3)
FNDA:0,(anonymous_4)
FNDA:0,(anonymous_5)
FNDA:0,(anonymous_6)
FNDA:0,(anonymous_7)
FNDA:0,(anonymous_8)
FNDA:0,(anonymous_9)
FNDA:0,(anonymous_10)
FNDA:0,(anonymous_11)
FNDA:0,(anonymous_12)
FNDA:0,(anonymous_13)
FNDA:0,(anonymous_14)
FNDA:0,(anonymous_15)
FNDA:0,(anonymous_16)
FNDA:0,(anonymous_17)
FNDA:0,(anonymous_18)
FNDA:0,(anonymous_19)
FNDA:0,(anonymous_20)
FNDA:0,(anonymous_21)
FNDA:0,(anonymous_22)
DA:49,0
DA:52,0
DA:53,0
DA:57,0
DA:58,0
DA:59,0
DA:61,0
DA:76,0
DA:78,0
DA:79,0
DA:82,0
DA:83,0
DA:84,0
DA:89,0
DA:91,0
DA:92,0
DA:93,0
DA:96,0
DA:97,0
DA:99,0
DA:100,0
DA:101,0
DA:103,0
DA:110,0
DA:111,0
DA:112,0
DA:113,0
DA:116,0
DA:120,0
DA:121,0
DA:122,0
DA:125,0
DA:129,0
DA:130,0
DA:131,0
DA:132,0
DA:135,0
DA:139,0
DA:141,0
DA:147,0
DA:149,0
DA:155,0
DA:157,0
DA:163,0
DA:165,0
DA:171,0
DA:173,0
DA:179,0
DA:180,0
DA:184,0
DA:185,0
DA:189,0
DA:190,0
DA:194,0
DA:195,0
DA:196,0
DA:197,0
DA:211,0
LF:58
LH:0
BRDA:53,0,0,0
BRDA:53,0,1,0
BRDA:67,1,0,0
BRDA:67,1,1,0
BRDA:68,2,0,0
BRDA:68,2,1,0
BRDA:68,3,0,0
BRDA:68,3,1,0
BRDA:78,4,0,0
BRDA:78,4,1,0
BRDA:83,5,0,0
BRDA:83,5,1,0
BRDA:91,6,0,0
BRDA:91,6,1,0
BRDA:97,7,0,0
BRDA:97,7,1,0
BRDA:111,8,0,0
BRDA:111,8,1,0
BRDA:121,9,0,0
BRDA:121,9,1,0
BRDA:130,10,0,0
BRDA:130,10,1,0
BRDA:141,11,0,0
BRDA:141,11,1,0
BRDA:149,12,0,0
BRDA:149,12,1,0
BRF:26
BRH:0
end_of_record
TN:
SF:src/hooks/booking/useBookingPayment.ts
FN:29,useBookingPayment
FN:50,(anonymous_1)
FN:51,(anonymous_2)
FN:64,(anonymous_3)
FN:66,(anonymous_4)
FN:75,(anonymous_5)
FN:88,(anonymous_6)
FN:100,(anonymous_7)
FN:111,(anonymous_8)
FN:120,(anonymous_9)
FN:127,(anonymous_10)
FN:135,(anonymous_11)
FN:148,(anonymous_12)
FN:185,(anonymous_13)
FNF:14
FNH:0
FNDA:0,useBookingPayment
FNDA:0,(anonymous_1)
FNDA:0,(anonymous_2)
FNDA:0,(anonymous_3)
FNDA:0,(anonymous_4)
FNDA:0,(anonymous_5)
FNDA:0,(anonymous_6)
FNDA:0,(anonymous_7)
FNDA:0,(anonymous_8)
FNDA:0,(anonymous_9)
FNDA:0,(anonymous_10)
FNDA:0,(anonymous_11)
FNDA:0,(anonymous_12)
FNDA:0,(anonymous_13)
DA:30,0
DA:31,0
DA:32,0
DA:34,0
DA:49,0
DA:51,0
DA:63,0
DA:65,0
DA:66,0
DA:70,0
DA:75,0
DA:81,0
DA:87,0
DA:96,0
DA:97,0
DA:100,0
DA:102,0
DA:103,0
DA:110,0
DA:111,0
DA:116,0
DA:119,0
DA:120,0
DA:121,0
DA:122,0
DA:126,0
DA:127,0
DA:132,0
DA:134,0
DA:135,0
DA:140,0
DA:147,0
DA:155,0
DA:156,0
DA:159,0
DA:160,0
DA:167,0
DA:168,0
DA:171,0
DA:172,0
DA:175,0
DA:177,0
DA:178,0
DA:185,0
DA:186,0
DA:196,0
LF:46
LH:0
BRDA:55,0,0,0
BRDA:55,0,1,0
BRDA:55,1,0,0
BRDA:55,1,1,0
BRDA:65,2,0,0
BRDA:65,2,1,0
BRDA:96,3,0,0
BRDA:96,3,1,0
BRDA:106,4,0,0
BRDA:106,4,1,0
BRDA:110,5,0,0
BRDA:110,5,1,0
BRDA:119,6,0,0
BRDA:119,6,1,0
BRDA:126,7,0,0
BRDA:126,7,1,0
BRDA:134,8,0,0
BRDA:134,8,1,0
BRDA:155,9,0,0
BRDA:155,9,1,0
BRDA:163,10,0,0
BRDA:163,10,1,0
BRDA:167,11,0,0
BRDA:167,11,1,0
BRDA:171,12,0,0
BRDA:171,12,1,0
BRDA:177,13,0,0
BRDA:177,13,1,0
BRDA:198,14,0,0
BRDA:198,14,1,0
BRF:30
BRH:0
end_of_record
TN:
SF:src/hooks/booking/useBookingSession.ts
FN:33,(anonymous_0)
FN:34,(anonymous_1)
FN:44,useBookingSession
FN:47,(anonymous_3)
FN:57,useRecoverableSession
FN:60,(anonymous_5)
FN:72,useStartSession
FN:77,(anonymous_7)
FN:84,(anonymous_8)
FN:97,(anonymous_9)
FN:108,useUpdateSessionData
FN:112,(anonymous_11)
FN:123,(anonymous_12)
FN:125,(anonymous_13)
FN:143,(anonymous_14)
FN:155,useValidateStepData
FN:157,(anonymous_16)
FN:172,useGoToStep
FN:176,(anonymous_18)
FN:183,(anonymous_19)
FN:185,(anonymous_20)
FN:200,useCalculatePricing
FN:204,(anonymous_22)
FN:213,(anonymous_23)
FN:215,(anonymous_24)
FN:230,useCompleteBooking
FN:235,(anonymous_26)
FN:242,(anonymous_27)
FN:251,(anonymous_28)
FN:262,useAbandonSession
FN:266,(anonymous_30)
FN:273,(anonymous_31)
FN:286,useRecoverSession
FN:291,(anonymous_33)
FN:296,(anonymous_34)
FN:302,(anonymous_35)
FN:319,useDiscardRecoverableSession
FN:323,(anonymous_37)
FN:326,(anonymous_38)
FN:339,useInvalidateBookingSessions
FN:342,(anonymous_40)
FN:350,useGetCachedSession
FN:353,(anonymous_42)
FNF:43
FNH:0
FNDA:0,(anonymous_0)
FNDA:0,(anonymous_1)
FNDA:0,useBookingSession
FNDA:0,(anonymous_3)
FNDA:0,useRecoverableSession
FNDA:0,(anonymous_5)
FNDA:0,useStartSession
FNDA:0,(anonymous_7)
FNDA:0,(anonymous_8)
FNDA:0,(anonymous_9)
FNDA:0,useUpdateSessionData
FNDA:0,(anonymous_11)
FNDA:0,(anonymous_12)
FNDA:0,(anonymous_13)
FNDA:0,(anonymous_14)
FNDA:0,useValidateStepData
FNDA:0,(anonymous_16)
FNDA:0,useGoToStep
FNDA:0,(anonymous_18)
FNDA:0,(anonymous_19)
FNDA:0,(anonymous_20)
FNDA:0,useCalculatePricing
FNDA:0,(anonymous_22)
FNDA:0,(anonymous_23)
FNDA:0,(anonymous_24)
FNDA:0,useCompleteBooking
FNDA:0,(anonymous_26)
FNDA:0,(anonymous_27)
FNDA:0,(anonymous_28)
FNDA:0,useAbandonSession
FNDA:0,(anonymous_30)
FNDA:0,(anonymous_31)
FNDA:0,useRecoverSession
FNDA:0,(anonymous_33)
FNDA:0,(anonymous_34)
FNDA:0,(anonymous_35)
FNDA:0,useDiscardRecoverableSession
FNDA:0,(anonymous_37)
FNDA:0,(anonymous_38)
FNDA:0,useInvalidateBookingSessions
FNDA:0,(anonymous_40)
FNDA:0,useGetCachedSession
FNDA:0,(anonymous_42)
DA:31,0
DA:33,0
DA:34,0
DA:45,0
DA:47,0
DA:58,0
DA:60,0
DA:73,0
DA:74,0
DA:76,0
DA:83,0
DA:86,0
DA:89,0
DA:98,0
DA:99,0
DA:100,0
DA:109,0
DA:111,0
DA:122,0
DA:125,0
DA:126,0
DA:127,0
DA:134,0
DA:145,0
DA:156,0
DA:165,0
DA:173,0
DA:175,0
DA:182,0
DA:185,0
DA:186,0
DA:187,0
DA:201,0
DA:203,0
DA:212,0
DA:215,0
DA:216,0
DA:217,0
DA:231,0
DA:232,0
DA:234,0
DA:241,0
DA:243,0
DA:246,0
DA:249,0
DA:252,0
DA:253,0
DA:254,0
DA:263,0
DA:265,0
DA:272,0
DA:275,0
DA:278,0
DA:287,0
DA:288,0
DA:290,0
DA:293,0
DA:294,0
DA:297,0
DA:300,0
DA:303,0
DA:306,0
DA:307,0
DA:308,0
DA:310,0
DA:320,0
DA:322,0
DA:324,0
DA:327,0
DA:340,0
DA:342,0
DA:343,0
DA:351,0
DA:353,0
DA:354,0
LF:75
LH:0
BRDA:46,0,0,0
BRDA:46,0,1,0
BRDA:93,1,0,0
BRDA:93,1,1,0
BRDA:94,2,0,0
BRDA:94,2,1,0
BRDA:99,3,0,0
BRDA:99,3,1,0
BRDA:126,4,0,0
BRDA:126,4,1,0
BRDA:186,5,0,0
BRDA:186,5,1,0
BRDA:216,6,0,0
BRDA:216,6,1,0
BRDA:253,7,0,0
BRDA:253,7,1,0
BRDA:306,8,0,0
BRDA:306,8,1,0
BRF:18
BRH:0
end_of_record
TN:
SF:src/hooks/booking/useConfirmation.ts
FN:28,(anonymous_0)
FN:29,(anonymous_1)
FN:39,useBookingDetails
FN:42,(anonymous_3)
FN:51,useReceiptUrl
FN:54,(anonymous_5)
FN:67,useCompleteBooking
FN:72,(anonymous_7)
FN:79,(anonymous_8)
FN:98,(anonymous_9)
FN:109,useResendConfirmation
FN:113,(anonymous_11)
FN:114,(anonymous_12)
FN:117,(anonymous_13)
FN:128,useValidateConfirmation
FN:130,(anonymous_15)
FN:145,useUpdateConfirmation
FN:147,(anonymous_17)
FN:168,useFormatBookingReference
FN:175,useStatusDisplay
FN:184,usePaymentStatusDisplay
FN:193,useCalendarEvent
FN:200,useNextSteps
FN:209,useIsFullyConfirmed
FN:216,useInvalidateConfirmations
FN:219,(anonymous_25)
FN:250,useConfirmationManager
FN:277,(anonymous_27)
FN:284,(anonymous_28)
FN:309,(anonymous_29)
FN:442,(anonymous_30)
FN:455,(anonymous_31)
FN:462,(anonymous_32)
FN:472,(anonymous_33)
FN:477,(anonymous_34)
FN:482,(anonymous_35)
FN:496,(anonymous_36)
FN:501,(anonymous_37)
FN:507,(anonymous_38)
FNF:39
FNH:0
FNDA:0,(anonymous_0)
FNDA:0,(anonymous_1)
FNDA:0,useBookingDetails
FNDA:0,(anonymous_3)
FNDA:0,useReceiptUrl
FNDA:0,(anonymous_5)
FNDA:0,useCompleteBooking
FNDA:0,(anonymous_7)
FNDA:0,(anonymous_8)
FNDA:0,(anonymous_9)
FNDA:0,useResendConfirmation
FNDA:0,(anonymous_11)
FNDA:0,(anonymous_12)
FNDA:0,(anonymous_13)
FNDA:0,useValidateConfirmation
FNDA:0,(anonymous_15)
FNDA:0,useUpdateConfirmation
FNDA:0,(anonymous_17)
FNDA:0,useFormatBookingReference
FNDA:0,useStatusDisplay
FNDA:0,usePaymentStatusDisplay
FNDA:0,useCalendarEvent
FNDA:0,useNextSteps
FNDA:0,useIsFullyConfirmed
FNDA:0,useInvalidateConfirmations
FNDA:0,(anonymous_25)
FNDA:0,useConfirmationManager
FNDA:0,(anonymous_27)
FNDA:0,(anonymous_28)
FNDA:0,(anonymous_29)
FNDA:0,(anonymous_30)
FNDA:0,(anonymous_31)
FNDA:0,(anonymous_32)
FNDA:0,(anonymous_33)
FNDA:0,(anonymous_34)
FNDA:0,(anonymous_35)
FNDA:0,(anonymous_36)
FNDA:0,(anonymous_37)
FNDA:0,(anonymous_38)
DA:26,0
DA:28,0
DA:29,0
DA:40,0
DA:42,0
DA:52,0
DA:54,0
DA:68,0
DA:69,0
DA:71,0
DA:78,0
DA:80,0
DA:81,0
DA:82,0
DA:83,0
DA:87,0
DA:92,0
DA:93,0
DA:96,0
DA:99,0
DA:100,0
DA:101,0
DA:110,0
DA:112,0
DA:113,0
DA:115,0
DA:118,0
DA:119,0
DA:120,0
DA:129,0
DA:138,0
DA:146,0
DA:157,0
DA:169,0
DA:178,0
DA:187,0
DA:194,0
DA:203,0
DA:210,0
DA:217,0
DA:219,0
DA:220,0
DA:254,0
DA:255,0
DA:257,0
DA:258,0
DA:259,0
DA:260,0
DA:261,0
DA:264,0
DA:268,0
DA:275,0
DA:277,0
DA:283,0
DA:285,0
DA:288,0
DA:289,0
DA:293,0
DA:294,0
DA:295,0
DA:296,0
DA:297,0
DA:302,0
DA:308,0
DA:310,0
DA:311,0
DA:312,0
DA:315,0
DA:316,0
DA:317,0
DA:320,0
DA:324,0
DA:326,0
DA:330,0
DA:331,0
DA:332,0
DA:334,0
DA:336,0
DA:340,0
DA:341,0
DA:343,0
DA:347,0
DA:348,0
DA:351,0
DA:353,0
DA:357,0
DA:358,0
DA:359,0
DA:360,0
DA:361,0
DA:366,0
DA:371,0
DA:372,0
DA:375,0
DA:378,0
DA:384,0
DA:385,0
DA:388,0
DA:391,0
DA:392,0
DA:394,0
DA:398,0
DA:400,0
DA:403,0
DA:404,0
DA:405,0
DA:409,0
DA:412,0
DA:414,0
DA:419,0
DA:424,0
DA:430,0
DA:431,0
DA:432,0
DA:433,0
DA:435,0
DA:442,0
DA:443,0
DA:444,0
DA:446,0
DA:447,0
DA:449,0
DA:451,0
DA:455,0
DA:456,0
DA:457,0
DA:461,0
DA:462,0
DA:472,0
DA:473,0
DA:477,0
DA:478,0
DA:482,0
DA:483,0
DA:485,0
DA:496,0
DA:497,0
DA:501,0
DA:502,0
DA:503,0
DA:507,0
DA:508,0
DA:509,0
DA:510,0
DA:511,0
DA:512,0
DA:515,0
LF:147
LH:0
BRDA:80,0,0,0
BRDA:80,0,1,0
BRDA:82,1,0,0
BRDA:82,1,1,0
BRDA:100,2,0,0
BRDA:100,2,1,0
BRDA:119,3,0,0
BRDA:119,3,1,0
BRDA:276,4,0,0
BRDA:276,4,1,0
BRDA:278,5,0,0
BRDA:278,5,1,0
BRDA:285,6,0,0
BRDA:285,6,1,0
BRDA:288,7,0,0
BRDA:288,7,1,0
BRDA:288,8,0,0
BRDA:288,8,1,0
BRDA:294,9,0,0
BRDA:294,9,1,0
BRDA:294,10,0,0
BRDA:294,10,1,0
BRDA:296,11,0,0
BRDA:296,11,1,0
BRDA:296,12,0,0
BRDA:296,12,1,0
BRDA:310,13,0,0
BRDA:310,13,1,0
BRDA:326,14,0,0
BRDA:326,14,1,0
BRDA:330,15,0,0
BRDA:330,15,1,0
BRDA:334,16,0,0
BRDA:334,16,1,0
BRDA:338,17,0,0
BRDA:338,17,1,0
BRDA:348,18,0,0
BRDA:348,18,1,0
BRDA:353,19,0,0
BRDA:353,19,1,0
BRDA:353,19,2,0
BRDA:391,20,0,0
BRDA:391,20,1,0
BRDA:403,21,0,0
BRDA:403,21,1,0
BRDA:414,22,0,0
BRDA:414,22,1,0
BRDA:414,22,2,0
BRDA:419,23,0,0
BRDA:419,23,1,0
BRDA:420,24,0,0
BRDA:420,24,1,0
BRDA:420,24,2,0
BRDA:443,25,0,0
BRDA:443,25,1,0
BRDA:446,26,0,0
BRDA:446,26,1,0
BRDA:449,27,0,0
BRDA:449,27,1,0
BRDA:456,28,0,0
BRDA:456,28,1,0
BRDA:463,29,0,0
BRDA:463,29,1,0
BRDA:464,30,0,0
BRDA:464,30,1,0
BRDA:473,31,0,0
BRDA:473,31,1,0
BRDA:483,32,0,0
BRDA:483,32,1,0
BRDA:533,33,0,0
BRDA:533,33,1,0
BRF:71
BRH:0
end_of_record
TN:
SF:src/hooks/booking/useContactInfo.ts
FN:26,useCheckEmailExists
FN:28,(anonymous_1)
FN:35,useValidateContactInfo
FN:37,(anonymous_3)
FN:52,useUpdateContactInfo
FN:54,(anonymous_5)
FN:75,useDefaultContactInfo
FN:76,(anonymous_7)
FN:100,useValidateContactInfoData
FN:110,useRequiredFieldLabels
FN:117,useFormatContactInfo
FN:124,useMaskEmail
FN:131,useMaskPhone
FN:146,useContactInfoManager
FN:147,(anonymous_14)
FN:148,(anonymous_15)
FN:154,(anonymous_16)
FN:176,(anonymous_17)
FN:193,(anonymous_18)
FN:229,(anonymous_19)
FN:242,(anonymous_20)
FN:268,(anonymous_21)
FN:280,(anonymous_22)
FN:288,(anonymous_23)
FN:295,(anonymous_24)
FN:333,useContactInfoValidation
FN:337,(anonymous_26)
FN:346,(anonymous_27)
FN:353,(anonymous_28)
FN:359,(anonymous_29)
FNF:30
FNH:0
FNDA:0,useCheckEmailExists
FNDA:0,(anonymous_1)
FNDA:0,useValidateContactInfo
FNDA:0,(anonymous_3)
FNDA:0,useUpdateContactInfo
FNDA:0,(anonymous_5)
FNDA:0,useDefaultContactInfo
FNDA:0,(anonymous_7)
FNDA:0,useValidateContactInfoData
FNDA:0,useRequiredFieldLabels
FNDA:0,useFormatContactInfo
FNDA:0,useMaskEmail
FNDA:0,useMaskPhone
FNDA:0,useContactInfoManager
FNDA:0,(anonymous_14)
FNDA:0,(anonymous_15)
FNDA:0,(anonymous_16)
FNDA:0,(anonymous_17)
FNDA:0,(anonymous_18)
FNDA:0,(anonymous_19)
FNDA:0,(anonymous_20)
FNDA:0,(anonymous_21)
FNDA:0,(anonymous_22)
FNDA:0,(anonymous_23)
FNDA:0,(anonymous_24)
FNDA:0,useContactInfoValidation
FNDA:0,(anonymous_26)
FNDA:0,(anonymous_27)
FNDA:0,(anonymous_28)
FNDA:0,(anonymous_29)
DA:27,0
DA:28,0
DA:36,0
DA:45,0
DA:53,0
DA:64,0
DA:76,0
DA:78,0
DA:80,0
DA:94,0
DA:104,0
DA:111,0
DA:118,0
DA:125,0
DA:132,0
DA:147,0
DA:148,0
DA:149,0
DA:150,0
DA:151,0
DA:154,0
DA:155,0
DA:158,0
DA:171,0
DA:175,0
DA:177,0
DA:178,0
DA:180,0
DA:182,0
DA:183,0
DA:186,0
DA:192,0
DA:199,0
DA:200,0
DA:201,0
DA:203,0
DA:204,0
DA:205,0
DA:211,0
DA:213,0
DA:214,0
DA:215,0
DA:217,0
DA:218,0
DA:219,0
DA:221,0
DA:228,0
DA:234,0
DA:235,0
DA:236,0
DA:238,0
DA:240,0
DA:241,0
DA:242,0
DA:243,0
DA:244,0
DA:248,0
DA:250,0
DA:252,0
DA:255,0
DA:257,0
DA:258,0
DA:259,0
DA:260,0
DA:267,0
DA:268,0
DA:279,0
DA:281,0
DA:287,0
DA:289,0
DA:295,0
DA:296,0
DA:297,0
DA:300,0
DA:334,0
DA:336,0
DA:338,0
DA:339,0
DA:340,0
DA:345,0
DA:347,0
DA:352,0
DA:354,0
DA:359,0
DA:360,0
DA:363,0
LF:86
LH:0
BRDA:78,0,0,0
BRDA:78,0,1,0
BRDA:84,1,0,0
BRDA:84,1,1,0
BRDA:89,2,0,0
BRDA:89,2,1,0
BRDA:155,3,0,0
BRDA:155,3,1,0
BRDA:155,4,0,0
BRDA:155,4,1,0
BRDA:162,5,0,0
BRDA:162,5,1,0
BRDA:167,6,0,0
BRDA:167,6,1,0
BRDA:182,7,0,0
BRDA:182,7,1,0
BRDA:197,8,0,0
BRDA:214,9,0,0
BRDA:214,9,1,0
BRDA:215,10,0,0
BRDA:215,10,1,0
BRDA:238,11,0,0
BRDA:238,11,1,0
BRDA:241,12,0,0
BRDA:241,12,1,0
BRDA:243,13,0,0
BRDA:243,13,1,0
BRDA:258,14,0,0
BRDA:258,14,1,0
BRDA:269,15,0,0
BRDA:269,15,1,0
BRDA:270,16,0,0
BRDA:270,16,1,0
BRDA:271,17,0,0
BRDA:271,17,1,0
BRDA:272,18,0,0
BRDA:272,18,1,0
BRDA:273,19,0,0
BRDA:273,19,1,0
BRDA:289,20,0,0
BRDA:289,20,1,0
BRDA:354,21,0,0
BRDA:354,21,1,0
BRF:43
BRH:0
end_of_record
TN:
SF:src/hooks/booking/usePayment.ts
FN:25,(anonymous_0)
FN:26,(anonymous_1)
FN:27,(anonymous_2)
FN:28,(anonymous_3)
FN:39,usePaymentGateways
FN:42,(anonymous_5)
FN:50,useFlowPaymentGateways
FN:53,(anonymous_7)
FN:62,usePaymentGateway
FN:65,(anonymous_9)
FN:74,useGatewayPublicConfig
FN:77,(anonymous_11)
FN:90,useValidatePayment
FN:92,(anonymous_13)
FN:107,useUpdatePayment
FN:111,(anonymous_15)
FN:122,(anonymous_16)
FN:137,useCalculateDeposit
FN:148,useCalculateBalance
FN:158,useFormatAmount
FN:165,useGatewayDisplayName
FN:172,useGatewayIcon
FN:179,useSupportedPaymentMethods
FN:186,useIsTestMode
FN:193,useSupportsFeature
FN:200,useValidatePaymentMethod
FN:210,useValidateAmountLimits
FN:220,useFormatPaymentData
FN:232,useValidatePaymentData
FN:241,usePrefetchGateway
FN:244,(anonymous_30)
FN:247,(anonymous_31)
FN:256,useInvalidatePayments
FN:259,(anonymous_33)
FNF:34
FNH:0
FNDA:0,(anonymous_0)
FNDA:0,(anonymous_1)
FNDA:0,(anonymous_2)
FNDA:0,(anonymous_3)
FNDA:0,usePaymentGateways
FNDA:0,(anonymous_5)
FNDA:0,useFlowPaymentGateways
FNDA:0,(anonymous_7)
FNDA:0,usePaymentGateway
FNDA:0,(anonymous_9)
FNDA:0,useGatewayPublicConfig
FNDA:0,(anonymous_11)
FNDA:0,useValidatePayment
FNDA:0,(anonymous_13)
FNDA:0,useUpdatePayment
FNDA:0,(anonymous_15)
FNDA:0,(anonymous_16)
FNDA:0,useCalculateDeposit
FNDA:0,useCalculateBalance
FNDA:0,useFormatAmount
FNDA:0,useGatewayDisplayName
FNDA:0,useGatewayIcon
FNDA:0,useSupportedPaymentMethods
FNDA:0,useIsTestMode
FNDA:0,useSupportsFeature
FNDA:0,useValidatePaymentMethod
FNDA:0,useValidateAmountLimits
FNDA:0,useFormatPaymentData
FNDA:0,useValidatePaymentData
FNDA:0,usePrefetchGateway
FNDA:0,(anonymous_30)
FNDA:0,(anonymous_31)
FNDA:0,useInvalidatePayments
FNDA:0,(anonymous_33)
DA:23,0
DA:25,0
DA:26,0
DA:27,0
DA:29,0
DA:40,0
DA:42,0
DA:51,0
DA:53,0
DA:63,0
DA:65,0
DA:75,0
DA:77,0
DA:91,0
DA:100,0
DA:108,0
DA:110,0
DA:121,0
DA:123,0
DA:124,0
DA:125,0
DA:142,0
DA:152,0
DA:159,0
DA:166,0
DA:173,0
DA:180,0
DA:187,0
DA:194,0
DA:204,0
DA:214,0
DA:226,0
DA:235,0
DA:242,0
DA:244,0
DA:245,0
DA:247,0
DA:257,0
DA:259,0
DA:260,0
LF:40
LH:0
BRDA:124,0,0,0
BRDA:124,0,1,0
BRDA:158,1,0,0
BRDA:224,2,0,0
BRF:4
BRH:0
end_of_record
TN:
SF:src/hooks/booking/usePricing.ts
FN:27,useCalculatePricing
FN:32,(anonymous_1)
FN:41,(anonymous_2)
FN:45,(anonymous_3)
FN:55,(anonymous_4)
FN:66,useApplyDiscountCode
FN:71,(anonymous_6)
FN:92,(anonymous_7)
FN:98,(anonymous_8)
FN:109,useRemoveDiscountCode
FN:113,(anonymous_10)
FN:129,useValidatePricingSummary
FN:131,(anonymous_12)
FN:147,useUpdatePricingSummary
FN:149,(anonymous_14)
FN:176,usePackagesTotal
FN:177,(anonymous_16)
FN:187,useAddonsTotal
FN:188,(anonymous_18)
FN:196,useSubtotal
FN:197,(anonymous_20)
FN:203,(anonymous_21)
FN:213,useTaxAmount
FN:220,useTotalWithTax
FN:227,useTotalWithDiscount
FN:251,useFormattedPricingSummary
FN:258,(anonymous_26)
FN:302,useValidatePricingSummaryData
FNF:28
FNH:0
FNDA:0,useCalculatePricing
FNDA:0,(anonymous_1)
FNDA:0,(anonymous_2)
FNDA:0,(anonymous_3)
FNDA:0,(anonymous_4)
FNDA:0,useApplyDiscountCode
FNDA:0,(anonymous_6)
FNDA:0,(anonymous_7)
FNDA:0,(anonymous_8)
FNDA:0,useRemoveDiscountCode
FNDA:0,(anonymous_10)
FNDA:0,useValidatePricingSummary
FNDA:0,(anonymous_12)
FNDA:0,useUpdatePricingSummary
FNDA:0,(anonymous_14)
FNDA:0,usePackagesTotal
FNDA:0,(anonymous_16)
FNDA:0,useAddonsTotal
FNDA:0,(anonymous_18)
FNDA:0,useSubtotal
FNDA:0,(anonymous_20)
FNDA:0,(anonymous_21)
FNDA:0,useTaxAmount
FNDA:0,useTotalWithTax
FNDA:0,useTotalWithDiscount
FNDA:0,useFormattedPricingSummary
FNDA:0,(anonymous_26)
FNDA:0,useValidatePricingSummaryData
DA:28,0
DA:29,0
DA:31,0
DA:40,0
DA:43,0
DA:46,0
DA:47,0
DA:56,0
DA:57,0
DA:58,0
DA:67,0
DA:68,0
DA:70,0
DA:81,0
DA:84,0
DA:90,0
DA:93,0
DA:99,0
DA:100,0
DA:101,0
DA:110,0
DA:112,0
DA:121,0
DA:130,0
DA:140,0
DA:148,0
DA:160,0
DA:177,0
DA:178,0
DA:179,0
DA:180,0
DA:188,0
DA:189,0
DA:197,0
DA:198,0
DA:199,0
DA:200,0
DA:203,0
DA:204,0
DA:207,0
DA:214,0
DA:221,0
DA:233,0
DA:234,0
DA:236,0
DA:237,0
DA:238,0
DA:240,0
DA:243,0
DA:245,0
DA:255,0
DA:258,0
DA:259,0
DA:267,0
DA:268,0
DA:276,0
DA:277,0
DA:285,0
DA:286,0
DA:293,0
DA:306,0
DA:308,0
DA:309,0
DA:312,0
LF:64
LH:0
BRDA:46,0,0,0
BRDA:46,0,1,0
BRDA:57,1,0,0
BRDA:57,1,1,0
BRDA:100,2,0,0
BRDA:100,2,1,0
BRDA:179,3,0,0
BRDA:179,3,1,0
BRDA:199,4,0,0
BRDA:199,4,1,0
BRDA:237,5,0,0
BRDA:237,5,1,0
BRDA:260,6,0,0
BRDA:260,6,1,0
BRDA:267,7,0,0
BRDA:267,7,1,0
BRDA:276,8,0,0
BRDA:276,8,1,0
BRDA:285,9,0,0
BRDA:285,9,1,0
BRDA:287,10,0,0
BRDA:287,10,1,0
BRDA:308,11,0,0
BRDA:308,11,1,0
BRF:24
BRH:0
end_of_record
TN:
SF:src/hooks/booking/useProducts.ts
FN:22,(anonymous_0)
FN:23,(anonymous_1)
FN:24,(anonymous_2)
FN:25,(anonymous_3)
FN:26,(anonymous_4)
FN:28,(anonymous_5)
FN:29,(anonymous_6)
FN:30,(anonymous_7)
FN:32,(anonymous_8)
FN:42,useProductCategories
FN:45,(anonymous_10)
FN:53,useProductOptions
FN:56,(anonymous_12)
FN:70,usePackages
FN:76,(anonymous_14)
FN:84,useAddons
FN:87,(anonymous_16)
FN:95,usePackagesByCategory
FN:98,(anonymous_18)
FN:107,useAddonsByCategory
FN:110,(anonymous_20)
FN:119,useProduct
FN:122,(anonymous_22)
FN:131,useProductsByIds
FN:134,(anonymous_24)
FN:143,useDiscounts
FN:146,(anonymous_26)
FN:158,useValidateDiscountCode
FN:160,(anonymous_28)
FN:167,useValidatePackageSelection
FN:169,(anonymous_30)
FN:184,useUpdatePackageSelection
FN:186,(anonymous_32)
FN:203,useValidateAddonSelection
FN:205,(anonymous_34)
FN:220,useUpdateAddonSelection
FN:222,(anonymous_36)
FN:243,useAvailableProducts
FN:250,useGroupedProducts
FN:257,useSortedProducts
FN:264,usePackagePrice
FN:271,useAddonPrice
FN:278,usePrefetchProduct
FN:281,(anonymous_43)
FN:284,(anonymous_44)
FN:293,useInvalidateProducts
FN:296,(anonymous_46)
FNF:47
FNH:0
FNDA:0,(anonymous_0)
FNDA:0,(anonymous_1)
FNDA:0,(anonymous_2)
FNDA:0,(anonymous_3)
FNDA:0,(anonymous_4)
FNDA:0,(anonymous_5)
FNDA:0,(anonymous_6)
FNDA:0,(anonymous_7)
FNDA:0,(anonymous_8)
FNDA:0,useProductCategories
FNDA:0,(anonymous_10)
FNDA:0,useProductOptions
FNDA:0,(anonymous_12)
FNDA:0,usePackages
FNDA:0,(anonymous_14)
FNDA:0,useAddons
FNDA:0,(anonymous_16)
FNDA:0,usePackagesByCategory
FNDA:0,(anonymous_18)
FNDA:0,useAddonsByCategory
FNDA:0,(anonymous_20)
FNDA:0,useProduct
FNDA:0,(anonymous_22)
FNDA:0,useProductsByIds
FNDA:0,(anonymous_24)
FNDA:0,useDiscounts
FNDA:0,(anonymous_26)
FNDA:0,useValidateDiscountCode
FNDA:0,(anonymous_28)
FNDA:0,useValidatePackageSelection
FNDA:0,(anonymous_30)
FNDA:0,useUpdatePackageSelection
FNDA:0,(anonymous_32)
FNDA:0,useValidateAddonSelection
FNDA:0,(anonymous_34)
FNDA:0,useUpdateAddonSelection
FNDA:0,(anonymous_36)
FNDA:0,useAvailableProducts
FNDA:0,useGroupedProducts
FNDA:0,useSortedProducts
FNDA:0,usePackagePrice
FNDA:0,useAddonPrice
FNDA:0,usePrefetchProduct
FNDA:0,(anonymous_43)
FNDA:0,(anonymous_44)
FNDA:0,useInvalidateProducts
FNDA:0,(anonymous_46)
DA:20,0
DA:22,0
DA:23,0
DA:24,0
DA:25,0
DA:27,0
DA:28,0
DA:29,0
DA:31,0
DA:32,0
DA:43,0
DA:45,0
DA:54,0
DA:56,0
DA:71,0
DA:72,0
DA:74,0
DA:76,0
DA:85,0
DA:87,0
DA:96,0
DA:98,0
DA:108,0
DA:110,0
DA:120,0
DA:122,0
DA:132,0
DA:134,0
DA:144,0
DA:146,0
DA:159,0
DA:160,0
DA:168,0
DA:177,0
DA:185,0
DA:196,0
DA:204,0
DA:213,0
DA:221,0
DA:232,0
DA:244,0
DA:251,0
DA:258,0
DA:265,0
DA:272,0
DA:279,0
DA:281,0
DA:282,0
DA:284,0
DA:294,0
DA:296,0
DA:297,0
LF:52
LH:0
BRDA:71,0,0,0
BRDA:71,0,1,0
BRDA:72,1,0,0
BRDA:72,1,1,0
BRDA:271,2,0,0
BRF:5
BRH:0
end_of_record
TN:
SF:src/hooks/booking/useQuestionnaire.ts
FN:24,(anonymous_0)
FN:25,(anonymous_1)
FN:35,useQuestionnaires
FN:38,(anonymous_3)
FN:47,useQuestionnaire
FN:50,(anonymous_5)
FN:59,useQuestionnaireFields
FN:62,(anonymous_7)
FN:75,useUploadQuestionnaireFile
FN:79,(anonymous_9)
FN:92,(anonymous_10)
FN:103,useDeleteQuestionnaireFile
FN:107,(anonymous_12)
FN:108,(anonymous_13)
FN:119,useValidateQuestionnaire
FN:121,(anonymous_15)
FN:136,useUpdateQuestionnaire
FN:138,(anonymous_17)
FN:159,useFieldVisibility
FN:169,useVisibleFields
FN:179,useGroupedFields
FN:188,useValidateQuestionnaireData
FN:198,usePrefetchQuestionnaire
FN:201,(anonymous_23)
FN:204,(anonymous_24)
FN:210,(anonymous_25)
FN:219,useInvalidateQuestionnaires
FN:222,(anonymous_27)
FNF:28
FNH:0
FNDA:0,(anonymous_0)
FNDA:0,(anonymous_1)
FNDA:0,useQuestionnaires
FNDA:0,(anonymous_3)
FNDA:0,useQuestionnaire
FNDA:0,(anonymous_5)
FNDA:0,useQuestionnaireFields
FNDA:0,(anonymous_7)
FNDA:0,useUploadQuestionnaireFile
FNDA:0,(anonymous_9)
FNDA:0,(anonymous_10)
FNDA:0,useDeleteQuestionnaireFile
FNDA:0,(anonymous_12)
FNDA:0,(anonymous_13)
FNDA:0,useValidateQuestionnaire
FNDA:0,(anonymous_15)
FNDA:0,useUpdateQuestionnaire
FNDA:0,(anonymous_17)
FNDA:0,useFieldVisibility
FNDA:0,useVisibleFields
FNDA:0,useGroupedFields
FNDA:0,useValidateQuestionnaireData
FNDA:0,usePrefetchQuestionnaire
FNDA:0,(anonymous_23)
FNDA:0,(anonymous_24)
FNDA:0,(anonymous_25)
FNDA:0,useInvalidateQuestionnaires
FNDA:0,(anonymous_27)
DA:22,0
DA:24,0
DA:25,0
DA:36,0
DA:38,0
DA:48,0
DA:50,0
DA:60,0
DA:62,0
DA:76,0
DA:78,0
DA:91,0
DA:93,0
DA:94,0
DA:95,0
DA:104,0
DA:106,0
DA:107,0
DA:109,0
DA:110,0
DA:111,0
DA:120,0
DA:129,0
DA:137,0
DA:148,0
DA:163,0
DA:173,0
DA:182,0
DA:192,0
DA:199,0
DA:201,0
DA:202,0
DA:204,0
DA:208,0
DA:210,0
DA:220,0
DA:222,0
DA:223,0
LF:38
LH:0
BRDA:39,0,0,0
BRDA:39,0,1,0
BRDA:94,1,0,0
BRDA:94,1,1,0
BRDA:110,2,0,0
BRDA:110,2,1,0
BRF:6
BRH:0
end_of_record
TN:
SF:src/hooks/booking/useSimplePricing.ts
FN:52,(anonymous_0)
FN:80,(anonymous_1)
FN:82,(anonymous_2)
FN:83,(anonymous_3)
FN:89,(anonymous_4)
FN:92,(anonymous_5)
FN:97,(anonymous_6)
FN:235,(anonymous_7)
FN:238,(anonymous_8)
FN:242,(anonymous_9)
FN:247,(anonymous_10)
FN:257,(anonymous_11)
FN:263,(anonymous_12)
FN:265,(anonymous_13)
FN:307,calculateFallbackPricing
FN:312,(anonymous_15)
FN:318,(anonymous_16)
FN:344,useOptimisticPricing
FN:350,(anonymous_18)
FN:351,(anonymous_19)
FN:356,(anonymous_20)
FNF:21
FNH:0
FNDA:0,(anonymous_0)
FNDA:0,(anonymous_1)
FNDA:0,(anonymous_2)
FNDA:0,(anonymous_3)
FNDA:0,(anonymous_4)
FNDA:0,(anonymous_5)
FNDA:0,(anonymous_6)
FNDA:0,(anonymous_7)
FNDA:0,(anonymous_8)
FNDA:0,(anonymous_9)
FNDA:0,(anonymous_10)
FNDA:0,(anonymous_11)
FNDA:0,(anonymous_12)
FNDA:0,(anonymous_13)
FNDA:0,calculateFallbackPricing
FNDA:0,(anonymous_15)
FNDA:0,(anonymous_16)
FNDA:0,useOptimisticPricing
FNDA:0,(anonymous_18)
FNDA:0,(anonymous_19)
FNDA:0,(anonymous_20)
DA:52,0
DA:59,0
DA:60,0
DA:62,0
DA:74,0
DA:75,0
DA:78,0
DA:80,0
DA:81,0
DA:82,0
DA:83,0
DA:88,0
DA:89,0
DA:91,0
DA:92,0
DA:94,0
DA:97,0
DA:98,0
DA:100,0
DA:101,0
DA:113,0
DA:116,0
DA:117,0
DA:119,0
DA:120,0
DA:126,0
DA:127,0
DA:128,0
DA:129,0
DA:131,0
DA:132,0
DA:135,0
DA:136,0
DA:140,0
DA:141,0
DA:144,0
DA:152,0
DA:174,0
DA:177,0
DA:178,0
DA:192,0
DA:193,0
DA:196,0
DA:202,0
DA:205,0
DA:206,0
DA:220,0
DA:235,0
DA:236,0
DA:238,0
DA:239,0
DA:242,0
DA:246,0
DA:248,0
DA:250,0
DA:256,0
DA:257,0
DA:263,0
DA:264,0
DA:265,0
DA:269,0
DA:312,0
DA:313,0
DA:314,0
DA:315,0
DA:318,0
DA:319,0
DA:322,0
DA:323,0
DA:324,0
DA:326,0
DA:350,0
DA:351,0
DA:352,0
DA:353,0
DA:356,0
DA:357,0
DA:360,0
DA:361,0
DA:362,0
DA:363,0
DA:364,0
DA:366,0
LF:83
LH:0
BRDA:53,0,0,0
BRDA:54,1,0,0
BRDA:57,2,0,0
BRDA:60,3,0,0
BRDA:60,4,0,0
BRDA:78,5,0,0
BRDA:78,5,1,0
BRDA:94,6,0,0
BRDA:94,6,1,0
BRDA:100,7,0,0
BRDA:100,7,1,0
BRDA:100,8,0,0
BRDA:100,8,1,0
BRDA:111,9,0,0
BRDA:111,9,1,0
BRDA:131,10,0,0
BRDA:131,10,1,0
BRDA:131,11,0,0
BRDA:131,11,1,0
BRDA:132,12,0,0
BRDA:132,12,1,0
BRDA:135,13,0,0
BRDA:135,13,1,0
BRDA:135,14,0,0
BRDA:135,14,1,0
BRDA:141,15,0,0
BRDA:141,15,1,0
BRDA:141,15,2,0
BRDA:163,16,0,0
BRDA:163,16,1,0
BRDA:165,17,0,0
BRDA:165,17,1,0
BRDA:166,18,0,0
BRDA:166,18,1,0
BRDA:166,18,2,0
BRDA:167,19,0,0
BRDA:167,19,1,0
BRDA:168,20,0,0
BRDA:168,20,1,0
BRDA:169,21,0,0
BRDA:169,21,1,0
BRDA:177,22,0,0
BRDA:177,22,1,0
BRDA:199,23,0,0
BRDA:199,23,1,0
BRDA:205,24,0,0
BRDA:205,24,1,0
BRDA:236,25,0,0
BRDA:236,25,1,0
BRDA:256,26,0,0
BRDA:256,26,1,0
BRDA:265,27,0,0
BRDA:265,27,1,0
BRDA:314,28,0,0
BRDA:314,28,1,0
BRDA:347,29,0,0
BRDA:348,30,0,0
BRF:57
BRH:0
end_of_record
TN:
SF:src/hooks/booking/useVenues.ts
FN:25,(anonymous_0)
FN:26,(anonymous_1)
FN:27,(anonymous_2)
FN:28,(anonymous_3)
FN:30,(anonymous_4)
FN:41,useActiveVenues
FN:44,(anonymous_6)
FN:52,useRentableVenues
FN:55,(anonymous_8)
FN:63,useVenue
FN:66,(anonymous_10)
FN:75,useVenueAvailability
FN:78,(anonymous_12)
FN:91,useFindMatchingPackages
FN:93,(anonymous_14)
FN:106,useCreateFromVenues
FN:110,(anonymous_16)
FN:124,(anonymous_17)
FN:135,useCalculateVenueTimes
FN:137,(anonymous_19)
FN:152,useCheckDateAvailability
FN:154,(anonymous_21)
FN:167,useValidateVenueSelection
FN:169,(anonymous_23)
FN:184,useUpdateVenueSelection
FN:186,(anonymous_25)
FN:209,useCustomPackageEstimate
FN:219,usePrefetchVenue
[...]
BRDA:119,9,1,0
BRDA:134,10,0,0
BRDA:134,10,1,0
BRDA:143,11,0,0
BRDA:143,11,1,0
BRDA:152,12,0,0
BRDA:152,12,1,0
BRDA:161,13,0,0
BRDA:161,13,1,0
BRF:28
BRH:1
end_of_record
TN:
SF:src/utils/notificationHandler.ts
FN:19,handleNotificationNavigation
FN:104,getChannelForNotificationType
FN:136,clearAllNotifications
FN:147,getBadgeCount
FN:154,updateBadgeCount
FN:161,clearBadge
FN:172,parseNotificationData
FN:194,isTestNotification
FNF:8
FNH:0
FNDA:0,handleNotificationNavigation
FNDA:0,getChannelForNotificationType
FNDA:0,clearAllNotifications
FNDA:0,getBadgeCount
FNDA:0,updateBadgeCount
FNDA:0,clearBadge
FNDA:0,parseNotificationData
FNDA:0,isTestNotification
DA:20,0
DA:23,0
DA:24,0
DA:26,0
DA:27,0
DA:30,0
DA:31,0
DA:38,0
DA:42,0
DA:43,0
DA:45,0
DA:47,0
DA:52,0
DA:53,0
DA:55,0
DA:57,0
DA:61,0
DA:62,0
DA:64,0
DA:66,0
DA:70,0
DA:71,0
DA:73,0
DA:75,0
DA:79,0
DA:80,0
DA:82,0
DA:84,0
DA:88,0
DA:89,0
DA:93,0
DA:107,0
DA:111,0
DA:115,0
DA:118,0
DA:122,0
DA:125,0
DA:137,0
DA:148,0
DA:155,0
DA:162,0
DA:175,0
DA:177,0
DA:195,0
LF:44
LH:0
BRDA:23,0,0,0
BRDA:23,0,1,0
BRDA:38,1,0,0
BRDA:38,1,1,0
BRDA:38,1,2,0
BRDA:38,1,3,0
BRDA:38,1,4,0
BRDA:38,1,5,0
BRDA:38,1,6,0
BRDA:38,1,7,0
BRDA:38,1,8,0
BRDA:38,1,9,0
BRDA:38,1,10,0
BRDA:38,1,11,0
BRDA:38,1,12,0
BRDA:38,1,13,0
BRDA:42,2,0,0
BRDA:42,2,1,0
BRDA:52,3,0,0
BRDA:52,3,1,0
BRDA:61,4,0,0
BRDA:61,4,1,0
BRDA:70,5,0,0
BRDA:70,5,1,0
BRDA:79,6,0,0
BRDA:79,6,1,0
BRDA:107,7,0,0
BRDA:107,7,1,0
BRDA:107,7,2,0
BRDA:107,7,3,0
BRDA:107,7,4,0
BRDA:107,7,5,0
BRDA:107,7,6,0
BRDA:107,7,7,0
BRDA:107,7,8,0
BRF:35
BRH:0
end_of_record
TN:
SF:src/utils/offlineMutationQueue.ts
FN:76,migrateToEncryptedStorage
FN:110,(anonymous_1)
FN:121,mergeData
FN:131,isMutationNewer
FN:150,isConflictError
FN:161,saveQueue
FN:170,(anonymous_6)
FN:192,(anonymous_7)
FN:210,(anonymous_8)
FN:218,(anonymous_9)
FN:360,(anonymous_10)
FN:361,(anonymous_11)
FN:371,(anonymous_12)
FN:380,(anonymous_13)
FN:382,(anonymous_14)
FNF:15
FNH:0
FNDA:0,migrateToEncryptedStorage
FNDA:0,(anonymous_1)
FNDA:0,mergeData
FNDA:0,isMutationNewer
FNDA:0,isConflictError
FNDA:0,saveQueue
FNDA:0,(anonymous_6)
FNDA:0,(anonymous_7)
FNDA:0,(anonymous_8)
FNDA:0,(anonymous_9)
FNDA:0,(anonymous_10)
FNDA:0,(anonymous_11)
FNDA:0,(anonymous_12)
FNDA:0,(anonymous_13)
FNDA:0,(anonymous_14)
DA:69,0
DA:70,0
DA:71,0
DA:77,0
DA:79,0
DA:80,0
DA:83,0
DA:84,0
DA:86,0
DA:87,0
DA:91,0
DA:92,0
DA:93,0
DA:94,0
DA:95,0
DA:101,0
DA:103,0
DA:110,0
DA:111,0
DA:115,0
DA:125,0
DA:135,0
DA:136,0
DA:139,0
DA:140,0
DA:144,0
DA:151,0
DA:152,0
DA:153,0
DA:155,0
DA:162,0
DA:163,0
DA:166,0
DA:173,0
DA:174,0
DA:176,0
DA:183,0
DA:184,0
DA:186,0
DA:193,0
DA:195,0
DA:197,0
DA:198,0
DA:200,0
DA:202,0
DA:203,0
DA:211,0
DA:212,0
DA:227,0
DA:228,0
DA:229,0
DA:232,0
DA:233,0
DA:234,0
DA:237,0
DA:238,0
DA:239,0
DA:240,0
DA:241,0
DA:243,0
DA:244,0
DA:245,0
DA:250,0
DA:253,0
DA:254,0
DA:255,0
DA:256,0
DA:257,0
DA:258,0
DA:264,0
DA:267,0
DA:268,0
DA:272,0
DA:273,0
DA:276,0
DA:278,0
DA:280,0
DA:284,0
DA:290,0
DA:294,0
DA:297,0
DA:299,0
DA:303,0
DA:308,0
DA:311,0
DA:315,0
DA:317,0
DA:318,0
DA:327,0
DA:329,0
DA:330,0
DA:331,0
DA:334,0
DA:337,0
DA:338,0
DA:342,0
DA:345,0
DA:346,0
DA:349,0
DA:351,0
DA:352,0
DA:359,0
DA:360,0
DA:361,0
DA:363,0
DA:365,0
DA:372,0
DA:374,0
DA:381,0
DA:382,0
DA:383,0
LF:111
LH:0
BRDA:80,0,0,0
BRDA:80,0,1,0
BRDA:84,1,0,0
BRDA:84,1,1,0
BRDA:92,2,0,0
BRDA:92,2,1,0
BRDA:135,3,0,0
BRDA:135,3,1,0
BRDA:135,4,0,0
BRDA:135,4,1,0
BRDA:139,5,0,0
BRDA:139,5,1,0
BRDA:139,6,0,0
BRDA:139,6,1,0
BRDA:151,7,0,0
BRDA:151,7,1,0
BRDA:153,8,0,0
BRDA:153,8,1,0
BRDA:198,9,0,0
BRDA:198,9,1,0
BRDA:228,10,0,0
BRDA:228,10,1,0
BRDA:233,11,0,0
BRDA:233,11,1,0
BRDA:240,12,0,0
BRDA:240,12,1,0
BRDA:241,13,0,0
BRDA:241,13,1,0
BRDA:253,14,0,0
BRDA:253,14,1,0
BRDA:254,15,0,0
BRDA:254,15,1,0
BRDA:258,16,0,0
BRDA:258,16,1,0
BRDA:258,17,0,0
BRDA:258,17,1,0
BRDA:264,18,0,0
BRDA:264,18,1,0
BRDA:264,18,2,0
BRDA:264,18,3,0
BRDA:264,18,4,0
BRDA:272,19,0,0
BRDA:272,19,1,0
BRDA:284,20,0,0
BRDA:284,20,1,0
BRDA:285,21,0,0
BRDA:285,21,1,0
BRDA:285,21,2,0
BRDA:285,21,3,0
BRDA:315,22,0,0
BRDA:315,22,1,0
BRDA:315,22,2,0
BRDA:315,22,3,0
BRDA:321,23,0,0
BRDA:321,23,1,0
BRDA:330,24,0,0
BRDA:330,24,1,0
BRDA:351,25,0,0
BRDA:351,25,1,0
BRDA:360,26,0,0
BRDA:360,26,1,0
BRDA:360,26,2,0
BRF:62
BRH:0
end_of_record
TN:
SF:src/utils/offlineStorage.ts
FN:27,(anonymous_0)
FN:58,(anonymous_1)
FN:79,(anonymous_2)
FN:86,(anonymous_3)
FN:88,(anonymous_4)
FN:95,(anonymous_5)
FN:97,(anonymous_6)
FN:100,(anonymous_7)
FNF:8
FNH:0
FNDA:0,(anonymous_0)
FNDA:0,(anonymous_1)
FNDA:0,(anonymous_2)
FNDA:0,(anonymous_3)
FNDA:0,(anonymous_4)
FNDA:0,(anonymous_5)
FNDA:0,(anonymous_6)
FNDA:0,(anonymous_7)
DA:13,0
DA:14,0
DA:22,0
DA:28,0
DA:33,0
DA:34,0
DA:37,0
DA:38,0
DA:39,0
DA:44,0
DA:45,0
DA:46,0
DA:47,0
DA:51,0
DA:52,0
DA:59,0
DA:60,0
DA:61,0
DA:63,0
DA:65,0
DA:66,0
DA:67,0
DA:70,0
DA:72,0
DA:80,0
DA:87,0
DA:88,0
DA:89,0
DA:96,0
DA:97,0
DA:99,0
DA:101,0
DA:102,0
DA:110,0
LF:34
LH:0
BRDA:27,0,0,0
BRDA:38,1,0,0
BRDA:38,1,1,0
BRDA:38,2,0,0
BRDA:38,2,1,0
BRDA:45,3,0,0
BRDA:45,3,1,0
BRDA:61,4,0,0
BRDA:61,4,1,0
BRDA:65,5,0,0
BRDA:65,5,1,0
BRDA:104,6,0,0
BRDA:104,6,1,0
BRDA:105,7,0,0
BRDA:105,7,1,0
BRF:15
BRH:0
end_of_record
TN:
SF:src/utils/queryClient.ts
FN:32,normalizeParams
FN:39,(anonymous_1)
FN:63,(anonymous_2)
FN:81,(anonymous_3)
FN:109,(anonymous_4)
FN:123,(anonymous_5)
FN:171,(anonymous_6)
FN:172,(anonymous_7)
FN:173,(anonymous_8)
FN:175,(anonymous_9)
FN:176,(anonymous_10)
FN:184,(anonymous_11)
FN:186,(anonymous_12)
FN:187,(anonymous_13)
FN:188,(anonymous_14)
FN:189,(anonymous_15)
FN:190,(anonymous_16)
FN:191,(anonymous_17)
FN:192,(anonymous_18)
FN:193,(anonymous_19)
FN:203,(anonymous_20)
FN:206,(anonymous_21)
FN:216,(anonymous_22)
FN:218,(anonymous_23)
FN:227,(anonymous_24)
FN:235,(anonymous_25)
FN:237,(anonymous_26)
FN:238,(anonymous_27)
FN:247,(anonymous_28)
FN:249,(anonymous_29)
FN:251,(anonymous_30)
FN:260,(anonymous_31)
FN:272,(anonymous_32)
FN:273,(anonymous_33)
FN:307,(anonymous_34)
FN:317,(anonymous_35)
FNF:36
FNH:0
FNDA:0,normalizeParams
FNDA:0,(anonymous_1)
FNDA:0,(anonymous_2)
FNDA:0,(anonymous_3)
FNDA:0,(anonymous_4)
FNDA:0,(anonymous_5)
FNDA:0,(anonymous_6)
FNDA:0,(anonymous_7)
FNDA:0,(anonymous_8)
FNDA:0,(anonymous_9)
FNDA:0,(anonymous_10)
FNDA:0,(anonymous_11)
FNDA:0,(anonymous_12)
FNDA:0,(anonymous_13)
FNDA:0,(anonymous_14)
FNDA:0,(anonymous_15)
FNDA:0,(anonymous_16)
FNDA:0,(anonymous_17)
FNDA:0,(anonymous_18)
FNDA:0,(anonymous_19)
FNDA:0,(anonymous_20)
FNDA:0,(anonymous_21)
FNDA:0,(anonymous_22)
FNDA:0,(anonymous_23)
FNDA:0,(anonymous_24)
FNDA:0,(anonymous_25)
FNDA:0,(anonymous_26)
FNDA:0,(anonymous_27)
FNDA:0,(anonymous_28)
FNDA:0,(anonymous_29)
FNDA:0,(anonymous_30)
FNDA:0,(anonymous_31)
FNDA:0,(anonymous_32)
FNDA:0,(anonymous_33)
FNDA:0,(anonymous_34)
FNDA:0,(anonymous_35)
DA:33,0
DA:34,0
DA:38,0
DA:39,0
DA:43,0
DA:44,0
DA:45,0
DA:47,0
DA:48,0
DA:49,0
DA:52,0
DA:56,0
DA:63,1
DA:65,0
DA:66,0
DA:67,0
DA:71,0
DA:72,0
DA:76,0
DA:77,0
DA:81,1
DA:82,0
DA:84,0
DA:85,0
DA:93,1
DA:111,0
DA:114,0
DA:115,0
DA:116,0
DA:117,0
DA:121,0
DA:123,0
DA:157,1
DA:171,0
DA:172,0
DA:174,0
DA:175,0
DA:176,0
DA:185,0
DA:186,0
DA:187,0
DA:188,0
DA:189,0
DA:190,0
DA:191,0
DA:192,0
DA:193,0
DA:203,0
DA:206,0
DA:216,0
DA:218,0
DA:227,0
DA:236,0
DA:237,0
DA:239,0
DA:248,0
DA:250,0
DA:251,0
DA:261,0
DA:272,0
DA:273,0
DA:307,1
DA:311,0
DA:317,1
DA:318,0
LF:65
LH:6
BRDA:33,0,0,0
BRDA:33,0,1,0
BRDA:33,1,0,0
BRDA:33,1,1,0
BRDA:38,2,0,0
BRDA:38,2,1,0
BRDA:43,3,0,0
BRDA:43,3,1,0
BRDA:43,4,0,0
BRDA:43,4,1,0
BRDA:65,5,0,0
BRDA:65,5,1,0
BRDA:71,6,0,0
BRDA:71,6,1,0
BRDA:76,7,0,0
BRDA:76,7,1,0
BRDA:76,8,0,0
BRDA:76,8,1,0
BRDA:84,9,0,0
BRDA:84,9,1,0
BRDA:84,10,0,0
BRDA:84,10,1,0
BRDA:111,11,0,0
BRDA:111,11,1,0
BRDA:114,12,0,0
BRDA:114,12,1,0
BRDA:116,13,0,0
BRDA:116,13,1,0
BRDA:116,14,0,0
BRDA:116,14,1,0
BRDA:116,14,2,0
BRDA:116,14,3,0
BRDA:116,14,4,0
BRF:33
BRH:0
end_of_record
TN:
SF:src/utils/queryPersister.ts
FN:18,(anonymous_0)
FN:21,(anonymous_1)
FN:46,(anonymous_2)
FN:76,(anonymous_3)
FN:78,(anonymous_4)
FN:85,(anonymous_5)
FNF:6
FNH:0
FNDA:0,(anonymous_0)
FNDA:0,(anonymous_1)
FNDA:0,(anonymous_2)
FNDA:0,(anonymous_3)
FNDA:0,(anonymous_4)
FNDA:0,(anonymous_5)
DA:17,0
DA:19,0
DA:22,0
DA:25,0
DA:27,0
DA:28,0
DA:32,0
DA:36,0
DA:37,0
DA:41,0
DA:44,0
DA:47,0
DA:51,0
DA:61,0
DA:76,0
DA:77,0
DA:78,0
DA:85,0
DA:86,0
LF:19
LH:0
BRDA:27,0,0,0
BRDA:27,0,1,0
BRDA:36,1,0,0
BRDA:36,1,1,0
BRDA:36,2,0,0
BRDA:36,2,1,0
BRF:6
BRH:0
end_of_record
TN:
SF:src/utils/security.ts
FN:9,sanitizeString
FN:29,sanitizeHTML
FN:74,escapeHTML
FN:85,(anonymous_3)
FN:91,sanitizeURL
FN:128,validateEmail
FN:141,validatePhone
FN:156,formatPhoneNumber
FN:180,getPasswordStrength
FN:213,(anonymous_9)
FN:238,sanitizeFilename
FN:294,validateFileMagicBytes
FN:309,(anonymous_12)
FN:318,(anonymous_13)
FN:326,readFileMagicBytes
FN:353,validateFileType
FN:359,(anonymous_16)
FN:398,validateFileSecure
FN:437,validateFileSize
FN:448,generateToken
FN:462,maskSensitiveData
FN:468,(anonymous_21)
FNF:22
FNH:0
FNDA:0,sanitizeString
FNDA:0,sanitizeHTML
FNDA:0,escapeHTML
FNDA:0,(anonymous_3)
FNDA:0,sanitizeURL
FNDA:0,validateEmail
FNDA:0,validatePhone
FNDA:0,formatPhoneNumber
FNDA:0,getPasswordStrength
FNDA:0,(anonymous_9)
FNDA:0,sanitizeFilename
FNDA:0,validateFileMagicBytes
FNDA:0,(anonymous_12)
FNDA:0,(anonymous_13)
FNDA:0,readFileMagicBytes
FNDA:0,validateFileType
FNDA:0,(anonymous_16)
FNDA:0,validateFileSecure
FNDA:0,validateFileSize
FNDA:0,generateToken
FNDA:0,maskSensitiveData
FNDA:0,(anonymous_21)
DA:10,0
DA:12,0
DA:30,0
DA:32,0
DA:35,0
DA:47,0
DA:48,0
DA:51,0
DA:52,0
DA:53,0
DA:56,0
DA:59,0
DA:62,0
DA:63,0
DA:66,0
DA:68,0
DA:75,0
DA:77,0
DA:85,0
DA:92,0
DA:94,0
DA:97,0
DA:98,0
DA:102,0
DA:103,0
DA:106,0
DA:107,0
DA:110,0
DA:111,0
DA:114,0
DA:117,0
DA:118,0
DA:121,0
DA:129,0
DA:132,0
DA:134,0
DA:142,0
DA:144,0
DA:146,0
DA:157,0
DA:159,0
DA:162,0
DA:163,0
DA:166,0
DA:167,0
DA:170,0
DA:171,0
DA:174,0
DA:185,0
DA:186,0
DA:189,0
DA:190,0
DA:193,0
DA:194,0
DA:196,0
DA:199,0
DA:200,0
DA:202,0
DA:203,0
DA:205,0
DA:206,0
DA:208,0
DA:209,0
DA:212,0
DA:213,0
DA:214,0
DA:215,0
DA:219,0
DA:220,0
DA:221,0
DA:224,0
DA:226,0
DA:228,0
DA:239,0
DA:241,0
DA:260,0
DA:298,0
DA:302,0
DA:303,0
DA:306,0
DA:309,0
DA:310,0
DA:313,0
DA:314,0
DA:318,0
DA:330,0
DA:331,0
DA:333,0
DA:334,0
DA:335,0
DA:344,0
DA:346,0
DA:357,0
DA:359,0
DA:361,0
DA:364,0
DA:365,0
DA:366,0
DA:370,0
DA:371,0
DA:372,0
DA:387,0
DA:390,0
DA:407,0
DA:408,0
DA:415,0
DA:416,0
DA:423,0
DA:424,0
DA:425,0
DA:431,0
DA:441,0
DA:442,0
DA:449,0
DA:450,0
DA:452,0
DA:453,0
DA:456,0
DA:463,0
DA:465,0
DA:467,0
DA:468,0
DA:469,0
DA:470,0
DA:471,0
DA:475,0
LF:126
LH:0
BRDA:10,0,0,0
BRDA:10,0,1,0
BRDA:10,1,0,0
BRDA:10,1,1,0
BRDA:30,2,0,0
BRDA:30,2,1,0
BRDA:30,3,0,0
BRDA:30,3,1,0
BRDA:75,4,0,0
BRDA:75,4,1,0
BRDA:75,5,0,0
BRDA:75,5,1,0
BRDA:85,6,0,0
BRDA:85,6,1,0
BRDA:92,7,0,0
BRDA:92,7,1,0
BRDA:92,8,0,0
BRDA:92,8,1,0
BRDA:97,9,0,0
BRDA:97,9,1,0
BRDA:102,10,0,0
BRDA:102,10,1,0
BRDA:110,11,0,0
BRDA:110,11,1,0
BRDA:117,12,0,0
BRDA:117,12,1,0
BRDA:117,13,0,0
BRDA:117,13,1,0
BRDA:129,14,0,0
BRDA:129,14,1,0
BRDA:129,15,0,0
BRDA:129,15,1,0
BRDA:142,16,0,0
BRDA:142,16,1,0
BRDA:142,17,0,0
BRDA:142,17,1,0
BRDA:147,18,0,0
BRDA:147,18,1,0
BRDA:147,18,2,0
BRDA:157,19,0,0
BRDA:157,19,1,0
BRDA:162,20,0,0
BRDA:162,20,1,0
BRDA:166,21,0,0
BRDA:166,21,1,0
BRDA:170,22,0,0
BRDA:170,22,1,0
BRDA:185,23,0,0
BRDA:185,23,1,0
BRDA:193,24,0,0
BRDA:193,24,1,0
BRDA:196,25,0,0
BRDA:196,25,1,0
BRDA:199,26,0,0
BRDA:199,26,1,0
BRDA:202,27,0,0
BRDA:202,27,1,0
BRDA:205,28,0,0
BRDA:205,28,1,0
BRDA:208,29,0,0
BRDA:208,29,1,0
BRDA:213,30,0,0
BRDA:213,30,1,0
BRDA:219,31,0,0
BRDA:219,31,1,0
BRDA:231,32,0,0
BRDA:231,32,1,0
BRDA:239,33,0,0
BRDA:239,33,1,0
BRDA:239,34,0,0
BRDA:239,34,1,0
BRDA:241,35,0,0
BRDA:241,35,1,0
BRDA:302,36,0,0
BRDA:302,36,1,0
BRDA:302,37,0,0
BRDA:302,37,1,0
BRDA:306,38,0,0
BRDA:306,38,1,0
BRDA:310,39,0,0
BRDA:310,39,1,0
BRDA:313,40,0,0
BRDA:313,40,1,0
BRDA:328,41,0,0
BRDA:331,42,0,0
BRDA:331,42,1,0
BRDA:357,43,0,0
BRDA:357,43,1,0
BRDA:357,44,0,0
BRDA:357,44,1,0
BRDA:361,45,0,0
BRDA:361,45,1,0
BRDA:364,46,0,0
BRDA:364,46,1,0
BRDA:370,47,0,0
BRDA:370,47,1,0
BRDA:387,48,0,0
BRDA:387,48,1,0
BRDA:407,49,0,0
BRDA:407,49,1,0
BRDA:415,50,0,0
BRDA:415,50,1,0
BRDA:424,51,0,0
BRDA:424,51,1,0
BRDA:424,52,0,0
BRDA:424,52,1,0
BRDA:448,53,0,0
BRDA:468,54,0,0
BRDA:468,54,1,0
BRDA:470,55,0,0
BRDA:470,55,1,0
BRDA:470,56,0,0
BRDA:470,56,1,0
BRF:113
BRH:0
end_of_record
TN:
SF:src/utils/sslPinning.ts
FN:81,initSSLPinning
FN:117,isSSLPinningAvailable
FN:134,getSSLPinConfig
FNF:3
FNH:0
FNDA:0,initSSLPinning
FNDA:0,isSSLPinningAvailable
FNDA:0,getSSLPinConfig
DA:50,0
DA:83,0
DA:84,0
DA:85,0
DA:88,0
DA:90,0
DA:94,0
DA:96,0
DA:97,0
DA:100,0
DA:101,0
DA:105,0
DA:118,0
DA:119,0
DA:122,0
DA:123,0
DA:124,0
DA:126,0
DA:135,0
LF:19
LH:0
BRDA:83,0,0,0
BRDA:83,0,1,0
BRDA:100,1,0,0
BRDA:100,1,1,0
BRDA:118,2,0,0
BRDA:118,2,1,0
BRF:6
BRH:0
end_of_record
TN:
SF:src/utils/storageQuota.ts
FN:96,getByteSize
FN:105,categorizeKey
FN:125,(anonymous_2)
FN:186,(anonymous_3)
FN:194,(anonymous_4)
FN:197,(anonymous_5)
FN:241,(anonymous_6)
FN:244,(anonymous_7)
FN:278,(anonymous_8)
FN:309,(anonymous_9)
FN:334,(anonymous_10)
FN:426,(anonymous_11)
FN:453,(anonymous_12)
FN:462,(anonymous_13)
FNF:14
FNH:0
FNDA:0,getByteSize
FNDA:0,categorizeKey
FNDA:0,(anonymous_2)
FNDA:0,(anonymous_3)
FNDA:0,(anonymous_4)
FNDA:0,(anonymous_5)
FNDA:0,(anonymous_6)
FNDA:0,(anonymous_7)
FNDA:0,(anonymous_8)
FNDA:0,(anonymous_9)
FNDA:0,(anonymous_10)
FNDA:0,(anonymous_11)
FNDA:0,(anonymous_12)
FNDA:0,(anonymous_13)
DA:26,0
DA:40,0
DA:99,0
DA:106,0
DA:107,0
DA:109,0
DA:110,0
DA:112,0
DA:113,0
DA:115,0
DA:121,0
DA:126,0
DA:127,0
DA:128,0
DA:130,0
DA:137,0
DA:139,0
DA:140,0
DA:142,0
DA:143,0
DA:144,0
DA:145,0
DA:147,0
DA:148,0
DA:149,0
DA:152,0
DA:154,0
DA:164,0
DA:166,0
DA:187,0
DA:188,0
DA:195,0
DA:196,0
DA:197,0
DA:199,0
DA:200,0
DA:203,0
DA:204,0
DA:205,0
DA:207,0
DA:208,0
DA:210,0
DA:211,0
DA:212,0
DA:213,0
DA:214,0
DA:218,0
DA:219,0
DA:223,0
DA:224,0
DA:225,0
DA:231,0
DA:233,0
DA:234,0
DA:242,0
DA:243,0
DA:244,0
DA:246,0
DA:247,0
DA:250,0
DA:253,0
DA:255,0
DA:256,0
DA:258,0
DA:259,0
DA:260,0
DA:268,0
DA:278,0
DA:281,0
DA:282,0
DA:284,0
DA:285,0
DA:286,0
DA:287,0
DA:290,0
DA:291,0
DA:292,0
DA:299,0
DA:301,0
DA:302,0
DA:310,0
DA:311,0
DA:313,0
DA:314,0
DA:318,0
DA:319,0
DA:321,0
DA:323,0
DA:325,0
DA:326,0
DA:335,0
DA:336,0
DA:337,0
DA:339,0
DA:340,0
DA:348,0
DA:349,0
DA:350,0
DA:352,0
DA:359,0
DA:360,0
DA:361,0
DA:362,0
DA:363,0
DA:367,0
DA:368,0
DA:369,0
DA:378,0
DA:379,0
DA:380,0
DA:381,0
DA:382,0
DA:383,0
DA:387,0
DA:388,0
DA:389,0
DA:398,0
DA:399,0
DA:400,0
DA:401,0
DA:402,0
DA:405,0
DA:407,0
DA:414,0
DA:427,0
DA:430,0
DA:431,0
DA:435,0
DA:437,0
DA:444,0
DA:447,0
DA:454,0
DA:455,0
DA:456,0
DA:463,0
DA:464,0
DA:466,0
LF:137
LH:0
BRDA:28,0,0,0
BRDA:28,0,1,0
BRDA:106,1,0,0
BRDA:106,1,1,0
BRDA:109,2,0,0
BRDA:109,2,1,0
BRDA:112,3,0,0
BRDA:112,3,1,0
BRDA:140,4,0,0
BRDA:140,4,1,0
BRDA:199,5,0,0
BRDA:199,5,1,0
BRDA:208,6,0,0
BRDA:208,6,1,0
BRDA:212,7,0,0
BRDA:212,7,1,0
BRDA:212,8,0,0
BRDA:212,8,1,0
BRDA:223,9,0,0
BRDA:223,9,1,0
BRDA:246,10,0,0
BRDA:246,10,1,0
BRDA:256,11,0,0
BRDA:256,11,1,0
BRDA:263,12,0,0
BRDA:263,12,1,0
BRDA:285,13,0,0
BRDA:285,13,1,0
BRDA:290,14,0,0
BRDA:290,14,1,0
BRDA:313,15,0,0
BRDA:313,15,1,0
BRDA:334,16,0,0
BRDA:339,17,0,0
BRDA:339,17,1,0
BRDA:362,18,0,0
BRDA:362,18,1,0
BRDA:367,19,0,0
BRDA:367,19,1,0
BRDA:382,20,0,0
BRDA:382,20,1,0
BRDA:387,21,0,0
BRDA:387,21,1,0
BRDA:401,22,0,0
BRDA:401,22,1,0
BRDA:430,23,0,0
BRDA:430,23,1,0
BRDA:454,24,0,0
BRDA:454,24,1,0
BRDA:455,25,0,0
BRDA:455,25,1,0
BRDA:468,26,0,0
BRDA:468,26,1,0
BRDA:468,27,0,0
BRDA:468,27,1,0
BRF:55
BRH:0
end_of_record
TN:
SF:src/utils/timezone.ts
FN:18,parseAsPhilippinesTime
FN:37,formatPhilippinesTime
FN:48,formatBookingTime
FN:67,formatDateRange
FN:92,getTimezoneNotice
FN:107,formatDateForPicker
FN:114,formatTimeForPicker
FN:121,parseTimeString
FN:132,isWithinBusinessHours
FN:163,getNextBusinessDay
FN:197,toPhilippinesTime
FN:204,fromPhilippinesTime
FN:211,nowInPhilippines
FN:218,formatRelativeTime
FN:243,calculateDurationHours
FN:263,addHoursToTime
FNF:16
FNH:9
FNDA:0,parseAsPhilippinesTime
FNDA:3,formatPhilippinesTime
FNDA:3,formatBookingTime
FNDA:4,formatDateRange
FNDA:4,getTimezoneNotice
FNDA:2,formatDateForPicker
FNDA:7,formatTimeForPicker
FNDA:16,parseTimeString
FNDA:0,isWithinBusinessHours
FNDA:0,getNextBusinessDay
FNDA:0,toPhilippinesTime
FNDA:0,fromPhilippinesTime
FNDA:0,nowInPhilippines
FNDA:0,formatRelativeTime
FNDA:4,calculateDurationHours
FNDA:4,addHoursToTime
DA:10,2
DA:11,2
DA:12,2
DA:19,0
DA:20,0
DA:24,0
DA:25,0
DA:30,0
DA:31,0
DA:41,3
DA:42,3
DA:53,3
DA:54,3
DA:55,3
DA:57,3
DA:71,4
DA:72,4
DA:74,4
DA:75,2
DA:78,2
DA:79,2
DA:82,2
DA:83,1
DA:86,1
DA:95,4
DA:101,4
DA:108,2
DA:115,7
DA:122,16
DA:123,16
DA:124,16
DA:125,16
DA:146,0
DA:148,0
DA:149,0
DA:150,0
DA:153,0
DA:154,0
DA:157,0
DA:170,0
DA:172,0
DA:173,0
DA:174,0
DA:177,0
DA:178,0
DA:182,0
DA:183,0
DA:187,0
DA:188,0
DA:191,0
DA:198,0
DA:205,0
DA:212,0
DA:219,0
DA:220,0
DA:221,0
DA:222,0
DA:223,0
DA:224,0
DA:226,0
DA:227,0
DA:228,0
DA:230,0
DA:231,0
DA:233,0
DA:234,0
DA:237,0
DA:247,4
DA:248,4
DA:250,4
DA:253,4
DA:254,1
DA:257,4
DA:267,4
DA:268,4
DA:269,4
DA:270,4
LF:77
LH:36
BRDA:19,0,0,0
BRDA:19,0,1,0
BRDA:24,1,0,0
BRDA:24,1,1,0
BRDA:24,2,0,0
BRDA:24,2,1,0
BRDA:24,2,2,0
BRDA:39,3,0,2
BRDA:41,4,0,1
BRDA:41,4,1,2
BRDA:53,5,0,3
BRDA:53,5,1,0
BRDA:74,6,0,2
BRDA:74,6,1,2
BRDA:74,7,0,4
BRDA:74,7,1,3
BRDA:82,8,0,1
BRDA:82,8,1,1
BRDA:93,9,0,1
BRDA:123,10,0,1
BRDA:123,10,1,15
BRDA:142,11,0,0
BRDA:143,12,0,0
BRDA:144,13,0,0
BRDA:145,14,0,0
BRDA:146,15,0,0
BRDA:146,15,1,0
BRDA:153,16,0,0
BRDA:153,16,1,0
BRDA:153,17,0,0
BRDA:153,17,1,0
BRDA:154,18,0,0
BRDA:154,18,1,0
BRDA:154,19,0,0
BRDA:154,19,1,0
BRDA:157,20,0,0
BRDA:157,20,1,0
BRDA:164,21,0,0
BRDA:170,22,0,0
BRDA:170,23,0,0
BRDA:170,24,0,0
BRDA:170,24,1,0
BRDA:177,25,0,0
BRDA:177,25,1,0
BRDA:184,26,0,0
BRDA:184,26,1,0
BRDA:184,26,2,0
BRDA:184,26,3,0
BRDA:219,27,0,0
BRDA:219,27,1,0
BRDA:226,28,0,0
BRDA:226,28,1,0
BRDA:227,29,0,0
BRDA:227,29,1,0
BRDA:228,30,0,0
BRDA:228,30,1,0
BRDA:230,31,0,0
BRDA:230,31,1,0
BRDA:231,32,0,0
BRDA:231,32,1,0
BRDA:233,33,0,0
BRDA:233,33,1,0
BRDA:234,34,0,0
BRDA:234,34,1,0
BRDA:253,35,0,1
BRDA:253,35,1,3
BRF:66
BRH:15
end_of_record
TN:
SF:src/utils/userState.ts
FN:56,hasActiveBookings
FN:81,getDaysSinceJoined
FN:104,isNewUser
FN:124,getLayoutType
FN:151,getUserState
FN:177,getTimeBasedGreeting
FN:191,getGreetingName
FNF:7
FNH:0
FNDA:0,hasActiveBookings
FNDA:0,getDaysSinceJoined
FNDA:0,isNewUser
FNDA:0,getLayoutType
FNDA:0,getUserState
FNDA:0,getTimeBasedGreeting
FNDA:0,getGreetingName
DA:41,0
DA:57,0
DA:59,0
DA:62,0
DA:65,0
DA:66,0
DA:67,0
DA:68,0
DA:69,0
DA:72,0
DA:82,0
DA:84,0
DA:85,0
DA:86,0
DA:87,0
DA:89,0
DA:109,0
DA:112,0
DA:125,0
DA:155,0
DA:156,0
DA:157,0
DA:158,0
DA:160,0
DA:178,0
DA:180,0
DA:181,0
DA:182,0
DA:192,0
LF:29
LH:0
BRDA:57,0,0,0
BRDA:57,0,1,0
BRDA:62,1,0,0
BRDA:62,1,1,0
BRDA:65,2,0,0
BRDA:65,2,1,0
BRDA:66,3,0,0
BRDA:66,3,1,0
BRDA:67,4,0,0
BRDA:67,4,1,0
BRDA:68,5,0,0
BRDA:68,5,1,0
BRDA:69,6,0,0
BRDA:69,6,1,0
BRDA:82,7,0,0
BRDA:82,7,1,0
BRDA:107,8,0,0
BRDA:112,9,0,0
BRDA:112,9,1,0
BRDA:125,10,0,0
BRDA:125,10,1,0
BRDA:157,11,0,0
BRDA:157,11,1,0
BRDA:158,12,0,0
BRDA:158,12,1,0
BRDA:180,13,0,0
BRDA:180,13,1,0
BRDA:181,14,0,0
BRDA:181,14,1,0
BRDA:192,15,0,0
BRDA:192,15,1,0
BRF:31
BRH:0
end_of_record
TN:
SF:src/utils/validation/index.ts
FNF:0
FNH:0
LF:0
LH:0
BRF:0
BRH:0
end_of_record
TN:
SF:src/utils/validation/schemas.ts
FN:33,validateResponse
FN:43,(anonymous_1)
FN:71,validateResponseStrict
FNF:3
FNH:0
FNDA:0,validateResponse
FNDA:0,(anonymous_1)
FNDA:0,validateResponseStrict
DA:38,0
DA:40,0
DA:41,0
DA:43,0
DA:52,0
DA:53,0
DA:61,0
DA:64,0
DA:76,0
DA:77,0
DA:79,0
DA:83,0
DA:91,0
DA:104,0
DA:110,0
DA:115,0
DA:123,0
DA:129,0
DA:147,0
DA:149,0
DA:160,0
DA:174,0
DA:176,0
DA:193,0
DA:206,0
DA:212,0
DA:230,0
DA:236,0
DA:240,0
LF:29
LH:0
BRDA:40,0,0,0
BRDA:40,0,1,0
BRDA:52,1,0,0
BRDA:52,1,1,0
BRDA:54,2,0,0
BRDA:54,2,1,0
BRF:6
BRH:0
end_of_record
